[0.011s] Invoking command in '/home/pan/ros2_ws/build/rosbot_hardware_interfaces': CMAKE_PREFIX_PATH=/home/pan/ros2_ws/install/imu_sensor_broadcaster:/home/pan/ros2_ws/install/rosbot:/home/pan/ros2_ws/install/rosbot_hardware_interfaces:/home/pan/ros2_ws/install/rosbot_description:/home/pan/ros2_ws/install/ros_components_description:/home/pan/ros2_ws/install/micro_ros_agent:/home/pan/ros2_ws/install/micro_ros_msgs:/home/pan/ros2_ws/install/mecanum_drive_controller:/home/pan/ros2_ws/install/husarion_gz_worlds:/home/pan/ros2_ws/install/articubot_one:/home/pan/ros2_ws/install/rosbot_utils:/home/pan/ros2_ws/install/rosbot_gazebo:/home/pan/ros2_ws/install/rosbot_bringup:/home/pan/ros2_ws/install/rosbot_controller:/opt/ros/humble LD_LIBRARY_PATH=/home/pan/ros2_ws/install/imu_sensor_broadcaster/lib:/home/pan/ros2_ws/install/rosbot_hardware_interfaces/lib:/home/pan/ros2_ws/install/micro_ros_agent/lib:/home/pan/ros2_ws/install/micro_ros_msgs/lib:/home/pan/ros2_ws/install/mecanum_drive_controller/lib:/opt/ros/humble/opt/rviz_ogre_vendor/lib:/opt/ros/humble/lib/x86_64-linux-gnu:/opt/ros/humble/lib /usr/bin/cmake /home/pan/ros2_ws/src/rosbot_hardware_interfaces -DCMAKE_INSTALL_PREFIX=/home/pan/ros2_ws/install/rosbot_hardware_interfaces
[0.023s] -- Found ament_cmake: 1.3.11 (/opt/ros/humble/share/ament_cmake/cmake)
[0.146s] -- Override CMake install command with custom implementation using symlinks instead of copying resources
[0.152s] -- Found controller_interface: 2.48.0 (/opt/ros/humble/share/controller_interface/cmake)
[0.177s] -- Found rosidl_generator_c: 3.1.6 (/opt/ros/humble/share/rosidl_generator_c/cmake)
[0.180s] -- Found rosidl_adapter: 3.1.6 (/opt/ros/humble/share/rosidl_adapter/cmake)
[0.185s] -- Found rosidl_generator_cpp: 3.1.6 (/opt/ros/humble/share/rosidl_generator_cpp/cmake)
[0.197s] -- Using all available rosidl_typesupport_c: rosidl_typesupport_fastrtps_c;rosidl_typesupport_introspection_c
[0.210s] -- Using all available rosidl_typesupport_cpp: rosidl_typesupport_fastrtps_cpp;rosidl_typesupport_introspection_cpp
[0.367s] -- Found rmw_implementation_cmake: 6.1.2 (/opt/ros/humble/share/rmw_implementation_cmake/cmake)
[0.369s] -- Found rmw_fastrtps_cpp: 6.2.7 (/opt/ros/humble/share/rmw_fastrtps_cpp/cmake)
[0.385s] -- Found TinyXML2 via Config file: TinyXML2_DIR-NOTFOUND
[0.395s] -- Found TinyXML2 via Config file: TinyXML2_DIR-NOTFOUND
[0.412s] -- Found TinyXML2 via Config file: TinyXML2_DIR-NOTFOUND
[0.421s] -- Found TinyXML2 via Config file: TinyXML2_DIR-NOTFOUND
[0.434s] -- Using RMW implementation 'rmw_fastrtps_cpp' as default
[0.477s] -- Found realtime_tools: 2.11.0 (/opt/ros/humble/share/realtime_tools/cmake)
[0.572s] -- Configuring done
[0.601s] -- Generating done
[0.606s] -- Build files have been written to: /home/pan/ros2_ws/build/rosbot_hardware_interfaces
[0.616s] Invoked command in '/home/pan/ros2_ws/build/rosbot_hardware_interfaces' returned '0': CMAKE_PREFIX_PATH=/home/pan/ros2_ws/install/imu_sensor_broadcaster:/home/pan/ros2_ws/install/rosbot:/home/pan/ros2_ws/install/rosbot_hardware_interfaces:/home/pan/ros2_ws/install/rosbot_description:/home/pan/ros2_ws/install/ros_components_description:/home/pan/ros2_ws/install/micro_ros_agent:/home/pan/ros2_ws/install/micro_ros_msgs:/home/pan/ros2_ws/install/mecanum_drive_controller:/home/pan/ros2_ws/install/husarion_gz_worlds:/home/pan/ros2_ws/install/articubot_one:/home/pan/ros2_ws/install/rosbot_utils:/home/pan/ros2_ws/install/rosbot_gazebo:/home/pan/ros2_ws/install/rosbot_bringup:/home/pan/ros2_ws/install/rosbot_controller:/opt/ros/humble LD_LIBRARY_PATH=/home/pan/ros2_ws/install/imu_sensor_broadcaster/lib:/home/pan/ros2_ws/install/rosbot_hardware_interfaces/lib:/home/pan/ros2_ws/install/micro_ros_agent/lib:/home/pan/ros2_ws/install/micro_ros_msgs/lib:/home/pan/ros2_ws/install/mecanum_drive_controller/lib:/opt/ros/humble/opt/rviz_ogre_vendor/lib:/opt/ros/humble/lib/x86_64-linux-gnu:/opt/ros/humble/lib /usr/bin/cmake /home/pan/ros2_ws/src/rosbot_hardware_interfaces -DCMAKE_INSTALL_PREFIX=/home/pan/ros2_ws/install/rosbot_hardware_interfaces
[0.618s] Invoking command in '/home/pan/ros2_ws/build/rosbot_hardware_interfaces': CMAKE_PREFIX_PATH=/home/pan/ros2_ws/install/imu_sensor_broadcaster:/home/pan/ros2_ws/install/rosbot:/home/pan/ros2_ws/install/rosbot_hardware_interfaces:/home/pan/ros2_ws/install/rosbot_description:/home/pan/ros2_ws/install/ros_components_description:/home/pan/ros2_ws/install/micro_ros_agent:/home/pan/ros2_ws/install/micro_ros_msgs:/home/pan/ros2_ws/install/mecanum_drive_controller:/home/pan/ros2_ws/install/husarion_gz_worlds:/home/pan/ros2_ws/install/articubot_one:/home/pan/ros2_ws/install/rosbot_utils:/home/pan/ros2_ws/install/rosbot_gazebo:/home/pan/ros2_ws/install/rosbot_bringup:/home/pan/ros2_ws/install/rosbot_controller:/opt/ros/humble LD_LIBRARY_PATH=/home/pan/ros2_ws/install/imu_sensor_broadcaster/lib:/home/pan/ros2_ws/install/rosbot_hardware_interfaces/lib:/home/pan/ros2_ws/install/micro_ros_agent/lib:/home/pan/ros2_ws/install/micro_ros_msgs/lib:/home/pan/ros2_ws/install/mecanum_drive_controller/lib:/opt/ros/humble/opt/rviz_ogre_vendor/lib:/opt/ros/humble/lib/x86_64-linux-gnu:/opt/ros/humble/lib /usr/bin/cmake --build /home/pan/ros2_ws/build/rosbot_hardware_interfaces -- -j12 -l12
[0.669s] [35m[1mConsolidate compiler generated dependencies of target rosbot_hardware_interfaces[0m
[0.691s] [100%] Built target rosbot_hardware_interfaces
[0.706s] Invoked command in '/home/pan/ros2_ws/build/rosbot_hardware_interfaces' returned '0': CMAKE_PREFIX_PATH=/home/pan/ros2_ws/install/imu_sensor_broadcaster:/home/pan/ros2_ws/install/rosbot:/home/pan/ros2_ws/install/rosbot_hardware_interfaces:/home/pan/ros2_ws/install/rosbot_description:/home/pan/ros2_ws/install/ros_components_description:/home/pan/ros2_ws/install/micro_ros_agent:/home/pan/ros2_ws/install/micro_ros_msgs:/home/pan/ros2_ws/install/mecanum_drive_controller:/home/pan/ros2_ws/install/husarion_gz_worlds:/home/pan/ros2_ws/install/articubot_one:/home/pan/ros2_ws/install/rosbot_utils:/home/pan/ros2_ws/install/rosbot_gazebo:/home/pan/ros2_ws/install/rosbot_bringup:/home/pan/ros2_ws/install/rosbot_controller:/opt/ros/humble LD_LIBRARY_PATH=/home/pan/ros2_ws/install/imu_sensor_broadcaster/lib:/home/pan/ros2_ws/install/rosbot_hardware_interfaces/lib:/home/pan/ros2_ws/install/micro_ros_agent/lib:/home/pan/ros2_ws/install/micro_ros_msgs/lib:/home/pan/ros2_ws/install/mecanum_drive_controller/lib:/opt/ros/humble/opt/rviz_ogre_vendor/lib:/opt/ros/humble/lib/x86_64-linux-gnu:/opt/ros/humble/lib /usr/bin/cmake --build /home/pan/ros2_ws/build/rosbot_hardware_interfaces -- -j12 -l12
[0.707s] Invoking command in '/home/pan/ros2_ws/build/rosbot_hardware_interfaces': CMAKE_PREFIX_PATH=/home/pan/ros2_ws/install/imu_sensor_broadcaster:/home/pan/ros2_ws/install/rosbot:/home/pan/ros2_ws/install/rosbot_hardware_interfaces:/home/pan/ros2_ws/install/rosbot_description:/home/pan/ros2_ws/install/ros_components_description:/home/pan/ros2_ws/install/micro_ros_agent:/home/pan/ros2_ws/install/micro_ros_msgs:/home/pan/ros2_ws/install/mecanum_drive_controller:/home/pan/ros2_ws/install/husarion_gz_worlds:/home/pan/ros2_ws/install/articubot_one:/home/pan/ros2_ws/install/rosbot_utils:/home/pan/ros2_ws/install/rosbot_gazebo:/home/pan/ros2_ws/install/rosbot_bringup:/home/pan/ros2_ws/install/rosbot_controller:/opt/ros/humble LD_LIBRARY_PATH=/home/pan/ros2_ws/install/imu_sensor_broadcaster/lib:/home/pan/ros2_ws/install/rosbot_hardware_interfaces/lib:/home/pan/ros2_ws/install/micro_ros_agent/lib:/home/pan/ros2_ws/install/micro_ros_msgs/lib:/home/pan/ros2_ws/install/mecanum_drive_controller/lib:/opt/ros/humble/opt/rviz_ogre_vendor/lib:/opt/ros/humble/lib/x86_64-linux-gnu:/opt/ros/humble/lib /usr/bin/cmake --install /home/pan/ros2_ws/build/rosbot_hardware_interfaces
[0.716s] -- Install configuration: "Release"
[0.716s] -- Execute custom install script
[0.716s] -- Up-to-date symlink: /home/pan/ros2_ws/install/rosbot_hardware_interfaces/share/rosbot_hardware_interfaces//rosbot_hardware_interfaces.xml
[0.716s] -- Up-to-date symlink: /home/pan/ros2_ws/install/rosbot_hardware_interfaces/include/rosbot_hardware_interfaces/rosbot_imu_sensor.hpp
[0.717s] -- Up-to-date symlink: /home/pan/ros2_ws/install/rosbot_hardware_interfaces/include/rosbot_hardware_interfaces/rosbot_system.hpp
[0.717s] -- Up-to-date symlink: /home/pan/ros2_ws/install/rosbot_hardware_interfaces/include/rosbot_hardware_interfaces/visibility_control.hpp
[0.717s] -- Up-to-date symlink: /home/pan/ros2_ws/install/rosbot_hardware_interfaces/share/rosbot_hardware_interfaces/launch/example_diff_drive.launch.py
[0.717s] -- Up-to-date symlink: /home/pan/ros2_ws/install/rosbot_hardware_interfaces/share/rosbot_hardware_interfaces/config/example_diff_drive_controller.yaml
[0.717s] -- Up-to-date symlink: /home/pan/ros2_ws/install/rosbot_hardware_interfaces/share/rosbot_hardware_interfaces/urdf/ros2_control.urdf.xacro
[0.717s] -- Up-to-date symlink: /home/pan/ros2_ws/install/rosbot_hardware_interfaces/lib/librosbot_hardware_interfaces.so
[0.718s] -- Up-to-date symlink: /home/pan/ros2_ws/install/rosbot_hardware_interfaces/share/rosbot_hardware_interfaces/environment/library_path.sh
[0.718s] -- Up-to-date symlink: /home/pan/ros2_ws/install/rosbot_hardware_interfaces/share/rosbot_hardware_interfaces/environment/library_path.dsv
[0.718s] -- Up-to-date symlink: /home/pan/ros2_ws/install/rosbot_hardware_interfaces/share/ament_index/resource_index/package_run_dependencies/rosbot_hardware_interfaces
[0.718s] -- Up-to-date symlink: /home/pan/ros2_ws/install/rosbot_hardware_interfaces/share/ament_index/resource_index/parent_prefix_path/rosbot_hardware_interfaces
[0.718s] -- Up-to-date symlink: /home/pan/ros2_ws/install/rosbot_hardware_interfaces/share/rosbot_hardware_interfaces/environment/ament_prefix_path.sh
[0.718s] -- Up-to-date symlink: /home/pan/ros2_ws/install/rosbot_hardware_interfaces/share/rosbot_hardware_interfaces/environment/ament_prefix_path.dsv
[0.718s] -- Up-to-date symlink: /home/pan/ros2_ws/install/rosbot_hardware_interfaces/share/rosbot_hardware_interfaces/environment/path.sh
[0.719s] -- Up-to-date symlink: /home/pan/ros2_ws/install/rosbot_hardware_interfaces/share/rosbot_hardware_interfaces/environment/path.dsv
[0.719s] -- Up-to-date symlink: /home/pan/ros2_ws/install/rosbot_hardware_interfaces/share/rosbot_hardware_interfaces/local_setup.bash
[0.719s] -- Up-to-date symlink: /home/pan/ros2_ws/install/rosbot_hardware_interfaces/share/rosbot_hardware_interfaces/local_setup.sh
[0.719s] -- Up-to-date symlink: /home/pan/ros2_ws/install/rosbot_hardware_interfaces/share/rosbot_hardware_interfaces/local_setup.zsh
[0.719s] -- Up-to-date symlink: /home/pan/ros2_ws/install/rosbot_hardware_interfaces/share/rosbot_hardware_interfaces/local_setup.dsv
[0.719s] -- Symlinking: /home/pan/ros2_ws/install/rosbot_hardware_interfaces/share/rosbot_hardware_interfaces/package.dsv
[0.730s] -- Up-to-date symlink: /home/pan/ros2_ws/install/rosbot_hardware_interfaces/share/ament_index/resource_index/packages/rosbot_hardware_interfaces
[0.730s] -- Up-to-date symlink: /home/pan/ros2_ws/install/rosbot_hardware_interfaces/share/ament_index/resource_index/hardware_interface__pluginlib__plugin/rosbot_hardware_interfaces
[0.730s] -- Up-to-date symlink: /home/pan/ros2_ws/install/rosbot_hardware_interfaces/share/rosbot_hardware_interfaces/cmake/ament_cmake_export_include_directories-extras.cmake
[0.730s] -- Up-to-date symlink: /home/pan/ros2_ws/install/rosbot_hardware_interfaces/share/rosbot_hardware_interfaces/cmake/ament_cmake_export_libraries-extras.cmake
[0.730s] -- Up-to-date symlink: /home/pan/ros2_ws/install/rosbot_hardware_interfaces/share/rosbot_hardware_interfaces/cmake/ament_cmake_export_dependencies-extras.cmake
[0.731s] -- Up-to-date symlink: /home/pan/ros2_ws/install/rosbot_hardware_interfaces/share/rosbot_hardware_interfaces/cmake/rosbot_hardware_interfacesConfig.cmake
[0.731s] -- Up-to-date symlink: /home/pan/ros2_ws/install/rosbot_hardware_interfaces/share/rosbot_hardware_interfaces/cmake/rosbot_hardware_interfacesConfig-version.cmake
[0.731s] -- Up-to-date symlink: /home/pan/ros2_ws/install/rosbot_hardware_interfaces/share/rosbot_hardware_interfaces/package.xml
[0.734s] Invoked command in '/home/pan/ros2_ws/build/rosbot_hardware_interfaces' returned '0': CMAKE_PREFIX_PATH=/home/pan/ros2_ws/install/imu_sensor_broadcaster:/home/pan/ros2_ws/install/rosbot:/home/pan/ros2_ws/install/rosbot_hardware_interfaces:/home/pan/ros2_ws/install/rosbot_description:/home/pan/ros2_ws/install/ros_components_description:/home/pan/ros2_ws/install/micro_ros_agent:/home/pan/ros2_ws/install/micro_ros_msgs:/home/pan/ros2_ws/install/mecanum_drive_controller:/home/pan/ros2_ws/install/husarion_gz_worlds:/home/pan/ros2_ws/install/articubot_one:/home/pan/ros2_ws/install/rosbot_utils:/home/pan/ros2_ws/install/rosbot_gazebo:/home/pan/ros2_ws/install/rosbot_bringup:/home/pan/ros2_ws/install/rosbot_controller:/opt/ros/humble LD_LIBRARY_PATH=/home/pan/ros2_ws/install/imu_sensor_broadcaster/lib:/home/pan/ros2_ws/install/rosbot_hardware_interfaces/lib:/home/pan/ros2_ws/install/micro_ros_agent/lib:/home/pan/ros2_ws/install/micro_ros_msgs/lib:/home/pan/ros2_ws/install/mecanum_drive_controller/lib:/opt/ros/humble/opt/rviz_ogre_vendor/lib:/opt/ros/humble/lib/x86_64-linux-gnu:/opt/ros/humble/lib /usr/bin/cmake --install /home/pan/ros2_ws/build/rosbot_hardware_interfaces
