[0.040s] Invoking command in '/home/pan/ros2_ws/build/micro_ros_msgs': CMAKE_PREFIX_PATH=/opt/ros/humble /usr/bin/cmake --build /home/pan/ros2_ws/build/micro_ros_msgs -- -j12 -l12
[0.376s] [  6%] Built target micro_ros_msgs__cpp
[0.376s] [ 12%] Built target micro_ros_msgs__rosidl_generator_c
[0.376s] [ 12%] Built target ament_cmake_python_symlink_micro_ros_msgs
[0.376s] [ 44%] Built target micro_ros_msgs__rosidl_typesupport_introspection_cpp
[0.376s] [ 44%] Built target micro_ros_msgs__rosidl_typesupport_fastrtps_cpp
[0.376s] [ 44%] Built target micro_ros_msgs__rosidl_typesupport_cpp
[0.376s] [ 65%] Built target micro_ros_msgs__rosidl_typesupport_c
[0.377s] [ 65%] Built target micro_ros_msgs__rosidl_typesupport_introspection_c
[0.377s] [ 76%] Built target micro_ros_msgs__rosidl_typesupport_fastrtps_c
[0.377s] [ 76%] Built target micro_ros_msgs
[0.377s] [ 78%] Built target micro_ros_msgs__py
[0.377s] [ 87%] Built target micro_ros_msgs__rosidl_generator_py
[0.377s] [ 95%] Built target micro_ros_msgs__rosidl_typesupport_c__pyext
[0.378s] [ 95%] Built target micro_ros_msgs__rosidl_typesupport_fastrtps_c__pyext
[0.378s] [100%] Built target micro_ros_msgs__rosidl_typesupport_introspection_c__pyext
[0.394s] running egg_info
[0.395s] writing micro_ros_msgs.egg-info/PKG-INFO
[0.395s] writing dependency_links to micro_ros_msgs.egg-info/dependency_links.txt
[0.395s] writing top-level names to micro_ros_msgs.egg-info/top_level.txt
[0.396s] reading manifest file 'micro_ros_msgs.egg-info/SOURCES.txt'
[0.398s] writing manifest file 'micro_ros_msgs.egg-info/SOURCES.txt'
[0.451s] [100%] Built target ament_cmake_python_build_micro_ros_msgs_egg
