[0.054s] Invoking command in '/home/pan/ros2_ws/build/turtlebot3_gazebo': CMAKE_PREFIX_PATH=${CMAKE_PREFIX_PATH}:/opt/ros/humble /usr/bin/cmake /home/pan/ros2_ws/src/turtlebot3_simulations/turtlebot3_gazebo -DCMAKE_INSTALL_PREFIX=/home/pan/ros2_ws/install/turtlebot3_gazebo
[0.070s] -- Found ament_cmake: 1.3.11 (/opt/ros/humble/share/ament_cmake/cmake)
[0.288s] -- Override CMake install command with custom implementation using symlinks instead of copying resources
[0.306s] [33mCMake Warning (dev) at /usr/share/cmake-3.22/Modules/FindPackageHandleStandardArgs.cmake:438 (message):
[0.306s]   The package name passed to `find_package_handle_standard_args` (PkgConfig)
[0.306s]   does not match the name of the calling package (gazebo).  This can lead to
[0.306s]   problems in calling code that expects `find_package` result variables
[0.306s]   (e.g., `_FOUND`) to follow a certain pattern.
[0.306s] Call Stack (most recent call first):
[0.307s]   /usr/share/cmake-3.22/Modules/FindPkgConfig.cmake:99 (find_package_handle_standard_args)
[0.307s]   /usr/lib/x86_64-linux-gnu/cmake/gazebo/gazebo-config.cmake:72 (include)
[0.307s]   CMakeLists.txt:23 (find_package)
[0.307s] This warning is for project developers.  Use -Wno-dev to suppress it.
[0.307s] [0m
[0.359s] -- Found DART: /usr/include (Required is at least version "6.6") found components: dart 
[0.419s] -- Found Protobuf: /usr/lib/x86_64-linux-gnu/libprotobuf.so (found version "3.12.4") 
[0.422s] -- Looking for ignition-math6 -- found version 6.15.1
[0.435s] -- Searching for dependencies of ignition-math6
[0.438s] -- Looking for OGRE...
[0.445s] -- Found Ogre Ghadamon (1.9.0)
[0.446s] -- Found OGRE: optimized;/usr/lib/x86_64-linux-gnu/libOgreMain.so;debug;/usr/lib/x86_64-linux-gnu/libOgreMain.so
[0.455s] -- Looking for OGRE_Paging...
[0.456s] -- Found OGRE_Paging: optimized;/usr/lib/x86_64-linux-gnu/libOgrePaging.so;debug;/usr/lib/x86_64-linux-gnu/libOgrePaging.so
[0.456s] -- Looking for OGRE_Terrain...
[0.456s] -- Found OGRE_Terrain: optimized;/usr/lib/x86_64-linux-gnu/libOgreTerrain.so;debug;/usr/lib/x86_64-linux-gnu/libOgreTerrain.so
[0.456s] -- Looking for OGRE_Property...
[0.456s] -- Found OGRE_Property: optimized;/usr/lib/x86_64-linux-gnu/libOgreProperty.so;debug;/usr/lib/x86_64-linux-gnu/libOgreProperty.so
[0.456s] -- Looking for OGRE_RTShaderSystem...
[0.456s] -- Found OGRE_RTShaderSystem: optimized;/usr/lib/x86_64-linux-gnu/libOgreRTShaderSystem.so;debug;/usr/lib/x86_64-linux-gnu/libOgreRTShaderSystem.so
[0.456s] -- Looking for OGRE_Volume...
[0.456s] -- Found OGRE_Volume: optimized;/usr/lib/x86_64-linux-gnu/libOgreVolume.so;debug;/usr/lib/x86_64-linux-gnu/libOgreVolume.so
[0.456s] -- Looking for OGRE_Overlay...
[0.456s] -- Found OGRE_Overlay: optimized;/usr/lib/x86_64-linux-gnu/libOgreOverlay.so;debug;/usr/lib/x86_64-linux-gnu/libOgreOverlay.so
[0.688s] -- Looking for ignition-math6 -- found version 6.15.1
[0.690s] -- Looking for ignition-transport8 -- found version 8.2.1
[0.690s] -- Searching for dependencies of ignition-transport8
[0.714s] -- Found Protobuf: /usr/lib/x86_64-linux-gnu/libprotobuf.so (found suitable version "3.12.4", minimum required is "3") 
[0.730s] -- Config-file not installed for ZeroMQ -- checking for pkg-config
[0.737s] -- Checking for module 'libzmq >= 4'
[0.757s] --   Found libzmq , version 4.3.4
[0.814s] -- Checking for module 'uuid'
[0.833s] --   Found uuid, version 2.37.2
[0.881s] -- Looking for ignition-msgs5 -- found version 5.8.1
[0.881s] -- Searching for dependencies of ignition-msgs5
[0.905s] -- Looking for ignition-math6 -- found version 6.15.1
[0.912s] -- Checking for module 'tinyxml2'
[0.930s] --   Found tinyxml2, version 9.0.0
[0.980s] -- Looking for ignition-msgs5 -- found version 5.8.1
[0.980s] -- Looking for ignition-common3 -- found version 3.14.0
[0.981s] -- Searching for dependencies of ignition-common3
[0.982s] -- Looking for dlfcn.h - found
[0.982s] -- Looking for libdl - found
[1.001s] -- Searching for <ignition-common3> component [graphics]
[1.002s] -- Looking for ignition-common3-graphics -- found version 3.14.0
[1.002s] -- Searching for dependencies of ignition-common3-graphics
[1.003s] -- Looking for ignition-math6 -- found version 6.15.1
[1.006s] -- Looking for ignition-fuel_tools4 -- found version 4.4.0
[1.006s] -- Searching for dependencies of ignition-fuel_tools4
[1.059s] -- Checking for module 'jsoncpp'
[1.073s] --   Found jsoncpp, version 1.9.5
[1.128s] -- Checking for module 'libzip'
[1.148s] --   Found libzip, version 1.7.3
[1.194s] -- Looking for ignition-common3 -- found version 3.14.0
[1.194s] -- Looking for ignition-math6 -- found version 6.15.1
[1.194s] -- Looking for ignition-msgs5 -- found version 5.8.1
[1.197s] -- Found gazebo_ros_pkgs: 3.9.0 (/opt/ros/humble/share/gazebo_ros_pkgs/cmake)
[1.198s] -- Found geometry_msgs: 4.2.4 (/opt/ros/humble/share/geometry_msgs/cmake)
[1.215s] -- Found rosidl_generator_c: 3.1.6 (/opt/ros/humble/share/rosidl_generator_c/cmake)
[1.218s] -- Found rosidl_adapter: 3.1.6 (/opt/ros/humble/share/rosidl_adapter/cmake)
[1.223s] -- Found rosidl_generator_cpp: 3.1.6 (/opt/ros/humble/share/rosidl_generator_cpp/cmake)
[1.233s] -- Using all available rosidl_typesupport_c: rosidl_typesupport_fastrtps_c;rosidl_typesupport_introspection_c
[1.245s] -- Using all available rosidl_typesupport_cpp: rosidl_typesupport_fastrtps_cpp;rosidl_typesupport_introspection_cpp
[1.279s] -- Found nav_msgs: 4.2.4 (/opt/ros/humble/share/nav_msgs/cmake)
[1.294s] -- Found rclcpp: 16.0.11 (/opt/ros/humble/share/rclcpp/cmake)
[1.319s] -- Found rmw_implementation_cmake: 6.1.2 (/opt/ros/humble/share/rmw_implementation_cmake/cmake)
[1.319s] -- Found rmw_fastrtps_cpp: 6.2.7 (/opt/ros/humble/share/rmw_fastrtps_cpp/cmake)
[1.446s] -- Using RMW implementation 'rmw_fastrtps_cpp' as default
[1.480s] -- Found sensor_msgs: 4.2.4 (/opt/ros/humble/share/sensor_msgs/cmake)
[1.496s] -- Found tf2: 0.25.12 (/opt/ros/humble/share/tf2/cmake)
[1.580s] -- Configuring done
[1.665s] -- Generating done
[1.674s] -- Build files have been written to: /home/pan/ros2_ws/build/turtlebot3_gazebo
[1.688s] Invoked command in '/home/pan/ros2_ws/build/turtlebot3_gazebo' returned '0': CMAKE_PREFIX_PATH=${CMAKE_PREFIX_PATH}:/opt/ros/humble /usr/bin/cmake /home/pan/ros2_ws/src/turtlebot3_simulations/turtlebot3_gazebo -DCMAKE_INSTALL_PREFIX=/home/pan/ros2_ws/install/turtlebot3_gazebo
[1.690s] Invoking command in '/home/pan/ros2_ws/build/turtlebot3_gazebo': CMAKE_PREFIX_PATH=${CMAKE_PREFIX_PATH}:/opt/ros/humble /usr/bin/cmake --build /home/pan/ros2_ws/build/turtlebot3_gazebo -- -j12 -l12
[1.736s] [35m[1mConsolidate compiler generated dependencies of target turtlebot3_drive[0m
[1.738s] [35m[1mConsolidate compiler generated dependencies of target traffic_bar_plugin[0m
[1.738s] [35m[1mConsolidate compiler generated dependencies of target obstacles[0m
[1.739s] [35m[1mConsolidate compiler generated dependencies of target obstacle1[0m
[1.739s] [35m[1mConsolidate compiler generated dependencies of target obstacle2[0m
[1.739s] [35m[1mConsolidate compiler generated dependencies of target traffic_light_plugin[0m
[1.760s] [ 16%] Built target turtlebot3_drive
[1.845s] [ 83%] Built target traffic_light_plugin
[1.845s] [ 83%] Built target traffic_bar_plugin
[1.845s] [ 83%] Built target obstacle1
[1.845s] [ 83%] Built target obstacle2
[1.846s] [100%] Built target obstacles
[1.866s] Invoked command in '/home/pan/ros2_ws/build/turtlebot3_gazebo' returned '0': CMAKE_PREFIX_PATH=${CMAKE_PREFIX_PATH}:/opt/ros/humble /usr/bin/cmake --build /home/pan/ros2_ws/build/turtlebot3_gazebo -- -j12 -l12
[1.867s] Invoking command in '/home/pan/ros2_ws/build/turtlebot3_gazebo': CMAKE_PREFIX_PATH=${CMAKE_PREFIX_PATH}:/opt/ros/humble /usr/bin/cmake --install /home/pan/ros2_ws/build/turtlebot3_gazebo
[1.874s] -- Install configuration: ""
[1.875s] -- Execute custom install script
[1.875s] -- Up-to-date symlink: /home/pan/ros2_ws/install/turtlebot3_gazebo/lib/turtlebot3_gazebo/turtlebot3_drive
[1.876s] -- Up-to-date symlink: /home/pan/ros2_ws/install/turtlebot3_gazebo/share/turtlebot3_gazebo//launch/empty_world.launch.py
[1.877s] -- Up-to-date symlink: /home/pan/ros2_ws/install/turtlebot3_gazebo/share/turtlebot3_gazebo//launch/multi_robot.launch.py
[1.877s] -- Up-to-date symlink: /home/pan/ros2_ws/install/turtlebot3_gazebo/share/turtlebot3_gazebo//launch/multi_spawn_turtlebot3.launch.py
[1.877s] -- Up-to-date symlink: /home/pan/ros2_ws/install/turtlebot3_gazebo/share/turtlebot3_gazebo//launch/robot_state_publisher.launch.py
[1.877s] -- Up-to-date symlink: /home/pan/ros2_ws/install/turtlebot3_gazebo/share/turtlebot3_gazebo//launch/spawn_turtlebot3.launch.py
[1.878s] -- Up-to-date symlink: /home/pan/ros2_ws/install/turtlebot3_gazebo/share/turtlebot3_gazebo//launch/turtlebot3_autorace_2020.launch.py
[1.878s] -- Up-to-date symlink: /home/pan/ros2_ws/install/turtlebot3_gazebo/share/turtlebot3_gazebo//launch/turtlebot3_dqn_stage1.launch.py
[1.878s] -- Up-to-date symlink: /home/pan/ros2_ws/install/turtlebot3_gazebo/share/turtlebot3_gazebo//launch/turtlebot3_dqn_stage2.launch.py
[1.878s] -- Up-to-date symlink: /home/pan/ros2_ws/install/turtlebot3_gazebo/share/turtlebot3_gazebo//launch/turtlebot3_dqn_stage3.launch.py
[1.878s] -- Up-to-date symlink: /home/pan/ros2_ws/install/turtlebot3_gazebo/share/turtlebot3_gazebo//launch/turtlebot3_dqn_stage4.launch.py
[1.879s] -- Up-to-date symlink: /home/pan/ros2_ws/install/turtlebot3_gazebo/share/turtlebot3_gazebo//launch/turtlebot3_house.launch.py
[1.879s] -- Up-to-date symlink: /home/pan/ros2_ws/install/turtlebot3_gazebo/share/turtlebot3_gazebo//launch/turtlebot3_world.launch.py
[1.892s] -- Up-to-date symlink: /home/pan/ros2_ws/install/turtlebot3_gazebo/share/turtlebot3_gazebo//models/turtlebot3_autorace_2020/checker/materials/checker.png
[1.892s] -- Up-to-date symlink: /home/pan/ros2_ws/install/turtlebot3_gazebo/share/turtlebot3_gazebo//models/turtlebot3_autorace_2020/checker/materials/scripts/checker.material
[1.892s] -- Up-to-date symlink: /home/pan/ros2_ws/install/turtlebot3_gazebo/share/turtlebot3_gazebo//models/turtlebot3_autorace_2020/checker/materials/textures/checker.png
[1.892s] -- Up-to-date symlink: /home/pan/ros2_ws/install/turtlebot3_gazebo/share/turtlebot3_gazebo//models/turtlebot3_autorace_2020/checker/model.config
[1.892s] -- Up-to-date symlink: /home/pan/ros2_ws/install/turtlebot3_gazebo/share/turtlebot3_gazebo//models/turtlebot3_autorace_2020/checker/model.sdf
[1.893s] -- Up-to-date symlink: /home/pan/ros2_ws/install/turtlebot3_gazebo/share/turtlebot3_gazebo//models/turtlebot3_autorace_2020/course/materials/scripts/course.material
[1.893s] -- Up-to-date symlink: /home/pan/ros2_ws/install/turtlebot3_gazebo/share/turtlebot3_gazebo//models/turtlebot3_autorace_2020/course/materials/textures/course.png
[1.893s] -- Up-to-date symlink: /home/pan/ros2_ws/install/turtlebot3_gazebo/share/turtlebot3_gazebo//models/turtlebot3_autorace_2020/course/model.config
[1.893s] -- Up-to-date symlink: /home/pan/ros2_ws/install/turtlebot3_gazebo/share/turtlebot3_gazebo//models/turtlebot3_autorace_2020/course/model.sdf
[1.893s] -- Up-to-date symlink: /home/pan/ros2_ws/install/turtlebot3_gazebo/share/turtlebot3_gazebo//models/turtlebot3_autorace_2020/traffic_bar/materials/scripts/traffic_bar.material
[1.894s] -- Up-to-date symlink: /home/pan/ros2_ws/install/turtlebot3_gazebo/share/turtlebot3_gazebo//models/turtlebot3_autorace_2020/traffic_bar/materials/textures/traffic_bar.png
[1.894s] -- Up-to-date symlink: /home/pan/ros2_ws/install/turtlebot3_gazebo/share/turtlebot3_gazebo//models/turtlebot3_autorace_2020/traffic_bar/model.config
[1.894s] -- Up-to-date symlink: /home/pan/ros2_ws/install/turtlebot3_gazebo/share/turtlebot3_gazebo//models/turtlebot3_autorace_2020/traffic_bar/model.sdf
[1.895s] -- Up-to-date symlink: /home/pan/ros2_ws/install/turtlebot3_gazebo/share/turtlebot3_gazebo//models/turtlebot3_autorace_2020/traffic_construction/materials/scripts/traffic_construction.material
[1.895s] -- Up-to-date symlink: /home/pan/ros2_ws/install/turtlebot3_gazebo/share/turtlebot3_gazebo//models/turtlebot3_autorace_2020/traffic_construction/materials/textures/traffic_construction.png
[1.895s] -- Up-to-date symlink: /home/pan/ros2_ws/install/turtlebot3_gazebo/share/turtlebot3_gazebo//models/turtlebot3_autorace_2020/traffic_construction/model.config
[1.895s] -- Up-to-date symlink: /home/pan/ros2_ws/install/turtlebot3_gazebo/share/turtlebot3_gazebo//models/turtlebot3_autorace_2020/traffic_construction/model.sdf
[1.895s] -- Up-to-date symlink: /home/pan/ros2_ws/install/turtlebot3_gazebo/share/turtlebot3_gazebo//models/turtlebot3_autorace_2020/traffic_intersection/materials/scripts/traffic_intersection.material
[1.896s] -- Up-to-date symlink: /home/pan/ros2_ws/install/turtlebot3_gazebo/share/turtlebot3_gazebo//models/turtlebot3_autorace_2020/traffic_intersection/materials/textures/traffic_intersection.png
[1.896s] -- Up-to-date symlink: /home/pan/ros2_ws/install/turtlebot3_gazebo/share/turtlebot3_gazebo//models/turtlebot3_autorace_2020/traffic_intersection/model.config
[1.896s] -- Up-to-date symlink: /home/pan/ros2_ws/install/turtlebot3_gazebo/share/turtlebot3_gazebo//models/turtlebot3_autorace_2020/traffic_intersection/model.sdf
[1.896s] -- Up-to-date symlink: /home/pan/ros2_ws/install/turtlebot3_gazebo/share/turtlebot3_gazebo//models/turtlebot3_autorace_2020/traffic_left/materials/scripts/traffic_is_left.material
[1.897s] -- Up-to-date symlink: /home/pan/ros2_ws/install/turtlebot3_gazebo/share/turtlebot3_gazebo//models/turtlebot3_autorace_2020/traffic_left/materials/textures/traffic_left.png
[1.897s] -- Up-to-date symlink: /home/pan/ros2_ws/install/turtlebot3_gazebo/share/turtlebot3_gazebo//models/turtlebot3_autorace_2020/traffic_left/model.config
[1.897s] -- Up-to-date symlink: /home/pan/ros2_ws/install/turtlebot3_gazebo/share/turtlebot3_gazebo//models/turtlebot3_autorace_2020/traffic_left/model.sdf
[1.897s] -- Up-to-date symlink: /home/pan/ros2_ws/install/turtlebot3_gazebo/share/turtlebot3_gazebo//models/turtlebot3_autorace_2020/traffic_light/materials/scripts/traffic_light.material
[1.898s] -- Up-to-date symlink: /home/pan/ros2_ws/install/turtlebot3_gazebo/share/turtlebot3_gazebo//models/turtlebot3_autorace_2020/traffic_light/materials/textures/traffic_light.png
[1.898s] -- Up-to-date symlink: /home/pan/ros2_ws/install/turtlebot3_gazebo/share/turtlebot3_gazebo//models/turtlebot3_autorace_2020/traffic_light/materials/textures/traffic_light_green.png
[1.898s] -- Up-to-date symlink: /home/pan/ros2_ws/install/turtlebot3_gazebo/share/turtlebot3_gazebo//models/turtlebot3_autorace_2020/traffic_light/materials/textures/traffic_light_red.png
[1.898s] -- Up-to-date symlink: /home/pan/ros2_ws/install/turtlebot3_gazebo/share/turtlebot3_gazebo//models/turtlebot3_autorace_2020/traffic_light/materials/textures/traffic_light_yellow.png
[1.898s] -- Up-to-date symlink: /home/pan/ros2_ws/install/turtlebot3_gazebo/share/turtlebot3_gazebo//models/turtlebot3_autorace_2020/traffic_light/model.config
[1.899s] -- Up-to-date symlink: /home/pan/ros2_ws/install/turtlebot3_gazebo/share/turtlebot3_gazebo//models/turtlebot3_autorace_2020/traffic_light/model.sdf
[1.899s] -- Up-to-date symlink: /home/pan/ros2_ws/install/turtlebot3_gazebo/share/turtlebot3_gazebo//models/turtlebot3_autorace_2020/traffic_noentry/materials/scripts/traffic_noentry.material
[1.899s] -- Up-to-date symlink: /home/pan/ros2_ws/install/turtlebot3_gazebo/share/turtlebot3_gazebo//models/turtlebot3_autorace_2020/traffic_noentry/materials/textures/traffic_noentry.png
[1.899s] -- Up-to-date symlink: /home/pan/ros2_ws/install/turtlebot3_gazebo/share/turtlebot3_gazebo//models/turtlebot3_autorace_2020/traffic_noentry/model.config
[1.900s] -- Up-to-date symlink: /home/pan/ros2_ws/install/turtlebot3_gazebo/share/turtlebot3_gazebo//models/turtlebot3_autorace_2020/traffic_noentry/model.sdf
[1.900s] -- Up-to-date symlink: /home/pan/ros2_ws/install/turtlebot3_gazebo/share/turtlebot3_gazebo//models/turtlebot3_autorace_2020/traffic_parking/materials/scripts/traffic_parking.material
[1.900s] -- Up-to-date symlink: /home/pan/ros2_ws/install/turtlebot3_gazebo/share/turtlebot3_gazebo//models/turtlebot3_autorace_2020/traffic_parking/materials/textures/traffic_parking.png
[1.900s] -- Up-to-date symlink: /home/pan/ros2_ws/install/turtlebot3_gazebo/share/turtlebot3_gazebo//models/turtlebot3_autorace_2020/traffic_parking/model.config
[1.901s] -- Up-to-date symlink: /home/pan/ros2_ws/install/turtlebot3_gazebo/share/turtlebot3_gazebo//models/turtlebot3_autorace_2020/traffic_parking/model.sdf
[1.902s] -- Up-to-date symlink: /home/pan/ros2_ws/install/turtlebot3_gazebo/share/turtlebot3_gazebo//models/turtlebot3_autorace_2020/traffic_pl_left/materials/scripts/traffic_pl_left.material
[1.902s] -- Up-to-date symlink: /home/pan/ros2_ws/install/turtlebot3_gazebo/share/turtlebot3_gazebo//models/turtlebot3_autorace_2020/traffic_pl_left/materials/textures/traffic_pl_left.png
[1.902s] -- Up-to-date symlink: /home/pan/ros2_ws/install/turtlebot3_gazebo/share/turtlebot3_gazebo//models/turtlebot3_autorace_2020/traffic_pl_left/model.config
[1.902s] -- Up-to-date symlink: /home/pan/ros2_ws/install/turtlebot3_gazebo/share/turtlebot3_gazebo//models/turtlebot3_autorace_2020/traffic_pl_left/model.sdf
[1.902s] -- Up-to-date symlink: /home/pan/ros2_ws/install/turtlebot3_gazebo/share/turtlebot3_gazebo//models/turtlebot3_autorace_2020/traffic_right/materials/scripts/traffic_right.material
[1.903s] -- Up-to-date symlink: /home/pan/ros2_ws/install/turtlebot3_gazebo/share/turtlebot3_gazebo//models/turtlebot3_autorace_2020/traffic_right/materials/textures/traffic_right.png
[1.903s] -- Up-to-date symlink: /home/pan/ros2_ws/install/turtlebot3_gazebo/share/turtlebot3_gazebo//models/turtlebot3_autorace_2020/traffic_right/model.config
[1.904s] -- Up-to-date symlink: /home/pan/ros2_ws/install/turtlebot3_gazebo/share/turtlebot3_gazebo//models/turtlebot3_autorace_2020/traffic_right/model.sdf
[1.904s] -- Up-to-date symlink: /home/pan/ros2_ws/install/turtlebot3_gazebo/share/turtlebot3_gazebo//models/turtlebot3_autorace_2020/traffic_stop/materials/scripts/traffic_stop.material
[1.905s] -- Up-to-date symlink: /home/pan/ros2_ws/install/turtlebot3_gazebo/share/turtlebot3_gazebo//models/turtlebot3_autorace_2020/traffic_stop/materials/textures/traffic_stop.png
[1.906s] -- Up-to-date symlink: /home/pan/ros2_ws/install/turtlebot3_gazebo/share/turtlebot3_gazebo//models/turtlebot3_autorace_2020/traffic_stop/model.config
[1.906s] -- Up-to-date symlink: /home/pan/ros2_ws/install/turtlebot3_gazebo/share/turtlebot3_gazebo//models/turtlebot3_autorace_2020/traffic_stop/model.sdf
[1.906s] -- Up-to-date symlink: /home/pan/ros2_ws/install/turtlebot3_gazebo/share/turtlebot3_gazebo//models/turtlebot3_autorace_2020/traffic_tunnel/materials/scripts/tunnel.material
[1.907s] -- Up-to-date symlink: /home/pan/ros2_ws/install/turtlebot3_gazebo/share/turtlebot3_gazebo//models/turtlebot3_autorace_2020/traffic_tunnel/materials/textures/tunnel.png
[1.907s] -- Up-to-date symlink: /home/pan/ros2_ws/install/turtlebot3_gazebo/share/turtlebot3_gazebo//models/turtlebot3_autorace_2020/traffic_tunnel/model.config
[1.907s] -- Up-to-date symlink: /home/pan/ros2_ws/install/turtlebot3_gazebo/share/turtlebot3_gazebo//models/turtlebot3_autorace_2020/traffic_tunnel/model.sdf
[1.907s] -- Up-to-date symlink: /home/pan/ros2_ws/install/turtlebot3_gazebo/share/turtlebot3_gazebo//models/turtlebot3_burger/model-1_4.sdf
[1.907s] -- Up-to-date symlink: /home/pan/ros2_ws/install/turtlebot3_gazebo/share/turtlebot3_gazebo//models/turtlebot3_burger/model.config
[1.908s] -- Up-to-date symlink: /home/pan/ros2_ws/install/turtlebot3_gazebo/share/turtlebot3_gazebo//models/turtlebot3_burger/model.sdf
[1.908s] -- Up-to-date symlink: /home/pan/ros2_ws/install/turtlebot3_gazebo/share/turtlebot3_gazebo//models/turtlebot3_burger_cam/model-1_4.sdf
[1.908s] -- Up-to-date symlink: /home/pan/ros2_ws/install/turtlebot3_gazebo/share/turtlebot3_gazebo//models/turtlebot3_burger_cam/model.config
[1.909s] -- Up-to-date symlink: /home/pan/ros2_ws/install/turtlebot3_gazebo/share/turtlebot3_gazebo//models/turtlebot3_burger_cam/model.sdf
[1.909s] -- Up-to-date symlink: /home/pan/ros2_ws/install/turtlebot3_gazebo/share/turtlebot3_gazebo//models/turtlebot3_common/meshes/bases/burger_base.stl
[1.910s] -- Up-to-date symlink: /home/pan/ros2_ws/install/turtlebot3_gazebo/share/turtlebot3_gazebo//models/turtlebot3_common/meshes/bases/waffle_base.stl
[1.910s] -- Up-to-date symlink: /home/pan/ros2_ws/install/turtlebot3_gazebo/share/turtlebot3_gazebo//models/turtlebot3_common/meshes/bases/waffle_pi_base.stl
[1.910s] -- Up-to-date symlink: /home/pan/ros2_ws/install/turtlebot3_gazebo/share/turtlebot3_gazebo//models/turtlebot3_common/meshes/burger_base.dae
[1.910s] -- Up-to-date symlink: /home/pan/ros2_ws/install/turtlebot3_gazebo/share/turtlebot3_gazebo//models/turtlebot3_common/meshes/lds.dae
[1.910s] -- Up-to-date symlink: /home/pan/ros2_ws/install/turtlebot3_gazebo/share/turtlebot3_gazebo//models/turtlebot3_common/meshes/r200.dae
[1.911s] -- Up-to-date symlink: /home/pan/ros2_ws/install/turtlebot3_gazebo/share/turtlebot3_gazebo//models/turtlebot3_common/meshes/sensors/astra.dae
[1.911s] -- Up-to-date symlink: /home/pan/ros2_ws/install/turtlebot3_gazebo/share/turtlebot3_gazebo//models/turtlebot3_common/meshes/sensors/astra.jpg
[1.911s] -- Up-to-date symlink: /home/pan/ros2_ws/install/turtlebot3_gazebo/share/turtlebot3_gazebo//models/turtlebot3_common/meshes/sensors/lds.stl
[1.911s] -- Up-to-date symlink: /home/pan/ros2_ws/install/turtlebot3_gazebo/share/turtlebot3_gazebo//models/turtlebot3_common/meshes/sensors/r200.dae
[1.912s] -- Up-to-date symlink: /home/pan/ros2_ws/install/turtlebot3_gazebo/share/turtlebot3_gazebo//models/turtlebot3_common/meshes/sensors/r200.jpg
[1.912s] -- Up-to-date symlink: /home/pan/ros2_ws/install/turtlebot3_gazebo/share/turtlebot3_gazebo//models/turtlebot3_common/meshes/tire.dae
[1.912s] -- Up-to-date symlink: /home/pan/ros2_ws/install/turtlebot3_gazebo/share/turtlebot3_gazebo//models/turtlebot3_common/meshes/waffle_base.dae
[1.913s] -- Up-to-date symlink: /home/pan/ros2_ws/install/turtlebot3_gazebo/share/turtlebot3_gazebo//models/turtlebot3_common/meshes/waffle_pi_base.dae
[1.913s] -- Up-to-date symlink: /home/pan/ros2_ws/install/turtlebot3_gazebo/share/turtlebot3_gazebo//models/turtlebot3_common/meshes/wheels/left_tire.stl
[1.913s] -- Up-to-date symlink: /home/pan/ros2_ws/install/turtlebot3_gazebo/share/turtlebot3_gazebo//models/turtlebot3_common/meshes/wheels/right_tire.stl
[1.913s] -- Up-to-date symlink: /home/pan/ros2_ws/install/turtlebot3_gazebo/share/turtlebot3_gazebo//models/turtlebot3_common/model.config
[1.914s] -- Up-to-date symlink: /home/pan/ros2_ws/install/turtlebot3_gazebo/share/turtlebot3_gazebo//models/turtlebot3_dqn_world/goal_box/model.config
[1.914s] -- Up-to-date symlink: /home/pan/ros2_ws/install/turtlebot3_gazebo/share/turtlebot3_gazebo//models/turtlebot3_dqn_world/goal_box/model.sdf
[1.914s] -- Up-to-date symlink: /home/pan/ros2_ws/install/turtlebot3_gazebo/share/turtlebot3_gazebo//models/turtlebot3_dqn_world/inner_walls/model.config
[1.914s] -- Up-to-date symlink: /home/pan/ros2_ws/install/turtlebot3_gazebo/share/turtlebot3_gazebo//models/turtlebot3_dqn_world/inner_walls/model.sdf
[1.914s] -- Up-to-date symlink: /home/pan/ros2_ws/install/turtlebot3_gazebo/share/turtlebot3_gazebo//models/turtlebot3_dqn_world/model.config
[1.914s] -- Up-to-date symlink: /home/pan/ros2_ws/install/turtlebot3_gazebo/share/turtlebot3_gazebo//models/turtlebot3_dqn_world/model.sdf
[1.915s] -- Up-to-date symlink: /home/pan/ros2_ws/install/turtlebot3_gazebo/share/turtlebot3_gazebo//models/turtlebot3_dqn_world/obstacle1/model.config
[1.915s] -- Up-to-date symlink: /home/pan/ros2_ws/install/turtlebot3_gazebo/share/turtlebot3_gazebo//models/turtlebot3_dqn_world/obstacle1/model.sdf
[1.915s] -- Up-to-date symlink: /home/pan/ros2_ws/install/turtlebot3_gazebo/share/turtlebot3_gazebo//models/turtlebot3_dqn_world/obstacle2/model.config
[1.915s] -- Up-to-date symlink: /home/pan/ros2_ws/install/turtlebot3_gazebo/share/turtlebot3_gazebo//models/turtlebot3_dqn_world/obstacle2/model.sdf
[1.915s] -- Up-to-date symlink: /home/pan/ros2_ws/install/turtlebot3_gazebo/share/turtlebot3_gazebo//models/turtlebot3_dqn_world/obstacles/model.config
[1.915s] -- Up-to-date symlink: /home/pan/ros2_ws/install/turtlebot3_gazebo/share/turtlebot3_gazebo//models/turtlebot3_dqn_world/obstacles/model.sdf
[1.916s] -- Up-to-date symlink: /home/pan/ros2_ws/install/turtlebot3_gazebo/share/turtlebot3_gazebo//models/turtlebot3_house/model.config
[1.916s] -- Up-to-date symlink: /home/pan/ros2_ws/install/turtlebot3_gazebo/share/turtlebot3_gazebo//models/turtlebot3_house/model.sdf
[1.916s] -- Up-to-date symlink: /home/pan/ros2_ws/install/turtlebot3_gazebo/share/turtlebot3_gazebo//models/turtlebot3_waffle/model-1_4.sdf
[1.916s] -- Up-to-date symlink: /home/pan/ros2_ws/install/turtlebot3_gazebo/share/turtlebot3_gazebo//models/turtlebot3_waffle/model.config
[1.916s] -- Up-to-date symlink: /home/pan/ros2_ws/install/turtlebot3_gazebo/share/turtlebot3_gazebo//models/turtlebot3_waffle/model.sdf
[1.916s] -- Up-to-date symlink: /home/pan/ros2_ws/install/turtlebot3_gazebo/share/turtlebot3_gazebo//models/turtlebot3_waffle_pi/model-1_4_.sdf
[1.917s] -- Up-to-date symlink: /home/pan/ros2_ws/install/turtlebot3_gazebo/share/turtlebot3_gazebo//models/turtlebot3_waffle_pi/model.config
[1.917s] -- Up-to-date symlink: /home/pan/ros2_ws/install/turtlebot3_gazebo/share/turtlebot3_gazebo//models/turtlebot3_waffle_pi/model.sdf
[1.917s] -- Up-to-date symlink: /home/pan/ros2_ws/install/turtlebot3_gazebo/share/turtlebot3_gazebo//models/turtlebot3_world/meshes/hexagon.dae
[1.917s] -- Up-to-date symlink: /home/pan/ros2_ws/install/turtlebot3_gazebo/share/turtlebot3_gazebo//models/turtlebot3_world/meshes/wall.dae
[1.917s] -- Up-to-date symlink: /home/pan/ros2_ws/install/turtlebot3_gazebo/share/turtlebot3_gazebo//models/turtlebot3_world/model-1_4.sdf
[1.917s] -- Up-to-date symlink: /home/pan/ros2_ws/install/turtlebot3_gazebo/share/turtlebot3_gazebo//models/turtlebot3_world/model.config
[1.917s] -- Up-to-date symlink: /home/pan/ros2_ws/install/turtlebot3_gazebo/share/turtlebot3_gazebo//models/turtlebot3_world/model.sdf
[1.918s] -- Up-to-date symlink: /home/pan/ros2_ws/install/turtlebot3_gazebo/share/turtlebot3_gazebo//rviz/tb3_gazebo.rviz
[1.919s] -- Up-to-date symlink: /home/pan/ros2_ws/install/turtlebot3_gazebo/share/turtlebot3_gazebo//urdf/common_properties.urdf
[1.919s] -- Up-to-date symlink: /home/pan/ros2_ws/install/turtlebot3_gazebo/share/turtlebot3_gazebo//urdf/turtlebot3_burger.urdf
[1.919s] -- Up-to-date symlink: /home/pan/ros2_ws/install/turtlebot3_gazebo/share/turtlebot3_gazebo//urdf/turtlebot3_burger_cam.urdf
[1.920s] -- Up-to-date symlink: /home/pan/ros2_ws/install/turtlebot3_gazebo/share/turtlebot3_gazebo//urdf/turtlebot3_waffle.urdf
[1.920s] -- Up-to-date symlink: /home/pan/ros2_ws/install/turtlebot3_gazebo/share/turtlebot3_gazebo//urdf/turtlebot3_waffle_pi.urdf
[1.922s] -- Up-to-date symlink: /home/pan/ros2_ws/install/turtlebot3_gazebo/share/turtlebot3_gazebo//worlds/empty_world.world
[1.922s] -- Up-to-date symlink: /home/pan/ros2_ws/install/turtlebot3_gazebo/share/turtlebot3_gazebo//worlds/turtlebot3_autorace_2020.world
[1.922s] -- Up-to-date symlink: /home/pan/ros2_ws/install/turtlebot3_gazebo/share/turtlebot3_gazebo//worlds/turtlebot3_dqn_stage1.world
[1.922s] -- Up-to-date symlink: /home/pan/ros2_ws/install/turtlebot3_gazebo/share/turtlebot3_gazebo//worlds/turtlebot3_dqn_stage2.world
[1.923s] -- Up-to-date symlink: /home/pan/ros2_ws/install/turtlebot3_gazebo/share/turtlebot3_gazebo//worlds/turtlebot3_dqn_stage3.world
[1.924s] -- Up-to-date symlink: /home/pan/ros2_ws/install/turtlebot3_gazebo/share/turtlebot3_gazebo//worlds/turtlebot3_dqn_stage4.world
[1.924s] -- Up-to-date symlink: /home/pan/ros2_ws/install/turtlebot3_gazebo/share/turtlebot3_gazebo//worlds/turtlebot3_house.world
[1.924s] -- Up-to-date symlink: /home/pan/ros2_ws/install/turtlebot3_gazebo/share/turtlebot3_gazebo//worlds/turtlebot3_world.world
[1.925s] -- Up-to-date symlink: /home/pan/ros2_ws/install/turtlebot3_gazebo/include//turtlebot3_gazebo/obstacle1.hpp
[1.925s] -- Up-to-date symlink: /home/pan/ros2_ws/install/turtlebot3_gazebo/include//turtlebot3_gazebo/obstacle2.hpp
[1.925s] -- Up-to-date symlink: /home/pan/ros2_ws/install/turtlebot3_gazebo/include//turtlebot3_gazebo/obstacles.hpp
[1.925s] -- Up-to-date symlink: /home/pan/ros2_ws/install/turtlebot3_gazebo/include//turtlebot3_gazebo/traffic_bar_plugin.hpp
[1.925s] -- Up-to-date symlink: /home/pan/ros2_ws/install/turtlebot3_gazebo/include//turtlebot3_gazebo/traffic_light_plugin.hpp
[1.925s] -- Up-to-date symlink: /home/pan/ros2_ws/install/turtlebot3_gazebo/include//turtlebot3_gazebo/turtlebot3_drive.hpp
[1.925s] -- Up-to-date symlink: /home/pan/ros2_ws/install/turtlebot3_gazebo/share/ament_index/resource_index/package_run_dependencies/turtlebot3_gazebo
[1.926s] -- Up-to-date symlink: /home/pan/ros2_ws/install/turtlebot3_gazebo/share/ament_index/resource_index/parent_prefix_path/turtlebot3_gazebo
[1.926s] -- Up-to-date symlink: /home/pan/ros2_ws/install/turtlebot3_gazebo/share/turtlebot3_gazebo/environment/ament_prefix_path.sh
[1.926s] -- Up-to-date symlink: /home/pan/ros2_ws/install/turtlebot3_gazebo/share/turtlebot3_gazebo/environment/ament_prefix_path.dsv
[1.926s] -- Up-to-date symlink: /home/pan/ros2_ws/install/turtlebot3_gazebo/share/turtlebot3_gazebo/environment/path.sh
[1.926s] -- Up-to-date symlink: /home/pan/ros2_ws/install/turtlebot3_gazebo/share/turtlebot3_gazebo/environment/path.dsv
[1.927s] -- Up-to-date symlink: /home/pan/ros2_ws/install/turtlebot3_gazebo/share/turtlebot3_gazebo/local_setup.bash
[1.927s] -- Up-to-date symlink: /home/pan/ros2_ws/install/turtlebot3_gazebo/share/turtlebot3_gazebo/local_setup.sh
[1.927s] -- Up-to-date symlink: /home/pan/ros2_ws/install/turtlebot3_gazebo/share/turtlebot3_gazebo/local_setup.zsh
[1.927s] -- Up-to-date symlink: /home/pan/ros2_ws/install/turtlebot3_gazebo/share/turtlebot3_gazebo/local_setup.dsv
[1.927s] -- Symlinking: /home/pan/ros2_ws/install/turtlebot3_gazebo/share/turtlebot3_gazebo/package.dsv
[1.938s] -- Up-to-date symlink: /home/pan/ros2_ws/install/turtlebot3_gazebo/share/ament_index/resource_index/packages/turtlebot3_gazebo
[1.938s] -- Up-to-date symlink: /home/pan/ros2_ws/install/turtlebot3_gazebo/share/turtlebot3_gazebo/cmake/ament_cmake_export_include_directories-extras.cmake
[1.938s] -- Up-to-date symlink: /home/pan/ros2_ws/install/turtlebot3_gazebo/share/turtlebot3_gazebo/cmake/ament_cmake_export_dependencies-extras.cmake
[1.938s] -- Up-to-date symlink: /home/pan/ros2_ws/install/turtlebot3_gazebo/share/turtlebot3_gazebo/cmake/turtlebot3_gazeboConfig.cmake
[1.939s] -- Up-to-date symlink: /home/pan/ros2_ws/install/turtlebot3_gazebo/share/turtlebot3_gazebo/cmake/turtlebot3_gazeboConfig-version.cmake
[1.940s] -- Up-to-date symlink: /home/pan/ros2_ws/install/turtlebot3_gazebo/share/turtlebot3_gazebo/package.xml
[1.942s] Invoked command in '/home/pan/ros2_ws/build/turtlebot3_gazebo' returned '0': CMAKE_PREFIX_PATH=${CMAKE_PREFIX_PATH}:/opt/ros/humble /usr/bin/cmake --install /home/pan/ros2_ws/build/turtlebot3_gazebo
