[1.140s] Invoking command in '/home/pan/ros2_ws/build/rosbot_controller': AMENT_PREFIX_PATH=/home/pan/ros2_ws/install/rosbot_hardware_interfaces:/home/pan/ros2_ws/install/rosbot_description:/home/pan/ros2_ws/install/ros_components_description:/home/pan/ros2_ws/install/mecanum_drive_controller:/home/pan/ros2_ws/install/imu_sensor_broadcaster:${AMENT_PREFIX_PATH} CMAKE_PREFIX_PATH=/home/pan/ros2_ws/install/rosbot_hardware_interfaces:/home/pan/ros2_ws/install/rosbot_description:/home/pan/ros2_ws/install/ros_components_description:/home/pan/ros2_ws/install/mecanum_drive_controller:/home/pan/ros2_ws/install/imu_sensor_broadcaster${CMAKE_PREFIX_PATH} GAZEBO_MODEL_PATH=/home/pan/ros2_ws/install/rosbot_description/share:/home/pan/ros2_ws/install/ros_components_description/share GZ_SIM_RESOURCE_PATH=/home/pan/ros2_ws/install/rosbot_description/share:/home/pan/ros2_ws/install/ros_components_description/share IGN_GAZEBO_RESOURCE_PATH=/home/pan/ros2_ws/install/rosbot_description/share:/home/pan/ros2_ws/install/ros_components_description/share LD_LIBRARY_PATH=/home/pan/ros2_ws/install/rosbot_hardware_interfaces/lib:/home/pan/ros2_ws/install/mecanum_drive_controller/lib:/home/pan/ros2_ws/install/imu_sensor_broadcaster/lib:${LD_LIBRARY_PATH} PYTHONPATH=/home/pan/ros2_ws/build/rosbot_controller/prefix_override:/usr/lib/python3/dist-packages/colcon_core/task/python/colcon_distutils_commands:/home/pan/ros2_ws/install/rosbot_controller/lib/python3.10/site-packages:${PYTHONPATH} /usr/bin/python3 -W ignore:setup.py install is deprecated -W ignore:easy_install command is deprecated setup.py develop --editable --build-directory /home/pan/ros2_ws/build/rosbot_controller/build --no-deps symlink_data --force
[1.446s] running develop
[1.615s] running egg_info
[1.615s] writing rosbot_controller.egg-info/PKG-INFO
[1.615s] writing dependency_links to rosbot_controller.egg-info/dependency_links.txt
[1.616s] writing entry points to rosbot_controller.egg-info/entry_points.txt
[1.616s] writing requirements to rosbot_controller.egg-info/requires.txt
[1.616s] writing top-level names to rosbot_controller.egg-info/top_level.txt
[1.617s] reading manifest file 'rosbot_controller.egg-info/SOURCES.txt'
[1.618s] writing manifest file 'rosbot_controller.egg-info/SOURCES.txt'
[1.620s] running build_ext
[1.621s] Creating /home/pan/ros2_ws/install/rosbot_controller/lib/python3.10/site-packages/rosbot-controller.egg-link (link to .)
[1.622s] 
[1.622s] Installed /home/pan/ros2_ws/build/rosbot_controller
[1.623s] running symlink_data
[1.623s] symbolically linking /home/pan/ros2_ws/build/rosbot_controller/resource/rosbot_controller -> /home/pan/ros2_ws/install/rosbot_controller/share/ament_index/resource_index/packages
[1.623s] symbolically linking /home/pan/ros2_ws/build/rosbot_controller/package.xml -> /home/pan/ros2_ws/install/rosbot_controller/share/rosbot_controller
[1.623s] symbolically linking /home/pan/ros2_ws/build/rosbot_controller/launch/controller.launch.py -> /home/pan/ros2_ws/install/rosbot_controller/share/rosbot_controller/launch
[1.623s] symbolically linking /home/pan/ros2_ws/build/rosbot_controller/config/diff_drive_controller.yaml -> /home/pan/ros2_ws/install/rosbot_controller/share/rosbot_controller/config
[1.623s] symbolically linking /home/pan/ros2_ws/build/rosbot_controller/config/mecanum_drive_controller.yaml -> /home/pan/ros2_ws/install/rosbot_controller/share/rosbot_controller/config
[1.716s] Invoked command in '/home/pan/ros2_ws/build/rosbot_controller' returned '0': AMENT_PREFIX_PATH=/home/pan/ros2_ws/install/rosbot_hardware_interfaces:/home/pan/ros2_ws/install/rosbot_description:/home/pan/ros2_ws/install/ros_components_description:/home/pan/ros2_ws/install/mecanum_drive_controller:/home/pan/ros2_ws/install/imu_sensor_broadcaster:${AMENT_PREFIX_PATH} CMAKE_PREFIX_PATH=/home/pan/ros2_ws/install/rosbot_hardware_interfaces:/home/pan/ros2_ws/install/rosbot_description:/home/pan/ros2_ws/install/ros_components_description:/home/pan/ros2_ws/install/mecanum_drive_controller:/home/pan/ros2_ws/install/imu_sensor_broadcaster${CMAKE_PREFIX_PATH} GAZEBO_MODEL_PATH=/home/pan/ros2_ws/install/rosbot_description/share:/home/pan/ros2_ws/install/ros_components_description/share GZ_SIM_RESOURCE_PATH=/home/pan/ros2_ws/install/rosbot_description/share:/home/pan/ros2_ws/install/ros_components_description/share IGN_GAZEBO_RESOURCE_PATH=/home/pan/ros2_ws/install/rosbot_description/share:/home/pan/ros2_ws/install/ros_components_description/share LD_LIBRARY_PATH=/home/pan/ros2_ws/install/rosbot_hardware_interfaces/lib:/home/pan/ros2_ws/install/mecanum_drive_controller/lib:/home/pan/ros2_ws/install/imu_sensor_broadcaster/lib:${LD_LIBRARY_PATH} PYTHONPATH=/home/pan/ros2_ws/build/rosbot_controller/prefix_override:/usr/lib/python3/dist-packages/colcon_core/task/python/colcon_distutils_commands:/home/pan/ros2_ws/install/rosbot_controller/lib/python3.10/site-packages:${PYTHONPATH} /usr/bin/python3 -W ignore:setup.py install is deprecated -W ignore:easy_install command is deprecated setup.py develop --editable --build-directory /home/pan/ros2_ws/build/rosbot_controller/build --no-deps symlink_data --force
