[0.039s] Invoking command in '/home/pan/ros2_ws/build/imu_sensor_broadcaster': CMAKE_PREFIX_PATH=/opt/ros/humble /usr/bin/cmake /home/pan/ros2_ws/src/imu_sensor_broadcaster -DAMENT_CMAKE_SYMLINK_INSTALL=1 -DCMAKE_INSTALL_PREFIX=/home/pan/ros2_ws/install/imu_sensor_broadcaster
[0.086s] -- Found ament_cmake: 1.3.11 (/opt/ros/humble/share/ament_cmake/cmake)
[0.246s] -- Override CMake install command with custom implementation using symlinks instead of copying resources
[0.267s] -- Found controller_interface: 2.48.0 (/opt/ros/humble/share/controller_interface/cmake)
[0.306s] -- Found rosidl_generator_c: 3.1.6 (/opt/ros/humble/share/rosidl_generator_c/cmake)
[0.308s] -- Found rosidl_adapter: 3.1.6 (/opt/ros/humble/share/rosidl_adapter/cmake)
[0.314s] -- Found rosidl_generator_cpp: 3.1.6 (/opt/ros/humble/share/rosidl_generator_cpp/cmake)
[0.331s] -- Using all available rosidl_typesupport_c: rosidl_typesupport_fastrtps_c;rosidl_typesupport_introspection_c
[0.348s] -- Using all available rosidl_typesupport_cpp: rosidl_typesupport_fastrtps_cpp;rosidl_typesupport_introspection_cpp
[0.594s] -- Found rmw_implementation_cmake: 6.1.2 (/opt/ros/humble/share/rmw_implementation_cmake/cmake)
[0.596s] -- Found rmw_fastrtps_cpp: 6.2.7 (/opt/ros/humble/share/rmw_fastrtps_cpp/cmake)
[0.621s] -- Found TinyXML2 via Config file: TinyXML2_DIR-NOTFOUND
[0.634s] -- Found TinyXML2 via Config file: TinyXML2_DIR-NOTFOUND
[0.651s] -- Found TinyXML2 via Config file: TinyXML2_DIR-NOTFOUND
[0.661s] -- Found TinyXML2 via Config file: TinyXML2_DIR-NOTFOUND
[0.674s] -- Using RMW implementation 'rmw_fastrtps_cpp' as default
[0.736s] -- Found generate_parameter_library: 0.4.0 (/opt/ros/humble/share/generate_parameter_library/cmake)
[0.737s] -- Found parameter_traits: 0.4.0 (/opt/ros/humble/share/parameter_traits/cmake)
[0.748s] -- Found realtime_tools: 2.11.0 (/opt/ros/humble/share/realtime_tools/cmake)
[0.775s] -- Found ament_cmake_gmock: 1.3.11 (/opt/ros/humble/share/ament_cmake_gmock/cmake)
[0.776s] -- Found controller_manager: 2.48.0 (/opt/ros/humble/share/controller_manager/cmake)
[0.803s] -- Found ros2_control_test_assets: 2.48.0 (/opt/ros/humble/share/ros2_control_test_assets/cmake)
[0.805s] -- Found gmock sources under '/opt/ros/humble/src/gmock_vendor': C++ tests using 'Google Mock' will be built
[0.809s] -- Found ament_cmake_gtest: 1.3.11 (/opt/ros/humble/share/ament_cmake_gtest/cmake)
[0.809s] -- Found gtest sources under '/opt/ros/humble/src/gtest_vendor': C++ tests using 'Google Test' will be built
[0.833s] -- Found gmock sources under '/opt/ros/humble/src/gmock_vendor': C++ tests using 'Google Mock' will be built
[0.834s] -- Found ament_cmake_gtest: 1.3.11 (/opt/ros/humble/share/ament_cmake_gtest/cmake)
[0.834s] -- Found gtest sources under '/opt/ros/humble/src/gtest_vendor': C++ tests using 'Google Test' will be built
[0.911s] -- Configuring done
[1.055s] -- Generating done
[1.069s] -- Build files have been written to: /home/pan/ros2_ws/build/imu_sensor_broadcaster
[1.086s] Invoked command in '/home/pan/ros2_ws/build/imu_sensor_broadcaster' returned '0': CMAKE_PREFIX_PATH=/opt/ros/humble /usr/bin/cmake /home/pan/ros2_ws/src/imu_sensor_broadcaster -DAMENT_CMAKE_SYMLINK_INSTALL=1 -DCMAKE_INSTALL_PREFIX=/home/pan/ros2_ws/install/imu_sensor_broadcaster
[1.088s] Invoking command in '/home/pan/ros2_ws/build/imu_sensor_broadcaster': CMAKE_PREFIX_PATH=/opt/ros/humble /usr/bin/cmake --build /home/pan/ros2_ws/build/imu_sensor_broadcaster -- -j12 -l12
[1.135s] [35m[1mConsolidate compiler generated dependencies of target gmock[0m
[1.144s] [ 18%] Built target imu_sensor_broadcaster_parameters
[1.155s] [ 45%] Built target gmock
[1.158s] [35m[1mConsolidate compiler generated dependencies of target imu_sensor_broadcaster[0m
[1.180s] [ 63%] Built target imu_sensor_broadcaster
[1.192s] [35m[1mConsolidate compiler generated dependencies of target test_load_imu_sensor_broadcaster[0m
[1.193s] [35m[1mConsolidate compiler generated dependencies of target test_imu_sensor_broadcaster[0m
[1.213s] [ 81%] Built target test_imu_sensor_broadcaster
[1.216s] [100%] Built target test_load_imu_sensor_broadcaster
[1.232s] Invoked command in '/home/pan/ros2_ws/build/imu_sensor_broadcaster' returned '0': CMAKE_PREFIX_PATH=/opt/ros/humble /usr/bin/cmake --build /home/pan/ros2_ws/build/imu_sensor_broadcaster -- -j12 -l12
[1.235s] Invoking command in '/home/pan/ros2_ws/build/imu_sensor_broadcaster': CMAKE_PREFIX_PATH=/opt/ros/humble /usr/bin/cmake --install /home/pan/ros2_ws/build/imu_sensor_broadcaster
[1.243s] -- Install configuration: "Release"
[1.243s] -- Execute custom install script
[1.243s] -- Up-to-date symlink: /home/pan/ros2_ws/install/imu_sensor_broadcaster/include/imu_sensor_broadcaster/imu_sensor_broadcaster_parameters.hpp
[1.244s] -- Up-to-date symlink: /home/pan/ros2_ws/install/imu_sensor_broadcaster/share/imu_sensor_broadcaster//imu_sensor_broadcaster.xml
[1.244s] -- Up-to-date symlink: /home/pan/ros2_ws/install/imu_sensor_broadcaster/include/imu_sensor_broadcaster/imu_sensor_broadcaster/imu_sensor_broadcaster.hpp
[1.244s] -- Up-to-date symlink: /home/pan/ros2_ws/install/imu_sensor_broadcaster/include/imu_sensor_broadcaster/imu_sensor_broadcaster/visibility_control.h
[1.244s] -- Up-to-date symlink: /home/pan/ros2_ws/install/imu_sensor_broadcaster/share/imu_sensor_broadcaster/environment/library_path.sh
[1.244s] -- Up-to-date symlink: /home/pan/ros2_ws/install/imu_sensor_broadcaster/share/imu_sensor_broadcaster/environment/library_path.dsv
[1.245s] -- Up-to-date symlink: /home/pan/ros2_ws/install/imu_sensor_broadcaster/share/ament_index/resource_index/package_run_dependencies/imu_sensor_broadcaster
[1.245s] -- Up-to-date symlink: /home/pan/ros2_ws/install/imu_sensor_broadcaster/share/ament_index/resource_index/parent_prefix_path/imu_sensor_broadcaster
[1.245s] -- Up-to-date symlink: /home/pan/ros2_ws/install/imu_sensor_broadcaster/share/imu_sensor_broadcaster/environment/ament_prefix_path.sh
[1.245s] -- Up-to-date symlink: /home/pan/ros2_ws/install/imu_sensor_broadcaster/share/imu_sensor_broadcaster/environment/ament_prefix_path.dsv
[1.247s] -- Up-to-date symlink: /home/pan/ros2_ws/install/imu_sensor_broadcaster/share/imu_sensor_broadcaster/environment/path.sh
[1.247s] -- Up-to-date symlink: /home/pan/ros2_ws/install/imu_sensor_broadcaster/share/imu_sensor_broadcaster/environment/path.dsv
[1.247s] -- Up-to-date symlink: /home/pan/ros2_ws/install/imu_sensor_broadcaster/share/imu_sensor_broadcaster/local_setup.bash
[1.247s] -- Up-to-date symlink: /home/pan/ros2_ws/install/imu_sensor_broadcaster/share/imu_sensor_broadcaster/local_setup.sh
[1.248s] -- Up-to-date symlink: /home/pan/ros2_ws/install/imu_sensor_broadcaster/share/imu_sensor_broadcaster/local_setup.zsh
[1.248s] -- Up-to-date symlink: /home/pan/ros2_ws/install/imu_sensor_broadcaster/share/imu_sensor_broadcaster/local_setup.dsv
[1.248s] -- Symlinking: /home/pan/ros2_ws/install/imu_sensor_broadcaster/share/imu_sensor_broadcaster/package.dsv
[1.256s] -- Up-to-date symlink: /home/pan/ros2_ws/install/imu_sensor_broadcaster/share/ament_index/resource_index/packages/imu_sensor_broadcaster
[1.256s] -- Up-to-date symlink: /home/pan/ros2_ws/install/imu_sensor_broadcaster/share/ament_index/resource_index/controller_interface__pluginlib__plugin/imu_sensor_broadcaster
[1.257s] -- Up-to-date symlink: /home/pan/ros2_ws/install/imu_sensor_broadcaster/share/imu_sensor_broadcaster/cmake/ament_cmake_export_dependencies-extras.cmake
[1.257s] -- Up-to-date symlink: /home/pan/ros2_ws/install/imu_sensor_broadcaster/share/imu_sensor_broadcaster/cmake/ament_cmake_export_targets-extras.cmake
[1.257s] -- Up-to-date symlink: /home/pan/ros2_ws/install/imu_sensor_broadcaster/share/imu_sensor_broadcaster/cmake/imu_sensor_broadcasterConfig.cmake
[1.257s] -- Up-to-date symlink: /home/pan/ros2_ws/install/imu_sensor_broadcaster/share/imu_sensor_broadcaster/cmake/imu_sensor_broadcasterConfig-version.cmake
[1.257s] -- Up-to-date symlink: /home/pan/ros2_ws/install/imu_sensor_broadcaster/share/imu_sensor_broadcaster/package.xml
[1.258s] -- Up-to-date: /home/pan/ros2_ws/install/imu_sensor_broadcaster/lib/libimu_sensor_broadcaster.so
[1.258s] -- Up-to-date: /home/pan/ros2_ws/install/imu_sensor_broadcaster/share/imu_sensor_broadcaster/cmake/export_imu_sensor_broadcasterExport.cmake
[1.258s] -- Up-to-date: /home/pan/ros2_ws/install/imu_sensor_broadcaster/share/imu_sensor_broadcaster/cmake/export_imu_sensor_broadcasterExport-release.cmake
[1.261s] Invoked command in '/home/pan/ros2_ws/build/imu_sensor_broadcaster' returned '0': CMAKE_PREFIX_PATH=/opt/ros/humble /usr/bin/cmake --install /home/pan/ros2_ws/build/imu_sensor_broadcaster
