[0.040s] Invoking command in '/home/pan/ros2_ws/build/turtlebot3_fake_node': CMAKE_PREFIX_PATH=/opt/ros/humble /usr/bin/cmake /home/pan/ros2_ws/src/turtlebot3_simulations/turtlebot3_fake_node -DAMENT_CMAKE_SYMLINK_INSTALL=1 -DCMAKE_INSTALL_PREFIX=/home/pan/ros2_ws/install/turtlebot3_fake_node
[0.189s] -- The C compiler identification is GNU 11.4.0
[0.346s] -- The CXX compiler identification is GNU 11.4.0
[0.355s] -- Detecting C compiler ABI info
[0.450s] -- Detecting C compiler ABI info - done
[0.457s] -- Check for working C compiler: /usr/bin/cc - skipped
[0.458s] -- Detecting C compile features
[0.459s] -- Detecting C compile features - done
[0.464s] -- Detecting CXX compiler ABI info
[0.578s] -- Detecting CXX compiler ABI info - done
[0.589s] -- Check for working CXX compiler: /usr/bin/c++ - skipped
[0.590s] -- Detecting CXX compile features
[0.590s] -- Detecting CXX compile features - done
[0.593s] -- Found ament_cmake: 1.3.11 (/opt/ros/humble/share/ament_cmake/cmake)
[0.760s] -- Found Python3: /usr/bin/python3 (found version "3.10.12") found components: Interpreter 
[0.835s] -- Override CMake install command with custom implementation using symlinks instead of copying resources
[0.864s] -- Found geometry_msgs: 4.2.4 (/opt/ros/humble/share/geometry_msgs/cmake)
[0.902s] -- Found rosidl_generator_c: 3.1.6 (/opt/ros/humble/share/rosidl_generator_c/cmake)
[0.909s] -- Found rosidl_adapter: 3.1.6 (/opt/ros/humble/share/rosidl_adapter/cmake)
[0.917s] -- Found rosidl_generator_cpp: 3.1.6 (/opt/ros/humble/share/rosidl_generator_cpp/cmake)
[0.930s] -- Using all available rosidl_typesupport_c: rosidl_typesupport_fastrtps_c;rosidl_typesupport_introspection_c
[0.946s] -- Using all available rosidl_typesupport_cpp: rosidl_typesupport_fastrtps_cpp;rosidl_typesupport_introspection_cpp
[0.983s] -- Found nav_msgs: 4.2.4 (/opt/ros/humble/share/nav_msgs/cmake)
[1.004s] -- Found rclcpp: 16.0.11 (/opt/ros/humble/share/rclcpp/cmake)
[1.041s] -- Found rmw_implementation_cmake: 6.1.2 (/opt/ros/humble/share/rmw_implementation_cmake/cmake)
[1.044s] -- Found rmw_fastrtps_cpp: 6.2.7 (/opt/ros/humble/share/rmw_fastrtps_cpp/cmake)
[1.162s] -- Found OpenSSL: /usr/lib/x86_64-linux-gnu/libcrypto.so (found version "3.0.2")  
[1.195s] -- Found FastRTPS: /opt/ros/humble/include  
[1.244s] -- Using RMW implementation 'rmw_fastrtps_cpp' as default
[1.252s] -- Looking for pthread.h
[1.338s] -- Looking for pthread.h - found
[1.338s] -- Performing Test CMAKE_HAVE_LIBC_PTHREAD
[1.417s] -- Performing Test CMAKE_HAVE_LIBC_PTHREAD - Success
[1.419s] -- Found Threads: TRUE  
[1.453s] -- Found sensor_msgs: 4.2.4 (/opt/ros/humble/share/sensor_msgs/cmake)
[1.470s] -- Found tf2: 0.25.12 (/opt/ros/humble/share/tf2/cmake)
[1.482s] -- Found tf2_msgs: 0.25.12 (/opt/ros/humble/share/tf2_msgs/cmake)
[1.530s] [31mCMake Error at CMakeLists.txt:25 (find_package):
[1.531s]   By not providing "Findturtlebot3_msgs.cmake" in CMAKE_MODULE_PATH this
[1.531s]   project has asked CMake to find a package configuration file provided by
[1.531s]   "turtlebot3_msgs", but CMake did not find one.
[1.531s] 
[1.531s]   Could not find a package configuration file provided by "turtlebot3_msgs"
[1.531s]   with any of the following names:
[1.531s] 
[1.532s]     turtlebot3_msgsConfig.cmake
[1.532s]     turtlebot3_msgs-config.cmake
[1.532s] 
[1.532s]   Add the installation prefix of "turtlebot3_msgs" to CMAKE_PREFIX_PATH or
[1.532s]   set "turtlebot3_msgs_DIR" to a directory containing one of the above files.
[1.532s]   If "turtlebot3_msgs" provides a separate development package or SDK, be
[1.532s]   sure it has been installed.
[1.532s] 
[1.532s] [0m
[1.532s] -- Configuring incomplete, errors occurred!
[1.532s] See also "/home/pan/ros2_ws/build/turtlebot3_fake_node/CMakeFiles/CMakeOutput.log".
