[0.013s] Invoking command in '/home/pan/ros2_ws/build/turtlebot3_simulations': CMAKE_PREFIX_PATH=/home/pan/ros2_ws/install/turtlebot3_gazebo:/home/pan/ros2_ws/install/turtlebot3_fake_node:/home/pan/ros2_ws/install/turtlebot3_simulations:/home/pan/ros2_ws/install/rosbot:/home/pan/ros2_ws/install/rosbot_hardware_interfaces:/home/pan/ros2_ws/install/rosbot_description:/home/pan/ros2_ws/install/ros_components_description:/home/pan/ros2_ws/install/micro_ros_agent:/home/pan/ros2_ws/install/micro_ros_msgs:/home/pan/ros2_ws/install/mecanum_drive_controller:/home/pan/ros2_ws/install/imu_sensor_broadcaster:/home/pan/ros2_ws/install/husarion_gz_worlds:/home/pan/ros2_ws/install/articubot_one:/usr/share/gazebo/cmake:/home/pan/ros2_ws/install/rosbot_utils:/home/pan/ros2_ws/install/rosbot_gazebo:/home/pan/ros2_ws/install/rosbot_bringup:/home/pan/ros2_ws/install/rosbot_controller:/opt/ros/humble /usr/bin/cmake --build /home/pan/ros2_ws/build/turtlebot3_simulations -- -j12 -l12
[0.056s] Invoked command in '/home/pan/ros2_ws/build/turtlebot3_simulations' returned '0': CMAKE_PREFIX_PATH=/home/pan/ros2_ws/install/turtlebot3_gazebo:/home/pan/ros2_ws/install/turtlebot3_fake_node:/home/pan/ros2_ws/install/turtlebot3_simulations:/home/pan/ros2_ws/install/rosbot:/home/pan/ros2_ws/install/rosbot_hardware_interfaces:/home/pan/ros2_ws/install/rosbot_description:/home/pan/ros2_ws/install/ros_components_description:/home/pan/ros2_ws/install/micro_ros_agent:/home/pan/ros2_ws/install/micro_ros_msgs:/home/pan/ros2_ws/install/mecanum_drive_controller:/home/pan/ros2_ws/install/imu_sensor_broadcaster:/home/pan/ros2_ws/install/husarion_gz_worlds:/home/pan/ros2_ws/install/articubot_one:/usr/share/gazebo/cmake:/home/pan/ros2_ws/install/rosbot_utils:/home/pan/ros2_ws/install/rosbot_gazebo:/home/pan/ros2_ws/install/rosbot_bringup:/home/pan/ros2_ws/install/rosbot_controller:/opt/ros/humble /usr/bin/cmake --build /home/pan/ros2_ws/build/turtlebot3_simulations -- -j12 -l12
[0.058s] Invoking command in '/home/pan/ros2_ws/build/turtlebot3_simulations': CMAKE_PREFIX_PATH=/home/pan/ros2_ws/install/turtlebot3_gazebo:/home/pan/ros2_ws/install/turtlebot3_fake_node:/home/pan/ros2_ws/install/turtlebot3_simulations:/home/pan/ros2_ws/install/rosbot:/home/pan/ros2_ws/install/rosbot_hardware_interfaces:/home/pan/ros2_ws/install/rosbot_description:/home/pan/ros2_ws/install/ros_components_description:/home/pan/ros2_ws/install/micro_ros_agent:/home/pan/ros2_ws/install/micro_ros_msgs:/home/pan/ros2_ws/install/mecanum_drive_controller:/home/pan/ros2_ws/install/imu_sensor_broadcaster:/home/pan/ros2_ws/install/husarion_gz_worlds:/home/pan/ros2_ws/install/articubot_one:/usr/share/gazebo/cmake:/home/pan/ros2_ws/install/rosbot_utils:/home/pan/ros2_ws/install/rosbot_gazebo:/home/pan/ros2_ws/install/rosbot_bringup:/home/pan/ros2_ws/install/rosbot_controller:/opt/ros/humble /usr/bin/cmake --install /home/pan/ros2_ws/build/turtlebot3_simulations
[0.066s] -- Install configuration: ""
[0.066s] -- Execute custom install script
[0.067s] -- Up-to-date symlink: /home/pan/ros2_ws/install/turtlebot3_simulations/share/ament_index/resource_index/package_run_dependencies/turtlebot3_simulations
[0.067s] -- Up-to-date symlink: /home/pan/ros2_ws/install/turtlebot3_simulations/share/ament_index/resource_index/parent_prefix_path/turtlebot3_simulations
[0.067s] -- Up-to-date symlink: /home/pan/ros2_ws/install/turtlebot3_simulations/share/turtlebot3_simulations/environment/ament_prefix_path.sh
[0.067s] -- Up-to-date symlink: /home/pan/ros2_ws/install/turtlebot3_simulations/share/turtlebot3_simulations/environment/ament_prefix_path.dsv
[0.067s] -- Up-to-date symlink: /home/pan/ros2_ws/install/turtlebot3_simulations/share/turtlebot3_simulations/environment/path.sh
[0.067s] -- Up-to-date symlink: /home/pan/ros2_ws/install/turtlebot3_simulations/share/turtlebot3_simulations/environment/path.dsv
[0.067s] -- Up-to-date symlink: /home/pan/ros2_ws/install/turtlebot3_simulations/share/turtlebot3_simulations/local_setup.bash
[0.068s] -- Up-to-date symlink: /home/pan/ros2_ws/install/turtlebot3_simulations/share/turtlebot3_simulations/local_setup.sh
[0.068s] -- Up-to-date symlink: /home/pan/ros2_ws/install/turtlebot3_simulations/share/turtlebot3_simulations/local_setup.zsh
[0.068s] -- Up-to-date symlink: /home/pan/ros2_ws/install/turtlebot3_simulations/share/turtlebot3_simulations/local_setup.dsv
[0.068s] -- Symlinking: /home/pan/ros2_ws/install/turtlebot3_simulations/share/turtlebot3_simulations/package.dsv
[0.079s] -- Up-to-date symlink: /home/pan/ros2_ws/install/turtlebot3_simulations/share/ament_index/resource_index/packages/turtlebot3_simulations
[0.079s] -- Up-to-date symlink: /home/pan/ros2_ws/install/turtlebot3_simulations/share/turtlebot3_simulations/cmake/turtlebot3_simulationsConfig.cmake
[0.080s] -- Up-to-date symlink: /home/pan/ros2_ws/install/turtlebot3_simulations/share/turtlebot3_simulations/cmake/turtlebot3_simulationsConfig-version.cmake
[0.080s] -- Up-to-date symlink: /home/pan/ros2_ws/install/turtlebot3_simulations/share/turtlebot3_simulations/package.xml
[0.083s] Invoked command in '/home/pan/ros2_ws/build/turtlebot3_simulations' returned '0': CMAKE_PREFIX_PATH=/home/pan/ros2_ws/install/turtlebot3_gazebo:/home/pan/ros2_ws/install/turtlebot3_fake_node:/home/pan/ros2_ws/install/turtlebot3_simulations:/home/pan/ros2_ws/install/rosbot:/home/pan/ros2_ws/install/rosbot_hardware_interfaces:/home/pan/ros2_ws/install/rosbot_description:/home/pan/ros2_ws/install/ros_components_description:/home/pan/ros2_ws/install/micro_ros_agent:/home/pan/ros2_ws/install/micro_ros_msgs:/home/pan/ros2_ws/install/mecanum_drive_controller:/home/pan/ros2_ws/install/imu_sensor_broadcaster:/home/pan/ros2_ws/install/husarion_gz_worlds:/home/pan/ros2_ws/install/articubot_one:/usr/share/gazebo/cmake:/home/pan/ros2_ws/install/rosbot_utils:/home/pan/ros2_ws/install/rosbot_gazebo:/home/pan/ros2_ws/install/rosbot_bringup:/home/pan/ros2_ws/install/rosbot_controller:/opt/ros/humble /usr/bin/cmake --install /home/pan/ros2_ws/build/turtlebot3_simulations
