[0.016s] Invoking command in '/home/pan/ros2_ws/build/turtlebot3_simulations': AMENT_PREFIX_PATH=/home/pan/ros2_ws/install/turtlebot3_gazebo:/home/pan/ros2_ws/install/turtlebot3_fake_node:${AMENT_PREFIX_PATH} CMAKE_PREFIX_PATH=/home/pan/ros2_ws/install/turtlebot3_gazebo:/home/pan/ros2_ws/install/turtlebot3_fake_node:/usr/share/gazebo/cmake:/opt/ros/humble /usr/bin/cmake /home/pan/ros2_ws/src/turtlebot3_simulations/turtlebot3_simulations -DAMENT_CMAKE_SYMLINK_INSTALL=1 -DCMAKE_INSTALL_PREFIX=/home/pan/ros2_ws/install/turtlebot3_simulations
[0.133s] -- The C compiler identification is GNU 11.4.0
[0.203s] -- The CXX compiler identification is GNU 11.4.0
[0.214s] -- Detecting C compiler ABI info
[0.294s] -- Detecting C compiler ABI info - done
[0.301s] -- Check for working C compiler: /usr/bin/cc - skipped
[0.301s] -- Detecting C compile features
[0.302s] -- Detecting C compile features - done
[0.306s] -- Detecting CXX compiler ABI info
[0.391s] -- Detecting CXX compiler ABI info - done
[0.398s] -- Check for working CXX compiler: /usr/bin/c++ - skipped
[0.398s] -- Detecting CXX compile features
[0.398s] -- Detecting CXX compile features - done
[0.409s] -- Found ament_cmake: 1.3.11 (/opt/ros/humble/share/ament_cmake/cmake)
[0.571s] -- Found Python3: /usr/bin/python3 (found version "3.10.12") found components: Interpreter 
[0.653s] -- Override CMake install command with custom implementation using symlinks instead of copying resources
[0.760s] -- Configuring done
[0.762s] -- Generating done
[0.764s] -- Build files have been written to: /home/pan/ros2_ws/build/turtlebot3_simulations
[0.768s] Invoked command in '/home/pan/ros2_ws/build/turtlebot3_simulations' returned '0': AMENT_PREFIX_PATH=/home/pan/ros2_ws/install/turtlebot3_gazebo:/home/pan/ros2_ws/install/turtlebot3_fake_node:${AMENT_PREFIX_PATH} CMAKE_PREFIX_PATH=/home/pan/ros2_ws/install/turtlebot3_gazebo:/home/pan/ros2_ws/install/turtlebot3_fake_node:/usr/share/gazebo/cmake:/opt/ros/humble /usr/bin/cmake /home/pan/ros2_ws/src/turtlebot3_simulations/turtlebot3_simulations -DAMENT_CMAKE_SYMLINK_INSTALL=1 -DCMAKE_INSTALL_PREFIX=/home/pan/ros2_ws/install/turtlebot3_simulations
[0.771s] Invoking command in '/home/pan/ros2_ws/build/turtlebot3_simulations': AMENT_PREFIX_PATH=/home/pan/ros2_ws/install/turtlebot3_gazebo:/home/pan/ros2_ws/install/turtlebot3_fake_node:${AMENT_PREFIX_PATH} CMAKE_PREFIX_PATH=/home/pan/ros2_ws/install/turtlebot3_gazebo:/home/pan/ros2_ws/install/turtlebot3_fake_node:/usr/share/gazebo/cmake:/opt/ros/humble /usr/bin/cmake --build /home/pan/ros2_ws/build/turtlebot3_simulations -- -j12 -l12
[0.813s] Invoked command in '/home/pan/ros2_ws/build/turtlebot3_simulations' returned '0': AMENT_PREFIX_PATH=/home/pan/ros2_ws/install/turtlebot3_gazebo:/home/pan/ros2_ws/install/turtlebot3_fake_node:${AMENT_PREFIX_PATH} CMAKE_PREFIX_PATH=/home/pan/ros2_ws/install/turtlebot3_gazebo:/home/pan/ros2_ws/install/turtlebot3_fake_node:/usr/share/gazebo/cmake:/opt/ros/humble /usr/bin/cmake --build /home/pan/ros2_ws/build/turtlebot3_simulations -- -j12 -l12
[0.815s] Invoking command in '/home/pan/ros2_ws/build/turtlebot3_simulations': AMENT_PREFIX_PATH=/home/pan/ros2_ws/install/turtlebot3_gazebo:/home/pan/ros2_ws/install/turtlebot3_fake_node:${AMENT_PREFIX_PATH} CMAKE_PREFIX_PATH=/home/pan/ros2_ws/install/turtlebot3_gazebo:/home/pan/ros2_ws/install/turtlebot3_fake_node:/usr/share/gazebo/cmake:/opt/ros/humble /usr/bin/cmake --install /home/pan/ros2_ws/build/turtlebot3_simulations
[0.823s] -- Install configuration: ""
[0.823s] -- Execute custom install script
[0.824s] -- Symlinking: /home/pan/ros2_ws/install/turtlebot3_simulations/share/ament_index/resource_index/package_run_dependencies/turtlebot3_simulations
[0.834s] -- Symlinking: /home/pan/ros2_ws/install/turtlebot3_simulations/share/ament_index/resource_index/parent_prefix_path/turtlebot3_simulations
[0.845s] -- Symlinking: /home/pan/ros2_ws/install/turtlebot3_simulations/share/turtlebot3_simulations/environment/ament_prefix_path.sh
[0.854s] -- Symlinking: /home/pan/ros2_ws/install/turtlebot3_simulations/share/turtlebot3_simulations/environment/ament_prefix_path.dsv
[0.864s] -- Symlinking: /home/pan/ros2_ws/install/turtlebot3_simulations/share/turtlebot3_simulations/environment/path.sh
[0.873s] -- Symlinking: /home/pan/ros2_ws/install/turtlebot3_simulations/share/turtlebot3_simulations/environment/path.dsv
[0.883s] -- Symlinking: /home/pan/ros2_ws/install/turtlebot3_simulations/share/turtlebot3_simulations/local_setup.bash
[0.893s] -- Symlinking: /home/pan/ros2_ws/install/turtlebot3_simulations/share/turtlebot3_simulations/local_setup.sh
[0.903s] -- Symlinking: /home/pan/ros2_ws/install/turtlebot3_simulations/share/turtlebot3_simulations/local_setup.zsh
[0.914s] -- Symlinking: /home/pan/ros2_ws/install/turtlebot3_simulations/share/turtlebot3_simulations/local_setup.dsv
[0.924s] -- Symlinking: /home/pan/ros2_ws/install/turtlebot3_simulations/share/turtlebot3_simulations/package.dsv
[0.935s] -- Symlinking: /home/pan/ros2_ws/install/turtlebot3_simulations/share/ament_index/resource_index/packages/turtlebot3_simulations
[0.946s] -- Symlinking: /home/pan/ros2_ws/install/turtlebot3_simulations/share/turtlebot3_simulations/cmake/turtlebot3_simulationsConfig.cmake
[0.957s] -- Symlinking: /home/pan/ros2_ws/install/turtlebot3_simulations/share/turtlebot3_simulations/cmake/turtlebot3_simulationsConfig-version.cmake
[0.967s] -- Symlinking: /home/pan/ros2_ws/install/turtlebot3_simulations/share/turtlebot3_simulations/package.xml
[0.981s] Invoked command in '/home/pan/ros2_ws/build/turtlebot3_simulations' returned '0': AMENT_PREFIX_PATH=/home/pan/ros2_ws/install/turtlebot3_gazebo:/home/pan/ros2_ws/install/turtlebot3_fake_node:${AMENT_PREFIX_PATH} CMAKE_PREFIX_PATH=/home/pan/ros2_ws/install/turtlebot3_gazebo:/home/pan/ros2_ws/install/turtlebot3_fake_node:/usr/share/gazebo/cmake:/opt/ros/humble /usr/bin/cmake --install /home/pan/ros2_ws/build/turtlebot3_simulations
