[1.051s] Invoking command in '/home/pan/ros2_ws/build/rosbot_utils': PYTHONPATH=/home/pan/ros2_ws/build/rosbot_utils/prefix_override:/usr/lib/python3/dist-packages/colcon_core/task/python/colcon_distutils_commands:/home/pan/ros2_ws/install/rosbot_utils/lib/python3.10/site-packages:${PYTHONPATH} /usr/bin/python3 -W ignore:setup.py install is deprecated -W ignore:easy_install command is deprecated setup.py develop --uninstall --editable --build-directory /home/pan/ros2_ws/build/rosbot_utils/build
[1.318s] running develop
[1.488s] Removing /home/pan/ros2_ws/install/rosbot_utils/lib/python3.10/site-packages/rosbot-utils.egg-link (link to .)
[1.552s] Invoked command in '/home/pan/ros2_ws/build/rosbot_utils' returned '0': PYTHONPATH=/home/pan/ros2_ws/build/rosbot_utils/prefix_override:/usr/lib/python3/dist-packages/colcon_core/task/python/colcon_distutils_commands:/home/pan/ros2_ws/install/rosbot_utils/lib/python3.10/site-packages:${PYTHONPATH} /usr/bin/python3 -W ignore:setup.py install is deprecated -W ignore:easy_install command is deprecated setup.py develop --uninstall --editable --build-directory /home/pan/ros2_ws/build/rosbot_utils/build
[1.555s] Invoking command in '/home/pan/ros2_ws/src/rosbot_ros/rosbot_utils': PYTHONPATH=/home/pan/ros2_ws/build/rosbot_utils/prefix_override:/usr/lib/python3/dist-packages/colcon_core/task/python/colcon_distutils_commands:/home/pan/ros2_ws/install/rosbot_utils/lib/python3.10/site-packages:${PYTHONPATH} /usr/bin/python3 -W ignore:setup.py install is deprecated -W ignore:easy_install command is deprecated setup.py egg_info --egg-base ../../../build/rosbot_utils build --build-base /home/pan/ros2_ws/build/rosbot_utils/build install --record /home/pan/ros2_ws/build/rosbot_utils/install.log --single-version-externally-managed install_data --force
[1.804s] running egg_info
[1.805s] writing ../../../build/rosbot_utils/rosbot_utils.egg-info/PKG-INFO
[1.805s] writing dependency_links to ../../../build/rosbot_utils/rosbot_utils.egg-info/dependency_links.txt
[1.805s] writing entry points to ../../../build/rosbot_utils/rosbot_utils.egg-info/entry_points.txt
[1.805s] writing requirements to ../../../build/rosbot_utils/rosbot_utils.egg-info/requires.txt
[1.805s] writing top-level names to ../../../build/rosbot_utils/rosbot_utils.egg-info/top_level.txt
[1.807s] reading manifest file '../../../build/rosbot_utils/rosbot_utils.egg-info/SOURCES.txt'
[1.809s] writing manifest file '../../../build/rosbot_utils/rosbot_utils.egg-info/SOURCES.txt'
[1.809s] running build
[1.809s] running build_py
[1.810s] running install
[1.810s] running install_lib
[1.811s] creating /home/pan/ros2_ws/install/rosbot_utils/lib/python3.10/site-packages/rosbot_utils
[1.811s] copying /home/pan/ros2_ws/build/rosbot_utils/build/lib/rosbot_utils/flash-firmware-usb.py -> /home/pan/ros2_ws/install/rosbot_utils/lib/python3.10/site-packages/rosbot_utils
[1.812s] copying /home/pan/ros2_ws/build/rosbot_utils/build/lib/rosbot_utils/flash_firmware.py -> /home/pan/ros2_ws/install/rosbot_utils/lib/python3.10/site-packages/rosbot_utils
[1.812s] copying /home/pan/ros2_ws/build/rosbot_utils/build/lib/rosbot_utils/__init__.py -> /home/pan/ros2_ws/install/rosbot_utils/lib/python3.10/site-packages/rosbot_utils
[1.812s] copying /home/pan/ros2_ws/build/rosbot_utils/build/lib/rosbot_utils/flash-firmware.py -> /home/pan/ros2_ws/install/rosbot_utils/lib/python3.10/site-packages/rosbot_utils
[1.813s] byte-compiling /home/pan/ros2_ws/install/rosbot_utils/lib/python3.10/site-packages/rosbot_utils/flash-firmware-usb.py to flash-firmware-usb.cpython-310.pyc
[1.814s] byte-compiling /home/pan/ros2_ws/install/rosbot_utils/lib/python3.10/site-packages/rosbot_utils/flash_firmware.py to flash_firmware.cpython-310.pyc
[1.815s] byte-compiling /home/pan/ros2_ws/install/rosbot_utils/lib/python3.10/site-packages/rosbot_utils/__init__.py to __init__.cpython-310.pyc
[1.816s] byte-compiling /home/pan/ros2_ws/install/rosbot_utils/lib/python3.10/site-packages/rosbot_utils/flash-firmware.py to flash-firmware.cpython-310.pyc
[1.816s] running install_data
[1.816s] copying resource/rosbot_utils -> /home/pan/ros2_ws/install/rosbot_utils/share/ament_index/resource_index/packages
[1.817s] copying package.xml -> /home/pan/ros2_ws/install/rosbot_utils/share/rosbot_utils
[1.817s] copying firmware/firmware-0.11.0.bin -> /home/pan/ros2_ws/install/rosbot_utils/share/rosbot_utils/firmware
[1.819s] running install_egg_info
[1.821s] Copying ../../../build/rosbot_utils/rosbot_utils.egg-info to /home/pan/ros2_ws/install/rosbot_utils/lib/python3.10/site-packages/rosbot_utils-0.12.0-py3.10.egg-info
[1.823s] running install_scripts
[1.848s] Installing flash_firmware script to /home/pan/ros2_ws/install/rosbot_utils/lib/rosbot_utils
[1.849s] writing list of installed files to '/home/pan/ros2_ws/build/rosbot_utils/install.log'
[1.894s] Invoked command in '/home/pan/ros2_ws/src/rosbot_ros/rosbot_utils' returned '0': PYTHONPATH=/home/pan/ros2_ws/build/rosbot_utils/prefix_override:/usr/lib/python3/dist-packages/colcon_core/task/python/colcon_distutils_commands:/home/pan/ros2_ws/install/rosbot_utils/lib/python3.10/site-packages:${PYTHONPATH} /usr/bin/python3 -W ignore:setup.py install is deprecated -W ignore:easy_install command is deprecated setup.py egg_info --egg-base ../../../build/rosbot_utils build --build-base /home/pan/ros2_ws/build/rosbot_utils/build install --record /home/pan/ros2_ws/build/rosbot_utils/install.log --single-version-externally-managed install_data --force
