[0.013s] Invoking command in '/home/pan/ros2_ws/build/rosbot_hardware_interfaces': CMAKE_PREFIX_PATH=/home/pan/ros2_ws/install/imu_sensor_broadcaster:/home/pan/ros2_ws/install/rosbot:/home/pan/ros2_ws/install/rosbot_hardware_interfaces:/home/pan/ros2_ws/install/rosbot_description:/home/pan/ros2_ws/install/ros_components_description:/home/pan/ros2_ws/install/micro_ros_agent:/home/pan/ros2_ws/install/micro_ros_msgs:/home/pan/ros2_ws/install/mecanum_drive_controller:/home/pan/ros2_ws/install/husarion_gz_worlds:/home/pan/ros2_ws/install/articubot_one:/home/pan/ros2_ws/install/rosbot_utils:/home/pan/ros2_ws/install/rosbot_gazebo:/home/pan/ros2_ws/install/rosbot_bringup:/home/pan/ros2_ws/install/rosbot_controller:/opt/ros/humble LD_LIBRARY_PATH=/home/pan/ros2_ws/install/imu_sensor_broadcaster/lib:/home/pan/ros2_ws/install/rosbot_hardware_interfaces/lib:/home/pan/ros2_ws/install/micro_ros_agent/lib:/home/pan/ros2_ws/install/micro_ros_msgs/lib:/home/pan/ros2_ws/install/mecanum_drive_controller/lib:/opt/ros/humble/opt/rviz_ogre_vendor/lib:/opt/ros/humble/lib/x86_64-linux-gnu:/opt/ros/humble/lib /usr/bin/cmake --build /home/pan/ros2_ws/build/rosbot_hardware_interfaces -- -j12 -l12
[0.076s] [100%] Built target rosbot_hardware_interfaces
[0.096s] Invoked command in '/home/pan/ros2_ws/build/rosbot_hardware_interfaces' returned '0': CMAKE_PREFIX_PATH=/home/pan/ros2_ws/install/imu_sensor_broadcaster:/home/pan/ros2_ws/install/rosbot:/home/pan/ros2_ws/install/rosbot_hardware_interfaces:/home/pan/ros2_ws/install/rosbot_description:/home/pan/ros2_ws/install/ros_components_description:/home/pan/ros2_ws/install/micro_ros_agent:/home/pan/ros2_ws/install/micro_ros_msgs:/home/pan/ros2_ws/install/mecanum_drive_controller:/home/pan/ros2_ws/install/husarion_gz_worlds:/home/pan/ros2_ws/install/articubot_one:/home/pan/ros2_ws/install/rosbot_utils:/home/pan/ros2_ws/install/rosbot_gazebo:/home/pan/ros2_ws/install/rosbot_bringup:/home/pan/ros2_ws/install/rosbot_controller:/opt/ros/humble LD_LIBRARY_PATH=/home/pan/ros2_ws/install/imu_sensor_broadcaster/lib:/home/pan/ros2_ws/install/rosbot_hardware_interfaces/lib:/home/pan/ros2_ws/install/micro_ros_agent/lib:/home/pan/ros2_ws/install/micro_ros_msgs/lib:/home/pan/ros2_ws/install/mecanum_drive_controller/lib:/opt/ros/humble/opt/rviz_ogre_vendor/lib:/opt/ros/humble/lib/x86_64-linux-gnu:/opt/ros/humble/lib /usr/bin/cmake --build /home/pan/ros2_ws/build/rosbot_hardware_interfaces -- -j12 -l12
[0.098s] Invoking command in '/home/pan/ros2_ws/build/rosbot_hardware_interfaces': CMAKE_PREFIX_PATH=/home/pan/ros2_ws/install/imu_sensor_broadcaster:/home/pan/ros2_ws/install/rosbot:/home/pan/ros2_ws/install/rosbot_hardware_interfaces:/home/pan/ros2_ws/install/rosbot_description:/home/pan/ros2_ws/install/ros_components_description:/home/pan/ros2_ws/install/micro_ros_agent:/home/pan/ros2_ws/install/micro_ros_msgs:/home/pan/ros2_ws/install/mecanum_drive_controller:/home/pan/ros2_ws/install/husarion_gz_worlds:/home/pan/ros2_ws/install/articubot_one:/home/pan/ros2_ws/install/rosbot_utils:/home/pan/ros2_ws/install/rosbot_gazebo:/home/pan/ros2_ws/install/rosbot_bringup:/home/pan/ros2_ws/install/rosbot_controller:/opt/ros/humble LD_LIBRARY_PATH=/home/pan/ros2_ws/install/imu_sensor_broadcaster/lib:/home/pan/ros2_ws/install/rosbot_hardware_interfaces/lib:/home/pan/ros2_ws/install/micro_ros_agent/lib:/home/pan/ros2_ws/install/micro_ros_msgs/lib:/home/pan/ros2_ws/install/mecanum_drive_controller/lib:/opt/ros/humble/opt/rviz_ogre_vendor/lib:/opt/ros/humble/lib/x86_64-linux-gnu:/opt/ros/humble/lib /usr/bin/cmake --install /home/pan/ros2_ws/build/rosbot_hardware_interfaces
[0.105s] -- Install configuration: "Release"
[0.106s] -- Execute custom install script
[0.106s] -- Up-to-date symlink: /home/pan/ros2_ws/install/rosbot_hardware_interfaces/share/rosbot_hardware_interfaces//rosbot_hardware_interfaces.xml
[0.106s] -- Up-to-date symlink: /home/pan/ros2_ws/install/rosbot_hardware_interfaces/include/rosbot_hardware_interfaces/rosbot_imu_sensor.hpp
[0.106s] -- Up-to-date symlink: /home/pan/ros2_ws/install/rosbot_hardware_interfaces/include/rosbot_hardware_interfaces/rosbot_system.hpp
[0.106s] -- Up-to-date symlink: /home/pan/ros2_ws/install/rosbot_hardware_interfaces/include/rosbot_hardware_interfaces/visibility_control.hpp
[0.107s] -- Up-to-date symlink: /home/pan/ros2_ws/install/rosbot_hardware_interfaces/share/rosbot_hardware_interfaces/launch/example_diff_drive.launch.py
[0.107s] -- Up-to-date symlink: /home/pan/ros2_ws/install/rosbot_hardware_interfaces/share/rosbot_hardware_interfaces/config/example_diff_drive_controller.yaml
[0.107s] -- Up-to-date symlink: /home/pan/ros2_ws/install/rosbot_hardware_interfaces/share/rosbot_hardware_interfaces/urdf/ros2_control.urdf.xacro
[0.107s] -- Up-to-date symlink: /home/pan/ros2_ws/install/rosbot_hardware_interfaces/lib/librosbot_hardware_interfaces.so
[0.107s] -- Up-to-date symlink: /home/pan/ros2_ws/install/rosbot_hardware_interfaces/share/rosbot_hardware_interfaces/environment/library_path.sh
[0.108s] -- Up-to-date symlink: /home/pan/ros2_ws/install/rosbot_hardware_interfaces/share/rosbot_hardware_interfaces/environment/library_path.dsv
[0.108s] -- Up-to-date symlink: /home/pan/ros2_ws/install/rosbot_hardware_interfaces/share/ament_index/resource_index/package_run_dependencies/rosbot_hardware_interfaces
[0.108s] -- Up-to-date symlink: /home/pan/ros2_ws/install/rosbot_hardware_interfaces/share/ament_index/resource_index/parent_prefix_path/rosbot_hardware_interfaces
[0.108s] -- Up-to-date symlink: /home/pan/ros2_ws/install/rosbot_hardware_interfaces/share/rosbot_hardware_interfaces/environment/ament_prefix_path.sh
[0.108s] -- Up-to-date symlink: /home/pan/ros2_ws/install/rosbot_hardware_interfaces/share/rosbot_hardware_interfaces/environment/ament_prefix_path.dsv
[0.108s] -- Up-to-date symlink: /home/pan/ros2_ws/install/rosbot_hardware_interfaces/share/rosbot_hardware_interfaces/environment/path.sh
[0.108s] -- Up-to-date symlink: /home/pan/ros2_ws/install/rosbot_hardware_interfaces/share/rosbot_hardware_interfaces/environment/path.dsv
[0.108s] -- Up-to-date symlink: /home/pan/ros2_ws/install/rosbot_hardware_interfaces/share/rosbot_hardware_interfaces/local_setup.bash
[0.109s] -- Up-to-date symlink: /home/pan/ros2_ws/install/rosbot_hardware_interfaces/share/rosbot_hardware_interfaces/local_setup.sh
[0.109s] -- Up-to-date symlink: /home/pan/ros2_ws/install/rosbot_hardware_interfaces/share/rosbot_hardware_interfaces/local_setup.zsh
[0.109s] -- Up-to-date symlink: /home/pan/ros2_ws/install/rosbot_hardware_interfaces/share/rosbot_hardware_interfaces/local_setup.dsv
[0.109s] -- Symlinking: /home/pan/ros2_ws/install/rosbot_hardware_interfaces/share/rosbot_hardware_interfaces/package.dsv
[0.121s] -- Up-to-date symlink: /home/pan/ros2_ws/install/rosbot_hardware_interfaces/share/ament_index/resource_index/packages/rosbot_hardware_interfaces
[0.121s] -- Up-to-date symlink: /home/pan/ros2_ws/install/rosbot_hardware_interfaces/share/ament_index/resource_index/hardware_interface__pluginlib__plugin/rosbot_hardware_interfaces
[0.121s] -- Up-to-date symlink: /home/pan/ros2_ws/install/rosbot_hardware_interfaces/share/rosbot_hardware_interfaces/cmake/ament_cmake_export_include_directories-extras.cmake
[0.122s] -- Up-to-date symlink: /home/pan/ros2_ws/install/rosbot_hardware_interfaces/share/rosbot_hardware_interfaces/cmake/ament_cmake_export_libraries-extras.cmake
[0.122s] -- Up-to-date symlink: /home/pan/ros2_ws/install/rosbot_hardware_interfaces/share/rosbot_hardware_interfaces/cmake/ament_cmake_export_dependencies-extras.cmake
[0.122s] -- Up-to-date symlink: /home/pan/ros2_ws/install/rosbot_hardware_interfaces/share/rosbot_hardware_interfaces/cmake/rosbot_hardware_interfacesConfig.cmake
[0.122s] -- Up-to-date symlink: /home/pan/ros2_ws/install/rosbot_hardware_interfaces/share/rosbot_hardware_interfaces/cmake/rosbot_hardware_interfacesConfig-version.cmake
[0.123s] -- Up-to-date symlink: /home/pan/ros2_ws/install/rosbot_hardware_interfaces/share/rosbot_hardware_interfaces/package.xml
[0.125s] Invoked command in '/home/pan/ros2_ws/build/rosbot_hardware_interfaces' returned '0': CMAKE_PREFIX_PATH=/home/pan/ros2_ws/install/imu_sensor_broadcaster:/home/pan/ros2_ws/install/rosbot:/home/pan/ros2_ws/install/rosbot_hardware_interfaces:/home/pan/ros2_ws/install/rosbot_description:/home/pan/ros2_ws/install/ros_components_description:/home/pan/ros2_ws/install/micro_ros_agent:/home/pan/ros2_ws/install/micro_ros_msgs:/home/pan/ros2_ws/install/mecanum_drive_controller:/home/pan/ros2_ws/install/husarion_gz_worlds:/home/pan/ros2_ws/install/articubot_one:/home/pan/ros2_ws/install/rosbot_utils:/home/pan/ros2_ws/install/rosbot_gazebo:/home/pan/ros2_ws/install/rosbot_bringup:/home/pan/ros2_ws/install/rosbot_controller:/opt/ros/humble LD_LIBRARY_PATH=/home/pan/ros2_ws/install/imu_sensor_broadcaster/lib:/home/pan/ros2_ws/install/rosbot_hardware_interfaces/lib:/home/pan/ros2_ws/install/micro_ros_agent/lib:/home/pan/ros2_ws/install/micro_ros_msgs/lib:/home/pan/ros2_ws/install/mecanum_drive_controller/lib:/opt/ros/humble/opt/rviz_ogre_vendor/lib:/opt/ros/humble/lib/x86_64-linux-gnu:/opt/ros/humble/lib /usr/bin/cmake --install /home/pan/ros2_ws/build/rosbot_hardware_interfaces
