[0.014s] Invoking command in '/home/pan/ros2_ws/build/rosbot_hardware_interfaces': AMENT_PREFIX_PATH=/home/pan/ros2_ws/install/imu_sensor_broadcaster:${AMENT_PREFIX_PATH} CMAKE_PREFIX_PATH=/home/pan/ros2_ws/install/imu_sensor_broadcaster:/usr/share/gazebo/cmake:/opt/ros/humble LD_LIBRARY_PATH=/home/pan/ros2_ws/install/imu_sensor_broadcaster/lib:${LD_LIBRARY_PATH} /usr/bin/cmake /home/pan/ros2_ws/src/rosbot_hardware_interfaces -DCMAKE_INSTALL_PREFIX=/home/pan/ros2_ws/install/rosbot_hardware_interfaces
[0.027s] -- Found ament_cmake: 1.3.11 (/opt/ros/humble/share/ament_cmake/cmake)
[0.155s] -- Override CMake install command with custom implementation using symlinks instead of copying resources
[0.162s] -- Found controller_interface: 2.48.0 (/opt/ros/humble/share/controller_interface/cmake)
[0.188s] -- Found rosidl_generator_c: 3.1.6 (/opt/ros/humble/share/rosidl_generator_c/cmake)
[0.190s] -- Found rosidl_adapter: 3.1.6 (/opt/ros/humble/share/rosidl_adapter/cmake)
[0.196s] -- Found rosidl_generator_cpp: 3.1.6 (/opt/ros/humble/share/rosidl_generator_cpp/cmake)
[0.206s] -- Using all available rosidl_typesupport_c: rosidl_typesupport_fastrtps_c;rosidl_typesupport_introspection_c
[0.218s] -- Using all available rosidl_typesupport_cpp: rosidl_typesupport_fastrtps_cpp;rosidl_typesupport_introspection_cpp
[0.373s] -- Found rmw_implementation_cmake: 6.1.2 (/opt/ros/humble/share/rmw_implementation_cmake/cmake)
[0.374s] -- Found rmw_fastrtps_cpp: 6.2.7 (/opt/ros/humble/share/rmw_fastrtps_cpp/cmake)
[0.392s] -- Found TinyXML2 via Config file: TinyXML2_DIR-NOTFOUND
[0.402s] -- Found TinyXML2 via Config file: TinyXML2_DIR-NOTFOUND
[0.421s] -- Found TinyXML2 via Config file: TinyXML2_DIR-NOTFOUND
[0.433s] -- Found TinyXML2 via Config file: TinyXML2_DIR-NOTFOUND
[0.447s] -- Using RMW implementation 'rmw_fastrtps_cpp' as default
[0.497s] -- Found realtime_tools: 2.11.0 (/opt/ros/humble/share/realtime_tools/cmake)
[0.598s] -- Configuring done
[0.629s] -- Generating done
[0.634s] -- Build files have been written to: /home/pan/ros2_ws/build/rosbot_hardware_interfaces
[0.656s] Invoked command in '/home/pan/ros2_ws/build/rosbot_hardware_interfaces' returned '0': AMENT_PREFIX_PATH=/home/pan/ros2_ws/install/imu_sensor_broadcaster:${AMENT_PREFIX_PATH} CMAKE_PREFIX_PATH=/home/pan/ros2_ws/install/imu_sensor_broadcaster:/usr/share/gazebo/cmake:/opt/ros/humble LD_LIBRARY_PATH=/home/pan/ros2_ws/install/imu_sensor_broadcaster/lib:${LD_LIBRARY_PATH} /usr/bin/cmake /home/pan/ros2_ws/src/rosbot_hardware_interfaces -DCMAKE_INSTALL_PREFIX=/home/pan/ros2_ws/install/rosbot_hardware_interfaces
[0.657s] Invoking command in '/home/pan/ros2_ws/build/rosbot_hardware_interfaces': AMENT_PREFIX_PATH=/home/pan/ros2_ws/install/imu_sensor_broadcaster:${AMENT_PREFIX_PATH} CMAKE_PREFIX_PATH=/home/pan/ros2_ws/install/imu_sensor_broadcaster:/usr/share/gazebo/cmake:/opt/ros/humble LD_LIBRARY_PATH=/home/pan/ros2_ws/install/imu_sensor_broadcaster/lib:${LD_LIBRARY_PATH} /usr/bin/cmake --build /home/pan/ros2_ws/build/rosbot_hardware_interfaces -- -j12 -l12
[0.703s] [35m[1mConsolidate compiler generated dependencies of target rosbot_hardware_interfaces[0m
[0.725s] [100%] Built target rosbot_hardware_interfaces
[0.738s] Invoked command in '/home/pan/ros2_ws/build/rosbot_hardware_interfaces' returned '0': AMENT_PREFIX_PATH=/home/pan/ros2_ws/install/imu_sensor_broadcaster:${AMENT_PREFIX_PATH} CMAKE_PREFIX_PATH=/home/pan/ros2_ws/install/imu_sensor_broadcaster:/usr/share/gazebo/cmake:/opt/ros/humble LD_LIBRARY_PATH=/home/pan/ros2_ws/install/imu_sensor_broadcaster/lib:${LD_LIBRARY_PATH} /usr/bin/cmake --build /home/pan/ros2_ws/build/rosbot_hardware_interfaces -- -j12 -l12
[0.740s] Invoking command in '/home/pan/ros2_ws/build/rosbot_hardware_interfaces': AMENT_PREFIX_PATH=/home/pan/ros2_ws/install/imu_sensor_broadcaster:${AMENT_PREFIX_PATH} CMAKE_PREFIX_PATH=/home/pan/ros2_ws/install/imu_sensor_broadcaster:/usr/share/gazebo/cmake:/opt/ros/humble LD_LIBRARY_PATH=/home/pan/ros2_ws/install/imu_sensor_broadcaster/lib:${LD_LIBRARY_PATH} /usr/bin/cmake --install /home/pan/ros2_ws/build/rosbot_hardware_interfaces
[0.748s] -- Install configuration: "Release"
[0.749s] -- Execute custom install script
[0.749s] -- Up-to-date symlink: /home/pan/ros2_ws/install/rosbot_hardware_interfaces/share/rosbot_hardware_interfaces//rosbot_hardware_interfaces.xml
[0.750s] -- Up-to-date symlink: /home/pan/ros2_ws/install/rosbot_hardware_interfaces/include/rosbot_hardware_interfaces/rosbot_imu_sensor.hpp
[0.750s] -- Up-to-date symlink: /home/pan/ros2_ws/install/rosbot_hardware_interfaces/include/rosbot_hardware_interfaces/rosbot_system.hpp
[0.750s] -- Up-to-date symlink: /home/pan/ros2_ws/install/rosbot_hardware_interfaces/include/rosbot_hardware_interfaces/visibility_control.hpp
[0.751s] -- Up-to-date symlink: /home/pan/ros2_ws/install/rosbot_hardware_interfaces/share/rosbot_hardware_interfaces/launch/example_diff_drive.launch.py
[0.751s] -- Up-to-date symlink: /home/pan/ros2_ws/install/rosbot_hardware_interfaces/share/rosbot_hardware_interfaces/config/example_diff_drive_controller.yaml
[0.752s] -- Up-to-date symlink: /home/pan/ros2_ws/install/rosbot_hardware_interfaces/share/rosbot_hardware_interfaces/urdf/ros2_control.urdf.xacro
[0.752s] -- Up-to-date symlink: /home/pan/ros2_ws/install/rosbot_hardware_interfaces/lib/librosbot_hardware_interfaces.so
[0.753s] -- Up-to-date symlink: /home/pan/ros2_ws/install/rosbot_hardware_interfaces/share/rosbot_hardware_interfaces/environment/library_path.sh
[0.753s] -- Up-to-date symlink: /home/pan/ros2_ws/install/rosbot_hardware_interfaces/share/rosbot_hardware_interfaces/environment/library_path.dsv
[0.753s] -- Up-to-date symlink: /home/pan/ros2_ws/install/rosbot_hardware_interfaces/share/ament_index/resource_index/package_run_dependencies/rosbot_hardware_interfaces
[0.753s] -- Up-to-date symlink: /home/pan/ros2_ws/install/rosbot_hardware_interfaces/share/ament_index/resource_index/parent_prefix_path/rosbot_hardware_interfaces
[0.754s] -- Up-to-date symlink: /home/pan/ros2_ws/install/rosbot_hardware_interfaces/share/rosbot_hardware_interfaces/environment/ament_prefix_path.sh
[0.754s] -- Up-to-date symlink: /home/pan/ros2_ws/install/rosbot_hardware_interfaces/share/rosbot_hardware_interfaces/environment/ament_prefix_path.dsv
[0.754s] -- Up-to-date symlink: /home/pan/ros2_ws/install/rosbot_hardware_interfaces/share/rosbot_hardware_interfaces/environment/path.sh
[0.755s] -- Up-to-date symlink: /home/pan/ros2_ws/install/rosbot_hardware_interfaces/share/rosbot_hardware_interfaces/environment/path.dsv
[0.755s] -- Up-to-date symlink: /home/pan/ros2_ws/install/rosbot_hardware_interfaces/share/rosbot_hardware_interfaces/local_setup.bash
[0.755s] -- Up-to-date symlink: /home/pan/ros2_ws/install/rosbot_hardware_interfaces/share/rosbot_hardware_interfaces/local_setup.sh
[0.755s] -- Up-to-date symlink: /home/pan/ros2_ws/install/rosbot_hardware_interfaces/share/rosbot_hardware_interfaces/local_setup.zsh
[0.755s] -- Up-to-date symlink: /home/pan/ros2_ws/install/rosbot_hardware_interfaces/share/rosbot_hardware_interfaces/local_setup.dsv
[0.755s] -- Symlinking: /home/pan/ros2_ws/install/rosbot_hardware_interfaces/share/rosbot_hardware_interfaces/package.dsv
[0.765s] -- Up-to-date symlink: /home/pan/ros2_ws/install/rosbot_hardware_interfaces/share/ament_index/resource_index/packages/rosbot_hardware_interfaces
[0.766s] -- Up-to-date symlink: /home/pan/ros2_ws/install/rosbot_hardware_interfaces/share/ament_index/resource_index/hardware_interface__pluginlib__plugin/rosbot_hardware_interfaces
[0.766s] -- Up-to-date symlink: /home/pan/ros2_ws/install/rosbot_hardware_interfaces/share/rosbot_hardware_interfaces/cmake/ament_cmake_export_include_directories-extras.cmake
[0.766s] -- Up-to-date symlink: /home/pan/ros2_ws/install/rosbot_hardware_interfaces/share/rosbot_hardware_interfaces/cmake/ament_cmake_export_libraries-extras.cmake
[0.766s] -- Up-to-date symlink: /home/pan/ros2_ws/install/rosbot_hardware_interfaces/share/rosbot_hardware_interfaces/cmake/ament_cmake_export_dependencies-extras.cmake
[0.766s] -- Up-to-date symlink: /home/pan/ros2_ws/install/rosbot_hardware_interfaces/share/rosbot_hardware_interfaces/cmake/rosbot_hardware_interfacesConfig.cmake
[0.766s] -- Up-to-date symlink: /home/pan/ros2_ws/install/rosbot_hardware_interfaces/share/rosbot_hardware_interfaces/cmake/rosbot_hardware_interfacesConfig-version.cmake
[0.767s] -- Up-to-date symlink: /home/pan/ros2_ws/install/rosbot_hardware_interfaces/share/rosbot_hardware_interfaces/package.xml
[0.770s] Invoked command in '/home/pan/ros2_ws/build/rosbot_hardware_interfaces' returned '0': AMENT_PREFIX_PATH=/home/pan/ros2_ws/install/imu_sensor_broadcaster:${AMENT_PREFIX_PATH} CMAKE_PREFIX_PATH=/home/pan/ros2_ws/install/imu_sensor_broadcaster:/usr/share/gazebo/cmake:/opt/ros/humble LD_LIBRARY_PATH=/home/pan/ros2_ws/install/imu_sensor_broadcaster/lib:${LD_LIBRARY_PATH} /usr/bin/cmake --install /home/pan/ros2_ws/build/rosbot_hardware_interfaces
