[0.041s] Invoking command in '/home/pan/ros2_ws/build/articubot_one': CMAKE_PREFIX_PATH=/opt/ros/humble /usr/bin/cmake /home/pan/ros2_ws/src/articubot_one-main -DAMENT_CMAKE_SYMLINK_INSTALL=1 -DCMAKE_INSTALL_PREFIX=/home/pan/ros2_ws/install/articubot_one
[0.213s] -- The C compiler identification is GNU 11.4.0
[0.351s] -- The CXX compiler identification is GNU 11.4.0
[0.360s] -- Detecting C compiler ABI info
[0.450s] -- Detecting C compiler ABI info - done
[0.456s] -- Check for working C compiler: /usr/bin/cc - skipped
[0.457s] -- Detecting C compile features
[0.458s] -- Detecting C compile features - done
[0.462s] -- Detecting CXX compiler ABI info
[0.559s] -- Detecting CXX compiler ABI info - done
[0.569s] -- Check for working CXX compiler: /usr/bin/c++ - skipped
[0.570s] -- Detecting CXX compile features
[0.570s] -- Detecting CXX compile features - done
[0.574s] -- Found ament_cmake: 1.3.11 (/opt/ros/humble/share/ament_cmake/cmake)
[0.723s] -- Found Python3: /usr/bin/python3 (found version "3.10.12") found components: Interpreter 
[0.789s] -- Override CMake install command with custom implementation using symlinks instead of copying resources
[0.817s] -- Found ament_lint_auto: 0.12.11 (/opt/ros/humble/share/ament_lint_auto/cmake)
[0.903s] -- Added test 'copyright' to check source files copyright and LICENSE
[0.908s] -- Added test 'flake8' to check Python code syntax and style conventions
[0.909s] -- Added test 'lint_cmake' to check CMake code style
[0.910s] -- Added test 'pep257' to check Python code against some of the docstring style conventions in PEP 257
[0.913s] -- Added test 'xmllint' to check XML markup files
[0.914s] -- Configuring done
[0.917s] -- Generating done
[0.919s] -- Build files have been written to: /home/pan/ros2_ws/build/articubot_one
[0.924s] Invoked command in '/home/pan/ros2_ws/build/articubot_one' returned '0': CMAKE_PREFIX_PATH=/opt/ros/humble /usr/bin/cmake /home/pan/ros2_ws/src/articubot_one-main -DAMENT_CMAKE_SYMLINK_INSTALL=1 -DCMAKE_INSTALL_PREFIX=/home/pan/ros2_ws/install/articubot_one
[0.926s] Invoking command in '/home/pan/ros2_ws/build/articubot_one': CMAKE_PREFIX_PATH=/opt/ros/humble /usr/bin/cmake --build /home/pan/ros2_ws/build/articubot_one -- -j12 -l12
[0.970s] Invoked command in '/home/pan/ros2_ws/build/articubot_one' returned '0': CMAKE_PREFIX_PATH=/opt/ros/humble /usr/bin/cmake --build /home/pan/ros2_ws/build/articubot_one -- -j12 -l12
[0.972s] Invoking command in '/home/pan/ros2_ws/build/articubot_one': CMAKE_PREFIX_PATH=/opt/ros/humble /usr/bin/cmake --install /home/pan/ros2_ws/build/articubot_one
[0.982s] -- Install configuration: ""
[0.982s] -- Execute custom install script
[0.982s] -- Symlinking: /home/pan/ros2_ws/install/articubot_one/share/articubot_one/config/ball_tracker_params_robot.yaml
[0.992s] -- Symlinking: /home/pan/ros2_ws/install/articubot_one/share/articubot_one/config/ball_tracker_params_sim.yaml
[1.001s] -- Symlinking: /home/pan/ros2_ws/install/articubot_one/share/articubot_one/config/drive_bot.rviz
[1.013s] -- Symlinking: /home/pan/ros2_ws/install/articubot_one/share/articubot_one/config/empty.yaml
[1.025s] -- Symlinking: /home/pan/ros2_ws/install/articubot_one/share/articubot_one/config/gaz_ros2_ctl_use_sim.yaml
[1.036s] -- Symlinking: /home/pan/ros2_ws/install/articubot_one/share/articubot_one/config/gazebo_params.yaml
[1.046s] -- Symlinking: /home/pan/ros2_ws/install/articubot_one/share/articubot_one/config/joystick.yaml
[1.057s] -- Symlinking: /home/pan/ros2_ws/install/articubot_one/share/articubot_one/config/main.rviz
[1.066s] -- Symlinking: /home/pan/ros2_ws/install/articubot_one/share/articubot_one/config/map.rviz
[1.077s] -- Symlinking: /home/pan/ros2_ws/install/articubot_one/share/articubot_one/config/mapper_params_online_async.yaml
[1.088s] -- Symlinking: /home/pan/ros2_ws/install/articubot_one/share/articubot_one/config/my_controllers.yaml
[1.098s] -- Symlinking: /home/pan/ros2_ws/install/articubot_one/share/articubot_one/config/nav2_params.yaml
[1.108s] -- Symlinking: /home/pan/ros2_ws/install/articubot_one/share/articubot_one/config/twist_mux.yaml
[1.119s] -- Symlinking: /home/pan/ros2_ws/install/articubot_one/share/articubot_one/config/view_bot.rviz
[1.131s] -- Symlinking: /home/pan/ros2_ws/install/articubot_one/share/articubot_one/description/camera.xacro
[1.142s] -- Symlinking: /home/pan/ros2_ws/install/articubot_one/share/articubot_one/description/depth_camera.xacro
[1.154s] -- Symlinking: /home/pan/ros2_ws/install/articubot_one/share/articubot_one/description/face.xacro
[1.164s] -- Symlinking: /home/pan/ros2_ws/install/articubot_one/share/articubot_one/description/gazebo_control.xacro
[1.174s] -- Symlinking: /home/pan/ros2_ws/install/articubot_one/share/articubot_one/description/inertial_macros.xacro
[1.184s] -- Symlinking: /home/pan/ros2_ws/install/articubot_one/share/articubot_one/description/lidar.xacro
[1.194s] -- Symlinking: /home/pan/ros2_ws/install/articubot_one/share/articubot_one/description/robot.urdf.xacro
[1.204s] -- Symlinking: /home/pan/ros2_ws/install/articubot_one/share/articubot_one/description/robot_core.xacro
[1.215s] -- Symlinking: /home/pan/ros2_ws/install/articubot_one/share/articubot_one/description/ros2_control.xacro
[1.225s] -- Symlinking: /home/pan/ros2_ws/install/articubot_one/share/articubot_one/launch/ball_tracker.launch.py
[1.235s] -- Symlinking: /home/pan/ros2_ws/install/articubot_one/share/articubot_one/launch/camera.launch.py
[1.244s] -- Symlinking: /home/pan/ros2_ws/install/articubot_one/share/articubot_one/launch/joystick.launch.py
[1.255s] -- Symlinking: /home/pan/ros2_ws/install/articubot_one/share/articubot_one/launch/launch_robot.launch.py
[1.265s] -- Symlinking: /home/pan/ros2_ws/install/articubot_one/share/articubot_one/launch/launch_sim.launch.py
[1.275s] -- Symlinking: /home/pan/ros2_ws/install/articubot_one/share/articubot_one/launch/localization_launch.py
[1.286s] -- Symlinking: /home/pan/ros2_ws/install/articubot_one/share/articubot_one/launch/navigation_launch.py
[1.300s] -- Symlinking: /home/pan/ros2_ws/install/articubot_one/share/articubot_one/launch/online_async_launch.py
[1.313s] -- Symlinking: /home/pan/ros2_ws/install/articubot_one/share/articubot_one/launch/rplidar.launch.py
[1.328s] -- Symlinking: /home/pan/ros2_ws/install/articubot_one/share/articubot_one/launch/rsp.launch.py
[1.338s] -- Symlinking: /home/pan/ros2_ws/install/articubot_one/share/articubot_one/worlds/empty.world
[1.349s] -- Symlinking: /home/pan/ros2_ws/install/articubot_one/share/articubot_one/worlds/obstacles.world
[1.360s] -- Symlinking: /home/pan/ros2_ws/install/articubot_one/share/ament_index/resource_index/package_run_dependencies/articubot_one
[1.370s] -- Symlinking: /home/pan/ros2_ws/install/articubot_one/share/ament_index/resource_index/parent_prefix_path/articubot_one
[1.381s] -- Symlinking: /home/pan/ros2_ws/install/articubot_one/share/articubot_one/environment/ament_prefix_path.sh
[1.391s] -- Symlinking: /home/pan/ros2_ws/install/articubot_one/share/articubot_one/environment/ament_prefix_path.dsv
[1.403s] -- Symlinking: /home/pan/ros2_ws/install/articubot_one/share/articubot_one/environment/path.sh
[1.415s] -- Symlinking: /home/pan/ros2_ws/install/articubot_one/share/articubot_one/environment/path.dsv
[1.425s] -- Symlinking: /home/pan/ros2_ws/install/articubot_one/share/articubot_one/local_setup.bash
[1.438s] -- Symlinking: /home/pan/ros2_ws/install/articubot_one/share/articubot_one/local_setup.sh
[1.448s] -- Symlinking: /home/pan/ros2_ws/install/articubot_one/share/articubot_one/local_setup.zsh
[1.459s] -- Symlinking: /home/pan/ros2_ws/install/articubot_one/share/articubot_one/local_setup.dsv
[1.470s] -- Symlinking: /home/pan/ros2_ws/install/articubot_one/share/articubot_one/package.dsv
[1.482s] -- Symlinking: /home/pan/ros2_ws/install/articubot_one/share/ament_index/resource_index/packages/articubot_one
[1.492s] -- Symlinking: /home/pan/ros2_ws/install/articubot_one/share/articubot_one/cmake/articubot_oneConfig.cmake
[1.502s] -- Symlinking: /home/pan/ros2_ws/install/articubot_one/share/articubot_one/cmake/articubot_oneConfig-version.cmake
[1.513s] -- Symlinking: /home/pan/ros2_ws/install/articubot_one/share/articubot_one/package.xml
[1.526s] Invoked command in '/home/pan/ros2_ws/build/articubot_one' returned '0': CMAKE_PREFIX_PATH=/opt/ros/humble /usr/bin/cmake --install /home/pan/ros2_ws/build/articubot_one
