running develop
Removing /home/pan/ros2_ws/install/rosbot_utils/lib/python3.10/site-packages/rosbot-utils.egg-link (link to .)
running egg_info
writing ../../../build/rosbot_utils/rosbot_utils.egg-info/PKG-INFO
writing dependency_links to ../../../build/rosbot_utils/rosbot_utils.egg-info/dependency_links.txt
writing entry points to ../../../build/rosbot_utils/rosbot_utils.egg-info/entry_points.txt
writing requirements to ../../../build/rosbot_utils/rosbot_utils.egg-info/requires.txt
writing top-level names to ../../../build/rosbot_utils/rosbot_utils.egg-info/top_level.txt
reading manifest file '../../../build/rosbot_utils/rosbot_utils.egg-info/SOURCES.txt'
writing manifest file '../../../build/rosbot_utils/rosbot_utils.egg-info/SOURCES.txt'
running build
running build_py
creating /home/pan/ros2_ws/build/rosbot_utils/build
creating /home/pan/ros2_ws/build/rosbot_utils/build/lib
creating /home/pan/ros2_ws/build/rosbot_utils/build/lib/rosbot_utils
copying rosbot_utils/flash-firmware-usb.py -> /home/pan/ros2_ws/build/rosbot_utils/build/lib/rosbot_utils
copying rosbot_utils/flash_firmware.py -> /home/pan/ros2_ws/build/rosbot_utils/build/lib/rosbot_utils
copying rosbot_utils/__init__.py -> /home/pan/ros2_ws/build/rosbot_utils/build/lib/rosbot_utils
copying rosbot_utils/flash-firmware.py -> /home/pan/ros2_ws/build/rosbot_utils/build/lib/rosbot_utils
running install
running install_lib
creating /home/pan/ros2_ws/install/rosbot_utils/lib/python3.10/site-packages/rosbot_utils
copying /home/pan/ros2_ws/build/rosbot_utils/build/lib/rosbot_utils/flash-firmware-usb.py -> /home/pan/ros2_ws/install/rosbot_utils/lib/python3.10/site-packages/rosbot_utils
copying /home/pan/ros2_ws/build/rosbot_utils/build/lib/rosbot_utils/flash_firmware.py -> /home/pan/ros2_ws/install/rosbot_utils/lib/python3.10/site-packages/rosbot_utils
copying /home/pan/ros2_ws/build/rosbot_utils/build/lib/rosbot_utils/__init__.py -> /home/pan/ros2_ws/install/rosbot_utils/lib/python3.10/site-packages/rosbot_utils
copying /home/pan/ros2_ws/build/rosbot_utils/build/lib/rosbot_utils/flash-firmware.py -> /home/pan/ros2_ws/install/rosbot_utils/lib/python3.10/site-packages/rosbot_utils
byte-compiling /home/pan/ros2_ws/install/rosbot_utils/lib/python3.10/site-packages/rosbot_utils/flash-firmware-usb.py to flash-firmware-usb.cpython-310.pyc
byte-compiling /home/pan/ros2_ws/install/rosbot_utils/lib/python3.10/site-packages/rosbot_utils/flash_firmware.py to flash_firmware.cpython-310.pyc
byte-compiling /home/pan/ros2_ws/install/rosbot_utils/lib/python3.10/site-packages/rosbot_utils/__init__.py to __init__.cpython-310.pyc
byte-compiling /home/pan/ros2_ws/install/rosbot_utils/lib/python3.10/site-packages/rosbot_utils/flash-firmware.py to flash-firmware.cpython-310.pyc
running install_data
copying resource/rosbot_utils -> /home/pan/ros2_ws/install/rosbot_utils/share/ament_index/resource_index/packages
copying package.xml -> /home/pan/ros2_ws/install/rosbot_utils/share/rosbot_utils
copying firmware/firmware-0.11.0.bin -> /home/pan/ros2_ws/install/rosbot_utils/share/rosbot_utils/firmware
running install_egg_info
Copying ../../../build/rosbot_utils/rosbot_utils.egg-info to /home/pan/ros2_ws/install/rosbot_utils/lib/python3.10/site-packages/rosbot_utils-0.12.0-py3.10.egg-info
running install_scripts
Installing flash_firmware script to /home/pan/ros2_ws/install/rosbot_utils/lib/rosbot_utils
writing list of installed files to '/home/pan/ros2_ws/build/rosbot_utils/install.log'
