[0.883s] Invoking command in '/home/pan/ros2_ws/src/rosbot_ros/rosbot_utils': PYTHONPATH=/home/pan/ros2_ws/build/rosbot_utils/prefix_override:/usr/lib/python3/dist-packages/colcon_core/task/python/colcon_distutils_commands:/home/pan/ros2_ws/install/rosbot_utils/lib/python3.10/site-packages:${PYTHONPATH} /usr/bin/python3 -W ignore:setup.py install is deprecated -W ignore:easy_install command is deprecated setup.py egg_info --egg-base ../../../build/rosbot_utils build --build-base /home/pan/ros2_ws/build/rosbot_utils/build install --record /home/pan/ros2_ws/build/rosbot_utils/install.log --single-version-externally-managed install_data
[1.106s] running egg_info
[1.106s] writing ../../../build/rosbot_utils/rosbot_utils.egg-info/PKG-INFO
[1.106s] writing dependency_links to ../../../build/rosbot_utils/rosbot_utils.egg-info/dependency_links.txt
[1.107s] writing entry points to ../../../build/rosbot_utils/rosbot_utils.egg-info/entry_points.txt
[1.107s] writing requirements to ../../../build/rosbot_utils/rosbot_utils.egg-info/requires.txt
[1.107s] writing top-level names to ../../../build/rosbot_utils/rosbot_utils.egg-info/top_level.txt
[1.108s] reading manifest file '../../../build/rosbot_utils/rosbot_utils.egg-info/SOURCES.txt'
[1.109s] writing manifest file '../../../build/rosbot_utils/rosbot_utils.egg-info/SOURCES.txt'
[1.109s] running build
[1.109s] running build_py
[1.110s] running install
[1.110s] running install_lib
[1.111s] running install_data
[1.111s] running install_egg_info
[1.113s] removing '/home/pan/ros2_ws/install/rosbot_utils/lib/python3.10/site-packages/rosbot_utils-0.12.0-py3.10.egg-info' (and everything under it)
[1.113s] Copying ../../../build/rosbot_utils/rosbot_utils.egg-info to /home/pan/ros2_ws/install/rosbot_utils/lib/python3.10/site-packages/rosbot_utils-0.12.0-py3.10.egg-info
[1.114s] running install_scripts
[1.131s] Installing flash_firmware script to /home/pan/ros2_ws/install/rosbot_utils/lib/rosbot_utils
[1.131s] writing list of installed files to '/home/pan/ros2_ws/build/rosbot_utils/install.log'
[1.164s] Invoked command in '/home/pan/ros2_ws/src/rosbot_ros/rosbot_utils' returned '0': PYTHONPATH=/home/pan/ros2_ws/build/rosbot_utils/prefix_override:/usr/lib/python3/dist-packages/colcon_core/task/python/colcon_distutils_commands:/home/pan/ros2_ws/install/rosbot_utils/lib/python3.10/site-packages:${PYTHONPATH} /usr/bin/python3 -W ignore:setup.py install is deprecated -W ignore:easy_install command is deprecated setup.py egg_info --egg-base ../../../build/rosbot_utils build --build-base /home/pan/ros2_ws/build/rosbot_utils/build install --record /home/pan/ros2_ws/build/rosbot_utils/install.log --single-version-externally-managed install_data
