running develop
running egg_info
creating rosbot_bringup.egg-info
writing rosbot_bringup.egg-info/PKG-INFO
writing dependency_links to rosbot_bringup.egg-info/dependency_links.txt
writing entry points to rosbot_bringup.egg-info/entry_points.txt
writing requirements to rosbot_bringup.egg-info/requires.txt
writing top-level names to rosbot_bringup.egg-info/top_level.txt
writing manifest file 'rosbot_bringup.egg-info/SOURCES.txt'
reading manifest file 'rosbot_bringup.egg-info/SOURCES.txt'
writing manifest file 'rosbot_bringup.egg-info/SOURCES.txt'
running build_ext
Creating /home/pan/ros2_ws/install/rosbot_bringup/lib/python3.10/site-packages/rosbot-bringup.egg-link (link to .)

Installed /home/pan/ros2_ws/build/rosbot_bringup
running symlink_data
creating /home/pan/ros2_ws/install/rosbot_bringup/share/ament_index
creating /home/pan/ros2_ws/install/rosbot_bringup/share/ament_index/resource_index
creating /home/pan/ros2_ws/install/rosbot_bringup/share/ament_index/resource_index/packages
symbolically linking /home/pan/ros2_ws/build/rosbot_bringup/resource/rosbot_bringup -> /home/pan/ros2_ws/install/rosbot_bringup/share/ament_index/resource_index/packages
symbolically linking /home/pan/ros2_ws/build/rosbot_bringup/package.xml -> /home/pan/ros2_ws/install/rosbot_bringup/share/rosbot_bringup
creating /home/pan/ros2_ws/install/rosbot_bringup/share/rosbot_bringup/launch
symbolically linking /home/pan/ros2_ws/build/rosbot_bringup/launch/bringup.launch.py -> /home/pan/ros2_ws/install/rosbot_bringup/share/rosbot_bringup/launch
symbolically linking /home/pan/ros2_ws/build/rosbot_bringup/launch/microros.launch.py -> /home/pan/ros2_ws/install/rosbot_bringup/share/rosbot_bringup/launch
creating /home/pan/ros2_ws/install/rosbot_bringup/share/rosbot_bringup/config
symbolically linking /home/pan/ros2_ws/build/rosbot_bringup/config/ekf.yaml -> /home/pan/ros2_ws/install/rosbot_bringup/share/rosbot_bringup/config
symbolically linking /home/pan/ros2_ws/build/rosbot_bringup/config/laser_filter.yaml -> /home/pan/ros2_ws/install/rosbot_bringup/share/rosbot_bringup/config
symbolically linking /home/pan/ros2_ws/build/rosbot_bringup/config/microros_localhost_only.xml -> /home/pan/ros2_ws/install/rosbot_bringup/share/rosbot_bringup/config
