[0.627s] Invoking command in '/home/pan/ros2_ws/build/rosbot_bringup': AMENT_PREFIX_PATH=/home/pan/ros2_ws/install/rosbot_controller:/home/pan/ros2_ws/install/rosbot_hardware_interfaces:/home/pan/ros2_ws/install/micro_ros_agent:/home/pan/ros2_ws/install/rosbot_description:/home/pan/ros2_ws/install/ros_components_description:/home/pan/ros2_ws/install/micro_ros_msgs:/home/pan/ros2_ws/install/mecanum_drive_controller:/home/pan/ros2_ws/install/imu_sensor_broadcaster:${AMENT_PREFIX_PATH} CMAKE_PREFIX_PATH=/home/pan/ros2_ws/install/rosbot_hardware_interfaces:/home/pan/ros2_ws/install/micro_ros_agent:/home/pan/ros2_ws/install/rosbot_description:/home/pan/ros2_ws/install/ros_components_description:/home/pan/ros2_ws/install/micro_ros_msgs:/home/pan/ros2_ws/install/mecanum_drive_controller:/home/pan/ros2_ws/install/imu_sensor_broadcaster GAZEBO_MODEL_PATH=/home/pan/ros2_ws/install/rosbot_description/share:/home/pan/ros2_ws/install/ros_components_description/share GZ_SIM_RESOURCE_PATH=/home/pan/ros2_ws/install/rosbot_description/share:/home/pan/ros2_ws/install/ros_components_description/share IGN_GAZEBO_RESOURCE_PATH=/home/pan/ros2_ws/install/rosbot_description/share:/home/pan/ros2_ws/install/ros_components_description/share LD_LIBRARY_PATH=/home/pan/ros2_ws/install/rosbot_hardware_interfaces/lib:/home/pan/ros2_ws/install/micro_ros_agent/lib:/home/pan/ros2_ws/install/micro_ros_msgs/lib:/home/pan/ros2_ws/install/mecanum_drive_controller/lib:/home/pan/ros2_ws/install/imu_sensor_broadcaster/lib:${LD_LIBRARY_PATH} PYTHONPATH=/home/pan/ros2_ws/build/rosbot_bringup/prefix_override:/usr/lib/python3/dist-packages/colcon_core/task/python/colcon_distutils_commands:/home/pan/ros2_ws/install/rosbot_bringup/lib/python3.10/site-packages:/home/pan/ros2_ws/build/rosbot_controller:/home/pan/ros2_ws/install/rosbot_controller/lib/python3.10/site-packages:/home/pan/ros2_ws/install/micro_ros_msgs/local/lib/python3.10/dist-packages:${PYTHONPATH} /usr/bin/python3 -W ignore:setup.py install is deprecated -W ignore:easy_install command is deprecated setup.py develop --editable --build-directory /home/pan/ros2_ws/build/rosbot_bringup/build --no-deps symlink_data
[0.863s] running develop
[1.009s] running egg_info
[1.009s] creating rosbot_bringup.egg-info
[1.009s] writing rosbot_bringup.egg-info/PKG-INFO
[1.009s] writing dependency_links to rosbot_bringup.egg-info/dependency_links.txt
[1.010s] writing entry points to rosbot_bringup.egg-info/entry_points.txt
[1.010s] writing requirements to rosbot_bringup.egg-info/requires.txt
[1.010s] writing top-level names to rosbot_bringup.egg-info/top_level.txt
[1.010s] writing manifest file 'rosbot_bringup.egg-info/SOURCES.txt'
[1.011s] reading manifest file 'rosbot_bringup.egg-info/SOURCES.txt'
[1.011s] writing manifest file 'rosbot_bringup.egg-info/SOURCES.txt'
[1.012s] running build_ext
[1.013s] Creating /home/pan/ros2_ws/install/rosbot_bringup/lib/python3.10/site-packages/rosbot-bringup.egg-link (link to .)
[1.014s] 
[1.014s] Installed /home/pan/ros2_ws/build/rosbot_bringup
[1.014s] running symlink_data
[1.014s] creating /home/pan/ros2_ws/install/rosbot_bringup/share/ament_index
[1.014s] creating /home/pan/ros2_ws/install/rosbot_bringup/share/ament_index/resource_index
[1.014s] creating /home/pan/ros2_ws/install/rosbot_bringup/share/ament_index/resource_index/packages
[1.014s] symbolically linking /home/pan/ros2_ws/build/rosbot_bringup/resource/rosbot_bringup -> /home/pan/ros2_ws/install/rosbot_bringup/share/ament_index/resource_index/packages
[1.014s] symbolically linking /home/pan/ros2_ws/build/rosbot_bringup/package.xml -> /home/pan/ros2_ws/install/rosbot_bringup/share/rosbot_bringup
[1.014s] creating /home/pan/ros2_ws/install/rosbot_bringup/share/rosbot_bringup/launch
[1.014s] symbolically linking /home/pan/ros2_ws/build/rosbot_bringup/launch/bringup.launch.py -> /home/pan/ros2_ws/install/rosbot_bringup/share/rosbot_bringup/launch
[1.014s] symbolically linking /home/pan/ros2_ws/build/rosbot_bringup/launch/microros.launch.py -> /home/pan/ros2_ws/install/rosbot_bringup/share/rosbot_bringup/launch
[1.014s] creating /home/pan/ros2_ws/install/rosbot_bringup/share/rosbot_bringup/config
[1.014s] symbolically linking /home/pan/ros2_ws/build/rosbot_bringup/config/ekf.yaml -> /home/pan/ros2_ws/install/rosbot_bringup/share/rosbot_bringup/config
[1.014s] symbolically linking /home/pan/ros2_ws/build/rosbot_bringup/config/laser_filter.yaml -> /home/pan/ros2_ws/install/rosbot_bringup/share/rosbot_bringup/config
[1.015s] symbolically linking /home/pan/ros2_ws/build/rosbot_bringup/config/microros_localhost_only.xml -> /home/pan/ros2_ws/install/rosbot_bringup/share/rosbot_bringup/config
[1.056s] Invoked command in '/home/pan/ros2_ws/build/rosbot_bringup' returned '0': AMENT_PREFIX_PATH=/home/pan/ros2_ws/install/rosbot_controller:/home/pan/ros2_ws/install/rosbot_hardware_interfaces:/home/pan/ros2_ws/install/micro_ros_agent:/home/pan/ros2_ws/install/rosbot_description:/home/pan/ros2_ws/install/ros_components_description:/home/pan/ros2_ws/install/micro_ros_msgs:/home/pan/ros2_ws/install/mecanum_drive_controller:/home/pan/ros2_ws/install/imu_sensor_broadcaster:${AMENT_PREFIX_PATH} CMAKE_PREFIX_PATH=/home/pan/ros2_ws/install/rosbot_hardware_interfaces:/home/pan/ros2_ws/install/micro_ros_agent:/home/pan/ros2_ws/install/rosbot_description:/home/pan/ros2_ws/install/ros_components_description:/home/pan/ros2_ws/install/micro_ros_msgs:/home/pan/ros2_ws/install/mecanum_drive_controller:/home/pan/ros2_ws/install/imu_sensor_broadcaster GAZEBO_MODEL_PATH=/home/pan/ros2_ws/install/rosbot_description/share:/home/pan/ros2_ws/install/ros_components_description/share GZ_SIM_RESOURCE_PATH=/home/pan/ros2_ws/install/rosbot_description/share:/home/pan/ros2_ws/install/ros_components_description/share IGN_GAZEBO_RESOURCE_PATH=/home/pan/ros2_ws/install/rosbot_description/share:/home/pan/ros2_ws/install/ros_components_description/share LD_LIBRARY_PATH=/home/pan/ros2_ws/install/rosbot_hardware_interfaces/lib:/home/pan/ros2_ws/install/micro_ros_agent/lib:/home/pan/ros2_ws/install/micro_ros_msgs/lib:/home/pan/ros2_ws/install/mecanum_drive_controller/lib:/home/pan/ros2_ws/install/imu_sensor_broadcaster/lib:${LD_LIBRARY_PATH} PYTHONPATH=/home/pan/ros2_ws/build/rosbot_bringup/prefix_override:/usr/lib/python3/dist-packages/colcon_core/task/python/colcon_distutils_commands:/home/pan/ros2_ws/install/rosbot_bringup/lib/python3.10/site-packages:/home/pan/ros2_ws/build/rosbot_controller:/home/pan/ros2_ws/install/rosbot_controller/lib/python3.10/site-packages:/home/pan/ros2_ws/install/micro_ros_msgs/local/lib/python3.10/dist-packages:${PYTHONPATH} /usr/bin/python3 -W ignore:setup.py install is deprecated -W ignore:easy_install command is deprecated setup.py develop --editable --build-directory /home/pan/ros2_ws/build/rosbot_bringup/build --no-deps symlink_data
