running develop
running egg_info
creating rosbot_utils.egg-info
writing rosbot_utils.egg-info/PKG-INFO
writing dependency_links to rosbot_utils.egg-info/dependency_links.txt
writing entry points to rosbot_utils.egg-info/entry_points.txt
writing requirements to rosbot_utils.egg-info/requires.txt
writing top-level names to rosbot_utils.egg-info/top_level.txt
writing manifest file 'rosbot_utils.egg-info/SOURCES.txt'
reading manifest file 'rosbot_utils.egg-info/SOURCES.txt'
writing manifest file 'rosbot_utils.egg-info/SOURCES.txt'
running build_ext
Creating /home/pan/ros2_ws/install/rosbot_utils/lib/python3.10/site-packages/rosbot-utils.egg-link (link to .)
Installing flash_firmware script to /home/pan/ros2_ws/install/rosbot_utils/lib/rosbot_utils

Installed /home/pan/ros2_ws/build/rosbot_utils
running symlink_data
creating /home/pan/ros2_ws/install/rosbot_utils/share/ament_index
creating /home/pan/ros2_ws/install/rosbot_utils/share/ament_index/resource_index
creating /home/pan/ros2_ws/install/rosbot_utils/share/ament_index/resource_index/packages
symbolically linking /home/pan/ros2_ws/build/rosbot_utils/resource/rosbot_utils -> /home/pan/ros2_ws/install/rosbot_utils/share/ament_index/resource_index/packages
symbolically linking /home/pan/ros2_ws/build/rosbot_utils/package.xml -> /home/pan/ros2_ws/install/rosbot_utils/share/rosbot_utils
creating /home/pan/ros2_ws/install/rosbot_utils/share/rosbot_utils/firmware
symbolically linking /home/pan/ros2_ws/build/rosbot_utils/firmware/firmware-0.11.0.bin -> /home/pan/ros2_ws/install/rosbot_utils/share/rosbot_utils/firmware
