[0.012s] Invoking command in '/home/pan/ros2_ws/build/turtlebot3_simulations': AMENT_PREFIX_PATH=/home/pan/ros2_ws/install/turtlebot3_gazebo:/home/pan/ros2_ws/install/turtlebot3_fake_node:${AMENT_PREFIX_PATH} CMAKE_PREFIX_PATH=/home/pan/ros2_ws/install/turtlebot3_gazebo:/home/pan/ros2_ws/install/turtlebot3_fake_node:/usr/share/gazebo/cmake:/opt/ros/humble /usr/bin/cmake /home/pan/ros2_ws/src/turtlebot3_simulations/turtlebot3_simulations -DCMAKE_INSTALL_PREFIX=/home/pan/ros2_ws/install/turtlebot3_simulations
[0.024s] -- Found ament_cmake: 1.3.11 (/opt/ros/humble/share/ament_cmake/cmake)
[0.142s] -- Override CMake install command with custom implementation using symlinks instead of copying resources
[0.213s] -- Configuring done
[0.218s] -- Generating done
[0.220s] -- Build files have been written to: /home/pan/ros2_ws/build/turtlebot3_simulations
[0.408s] Invoked command in '/home/pan/ros2_ws/build/turtlebot3_simulations' returned '0': AMENT_PREFIX_PATH=/home/pan/ros2_ws/install/turtlebot3_gazebo:/home/pan/ros2_ws/install/turtlebot3_fake_node:${AMENT_PREFIX_PATH} CMAKE_PREFIX_PATH=/home/pan/ros2_ws/install/turtlebot3_gazebo:/home/pan/ros2_ws/install/turtlebot3_fake_node:/usr/share/gazebo/cmake:/opt/ros/humble /usr/bin/cmake /home/pan/ros2_ws/src/turtlebot3_simulations/turtlebot3_simulations -DCMAKE_INSTALL_PREFIX=/home/pan/ros2_ws/install/turtlebot3_simulations
[0.409s] Invoking command in '/home/pan/ros2_ws/build/turtlebot3_simulations': AMENT_PREFIX_PATH=/home/pan/ros2_ws/install/turtlebot3_gazebo:/home/pan/ros2_ws/install/turtlebot3_fake_node:${AMENT_PREFIX_PATH} CMAKE_PREFIX_PATH=/home/pan/ros2_ws/install/turtlebot3_gazebo:/home/pan/ros2_ws/install/turtlebot3_fake_node:/usr/share/gazebo/cmake:/opt/ros/humble /usr/bin/cmake --build /home/pan/ros2_ws/build/turtlebot3_simulations -- -j12 -l12
[0.451s] Invoked command in '/home/pan/ros2_ws/build/turtlebot3_simulations' returned '0': AMENT_PREFIX_PATH=/home/pan/ros2_ws/install/turtlebot3_gazebo:/home/pan/ros2_ws/install/turtlebot3_fake_node:${AMENT_PREFIX_PATH} CMAKE_PREFIX_PATH=/home/pan/ros2_ws/install/turtlebot3_gazebo:/home/pan/ros2_ws/install/turtlebot3_fake_node:/usr/share/gazebo/cmake:/opt/ros/humble /usr/bin/cmake --build /home/pan/ros2_ws/build/turtlebot3_simulations -- -j12 -l12
[0.453s] Invoking command in '/home/pan/ros2_ws/build/turtlebot3_simulations': AMENT_PREFIX_PATH=/home/pan/ros2_ws/install/turtlebot3_gazebo:/home/pan/ros2_ws/install/turtlebot3_fake_node:${AMENT_PREFIX_PATH} CMAKE_PREFIX_PATH=/home/pan/ros2_ws/install/turtlebot3_gazebo:/home/pan/ros2_ws/install/turtlebot3_fake_node:/usr/share/gazebo/cmake:/opt/ros/humble /usr/bin/cmake --install /home/pan/ros2_ws/build/turtlebot3_simulations
[0.460s] -- Install configuration: ""
[0.460s] -- Execute custom install script
[0.461s] -- Up-to-date symlink: /home/pan/ros2_ws/install/turtlebot3_simulations/share/ament_index/resource_index/package_run_dependencies/turtlebot3_simulations
[0.463s] -- Up-to-date symlink: /home/pan/ros2_ws/install/turtlebot3_simulations/share/ament_index/resource_index/parent_prefix_path/turtlebot3_simulations
[0.464s] -- Up-to-date symlink: /home/pan/ros2_ws/install/turtlebot3_simulations/share/turtlebot3_simulations/environment/ament_prefix_path.sh
[0.464s] -- Up-to-date symlink: /home/pan/ros2_ws/install/turtlebot3_simulations/share/turtlebot3_simulations/environment/ament_prefix_path.dsv
[0.465s] -- Up-to-date symlink: /home/pan/ros2_ws/install/turtlebot3_simulations/share/turtlebot3_simulations/environment/path.sh
[0.466s] -- Up-to-date symlink: /home/pan/ros2_ws/install/turtlebot3_simulations/share/turtlebot3_simulations/environment/path.dsv
[0.467s] -- Up-to-date symlink: /home/pan/ros2_ws/install/turtlebot3_simulations/share/turtlebot3_simulations/local_setup.bash
[0.467s] -- Up-to-date symlink: /home/pan/ros2_ws/install/turtlebot3_simulations/share/turtlebot3_simulations/local_setup.sh
[0.467s] -- Up-to-date symlink: /home/pan/ros2_ws/install/turtlebot3_simulations/share/turtlebot3_simulations/local_setup.zsh
[0.467s] -- Up-to-date symlink: /home/pan/ros2_ws/install/turtlebot3_simulations/share/turtlebot3_simulations/local_setup.dsv
[0.467s] -- Symlinking: /home/pan/ros2_ws/install/turtlebot3_simulations/share/turtlebot3_simulations/package.dsv
[0.478s] -- Up-to-date symlink: /home/pan/ros2_ws/install/turtlebot3_simulations/share/ament_index/resource_index/packages/turtlebot3_simulations
[0.479s] -- Up-to-date symlink: /home/pan/ros2_ws/install/turtlebot3_simulations/share/turtlebot3_simulations/cmake/turtlebot3_simulationsConfig.cmake
[0.479s] -- Up-to-date symlink: /home/pan/ros2_ws/install/turtlebot3_simulations/share/turtlebot3_simulations/cmake/turtlebot3_simulationsConfig-version.cmake
[0.479s] -- Up-to-date symlink: /home/pan/ros2_ws/install/turtlebot3_simulations/share/turtlebot3_simulations/package.xml
[0.482s] Invoked command in '/home/pan/ros2_ws/build/turtlebot3_simulations' returned '0': AMENT_PREFIX_PATH=/home/pan/ros2_ws/install/turtlebot3_gazebo:/home/pan/ros2_ws/install/turtlebot3_fake_node:${AMENT_PREFIX_PATH} CMAKE_PREFIX_PATH=/home/pan/ros2_ws/install/turtlebot3_gazebo:/home/pan/ros2_ws/install/turtlebot3_fake_node:/usr/share/gazebo/cmake:/opt/ros/humble /usr/bin/cmake --install /home/pan/ros2_ws/build/turtlebot3_simulations
