[0.638s] Invoking command in '/home/pan/ros2_ws/build/rosbot_gazebo': AMENT_PREFIX_PATH=/home/pan/ros2_ws/install/rosbot_bringup:/home/pan/ros2_ws/install/rosbot_controller:/home/pan/ros2_ws/install/rosbot_hardware_interfaces:/home/pan/ros2_ws/install/micro_ros_agent:/home/pan/ros2_ws/install/rosbot_description:/home/pan/ros2_ws/install/ros_components_description:/home/pan/ros2_ws/install/micro_ros_msgs:/home/pan/ros2_ws/install/mecanum_drive_controller:/home/pan/ros2_ws/install/imu_sensor_broadcaster:/home/pan/ros2_ws/install/husarion_gz_worlds:${AMENT_PREFIX_PATH} CMAKE_PREFIX_PATH=/home/pan/ros2_ws/install/rosbot_hardware_interfaces:/home/pan/ros2_ws/install/micro_ros_agent:/home/pan/ros2_ws/install/rosbot_description:/home/pan/ros2_ws/install/ros_components_description:/home/pan/ros2_ws/install/micro_ros_msgs:/home/pan/ros2_ws/install/mecanum_drive_controller:/home/pan/ros2_ws/install/imu_sensor_broadcaster:/home/pan/ros2_ws/install/husarion_gz_worlds GAZEBO_MODEL_PATH=/home/pan/ros2_ws/install/rosbot_description/share:/home/pan/ros2_ws/install/ros_components_description/share:/home/pan/ros2_ws/install/husarion_gz_worlds/share/husarion_gz_worlds/models GZ_SIM_RESOURCE_PATH=/home/pan/ros2_ws/install/rosbot_description/share:/home/pan/ros2_ws/install/ros_components_description/share:/home/pan/ros2_ws/install/husarion_gz_worlds/share/husarion_gz_worlds/models IGN_GAZEBO_RESOURCE_PATH=/home/pan/ros2_ws/install/rosbot_description/share:/home/pan/ros2_ws/install/ros_components_description/share:/home/pan/ros2_ws/install/husarion_gz_worlds/share/husarion_gz_worlds/models LD_LIBRARY_PATH=/home/pan/ros2_ws/install/rosbot_hardware_interfaces/lib:/home/pan/ros2_ws/install/micro_ros_agent/lib:/home/pan/ros2_ws/install/micro_ros_msgs/lib:/home/pan/ros2_ws/install/mecanum_drive_controller/lib:/home/pan/ros2_ws/install/imu_sensor_broadcaster/lib:${LD_LIBRARY_PATH} PYTHONPATH=/home/pan/ros2_ws/build/rosbot_gazebo/prefix_override:/usr/lib/python3/dist-packages/colcon_core/task/python/colcon_distutils_commands:/home/pan/ros2_ws/install/rosbot_gazebo/lib/python3.10/site-packages:/home/pan/ros2_ws/build/rosbot_bringup:/home/pan/ros2_ws/install/rosbot_bringup/lib/python3.10/site-packages:/home/pan/ros2_ws/build/rosbot_controller:/home/pan/ros2_ws/install/rosbot_controller/lib/python3.10/site-packages:/home/pan/ros2_ws/install/micro_ros_msgs/local/lib/python3.10/dist-packages:${PYTHONPATH} /usr/bin/python3 -W ignore:setup.py install is deprecated -W ignore:easy_install command is deprecated setup.py develop --editable --build-directory /home/pan/ros2_ws/build/rosbot_gazebo/build --no-deps symlink_data
[0.872s] running develop
[1.016s] running egg_info
[1.016s] creating rosbot_gazebo.egg-info
[1.016s] writing rosbot_gazebo.egg-info/PKG-INFO
[1.016s] writing dependency_links to rosbot_gazebo.egg-info/dependency_links.txt
[1.017s] writing entry points to rosbot_gazebo.egg-info/entry_points.txt
[1.017s] writing requirements to rosbot_gazebo.egg-info/requires.txt
[1.017s] writing top-level names to rosbot_gazebo.egg-info/top_level.txt
[1.017s] writing manifest file 'rosbot_gazebo.egg-info/SOURCES.txt'
[1.017s] reading manifest file 'rosbot_gazebo.egg-info/SOURCES.txt'
[1.018s] writing manifest file 'rosbot_gazebo.egg-info/SOURCES.txt'
[1.019s] running build_ext
[1.019s] Creating /home/pan/ros2_ws/install/rosbot_gazebo/lib/python3.10/site-packages/rosbot-gazebo.egg-link (link to .)
[1.020s] 
[1.020s] Installed /home/pan/ros2_ws/build/rosbot_gazebo
[1.020s] running symlink_data
[1.020s] creating /home/pan/ros2_ws/install/rosbot_gazebo/share/ament_index
[1.020s] creating /home/pan/ros2_ws/install/rosbot_gazebo/share/ament_index/resource_index
[1.020s] creating /home/pan/ros2_ws/install/rosbot_gazebo/share/ament_index/resource_index/packages
[1.021s] symbolically linking /home/pan/ros2_ws/build/rosbot_gazebo/resource/rosbot_gazebo -> /home/pan/ros2_ws/install/rosbot_gazebo/share/ament_index/resource_index/packages
[1.021s] symbolically linking /home/pan/ros2_ws/build/rosbot_gazebo/package.xml -> /home/pan/ros2_ws/install/rosbot_gazebo/share/rosbot_gazebo
[1.021s] creating /home/pan/ros2_ws/install/rosbot_gazebo/share/rosbot_gazebo/launch
[1.021s] symbolically linking /home/pan/ros2_ws/build/rosbot_gazebo/launch/simulation.launch.py -> /home/pan/ros2_ws/install/rosbot_gazebo/share/rosbot_gazebo/launch
[1.021s] symbolically linking /home/pan/ros2_ws/build/rosbot_gazebo/launch/spawn.launch.py -> /home/pan/ros2_ws/install/rosbot_gazebo/share/rosbot_gazebo/launch
[1.021s] creating /home/pan/ros2_ws/install/rosbot_gazebo/share/rosbot_gazebo/config
[1.021s] symbolically linking /home/pan/ros2_ws/build/rosbot_gazebo/config/gz_remappings.yaml -> /home/pan/ros2_ws/install/rosbot_gazebo/share/rosbot_gazebo/config
[1.065s] Invoked command in '/home/pan/ros2_ws/build/rosbot_gazebo' returned '0': AMENT_PREFIX_PATH=/home/pan/ros2_ws/install/rosbot_bringup:/home/pan/ros2_ws/install/rosbot_controller:/home/pan/ros2_ws/install/rosbot_hardware_interfaces:/home/pan/ros2_ws/install/micro_ros_agent:/home/pan/ros2_ws/install/rosbot_description:/home/pan/ros2_ws/install/ros_components_description:/home/pan/ros2_ws/install/micro_ros_msgs:/home/pan/ros2_ws/install/mecanum_drive_controller:/home/pan/ros2_ws/install/imu_sensor_broadcaster:/home/pan/ros2_ws/install/husarion_gz_worlds:${AMENT_PREFIX_PATH} CMAKE_PREFIX_PATH=/home/pan/ros2_ws/install/rosbot_hardware_interfaces:/home/pan/ros2_ws/install/micro_ros_agent:/home/pan/ros2_ws/install/rosbot_description:/home/pan/ros2_ws/install/ros_components_description:/home/pan/ros2_ws/install/micro_ros_msgs:/home/pan/ros2_ws/install/mecanum_drive_controller:/home/pan/ros2_ws/install/imu_sensor_broadcaster:/home/pan/ros2_ws/install/husarion_gz_worlds GAZEBO_MODEL_PATH=/home/pan/ros2_ws/install/rosbot_description/share:/home/pan/ros2_ws/install/ros_components_description/share:/home/pan/ros2_ws/install/husarion_gz_worlds/share/husarion_gz_worlds/models GZ_SIM_RESOURCE_PATH=/home/pan/ros2_ws/install/rosbot_description/share:/home/pan/ros2_ws/install/ros_components_description/share:/home/pan/ros2_ws/install/husarion_gz_worlds/share/husarion_gz_worlds/models IGN_GAZEBO_RESOURCE_PATH=/home/pan/ros2_ws/install/rosbot_description/share:/home/pan/ros2_ws/install/ros_components_description/share:/home/pan/ros2_ws/install/husarion_gz_worlds/share/husarion_gz_worlds/models LD_LIBRARY_PATH=/home/pan/ros2_ws/install/rosbot_hardware_interfaces/lib:/home/pan/ros2_ws/install/micro_ros_agent/lib:/home/pan/ros2_ws/install/micro_ros_msgs/lib:/home/pan/ros2_ws/install/mecanum_drive_controller/lib:/home/pan/ros2_ws/install/imu_sensor_broadcaster/lib:${LD_LIBRARY_PATH} PYTHONPATH=/home/pan/ros2_ws/build/rosbot_gazebo/prefix_override:/usr/lib/python3/dist-packages/colcon_core/task/python/colcon_distutils_commands:/home/pan/ros2_ws/install/rosbot_gazebo/lib/python3.10/site-packages:/home/pan/ros2_ws/build/rosbot_bringup:/home/pan/ros2_ws/install/rosbot_bringup/lib/python3.10/site-packages:/home/pan/ros2_ws/build/rosbot_controller:/home/pan/ros2_ws/install/rosbot_controller/lib/python3.10/site-packages:/home/pan/ros2_ws/install/micro_ros_msgs/local/lib/python3.10/dist-packages:${PYTHONPATH} /usr/bin/python3 -W ignore:setup.py install is deprecated -W ignore:easy_install command is deprecated setup.py develop --editable --build-directory /home/pan/ros2_ws/build/rosbot_gazebo/build --no-deps symlink_data
