[0.040s] Invoking command in '/home/pan/ros2_ws/build/mecanum_drive_controller': CMAKE_PREFIX_PATH=${CMAKE_PREFIX_PATH}:/home/pan/ros2_ws/install/rosbot_utils:/home/pan/ros2_ws/install/rosbot_gazebo:/home/pan/ros2_ws/install/rosbot_bringup:/home/pan/ros2_ws/install/rosbot_controller:/opt/ros/humble /usr/bin/cmake /home/pan/ros2_ws/src/husarion_controllers/mecanum_drive_controller -DCMAKE_INSTALL_PREFIX=/home/pan/ros2_ws/install/mecanum_drive_controller
[0.057s] -- Found ament_cmake: 1.3.11 (/opt/ros/humble/share/ament_cmake/cmake)
[0.247s] -- Override CMake install command with custom implementation using symlinks instead of copying resources
[0.257s] -- Found controller_interface: 2.48.0 (/opt/ros/humble/share/controller_interface/cmake)
[0.295s] -- Found rosidl_generator_c: 3.1.6 (/opt/ros/humble/share/rosidl_generator_c/cmake)
[0.299s] -- Found rosidl_adapter: 3.1.6 (/opt/ros/humble/share/rosidl_adapter/cmake)
[0.307s] -- Found rosidl_generator_cpp: 3.1.6 (/opt/ros/humble/share/rosidl_generator_cpp/cmake)
[0.322s] -- Using all available rosidl_typesupport_c: rosidl_typesupport_fastrtps_c;rosidl_typesupport_introspection_c
[0.335s] -- Using all available rosidl_typesupport_cpp: rosidl_typesupport_fastrtps_cpp;rosidl_typesupport_introspection_cpp
[0.519s] -- Found rmw_implementation_cmake: 6.1.2 (/opt/ros/humble/share/rmw_implementation_cmake/cmake)
[0.519s] -- Found rmw_fastrtps_cpp: 6.2.7 (/opt/ros/humble/share/rmw_fastrtps_cpp/cmake)
[0.538s] -- Found TinyXML2 via Config file: TinyXML2_DIR-NOTFOUND
[0.546s] -- Found TinyXML2 via Config file: TinyXML2_DIR-NOTFOUND
[0.569s] -- Found TinyXML2 via Config file: TinyXML2_DIR-NOTFOUND
[0.581s] -- Found TinyXML2 via Config file: TinyXML2_DIR-NOTFOUND
[0.597s] -- Using RMW implementation 'rmw_fastrtps_cpp' as default
[0.645s] -- Found generate_parameter_library: 0.4.0 (/opt/ros/humble/share/generate_parameter_library/cmake)
[0.645s] -- Found parameter_traits: 0.4.0 (/opt/ros/humble/share/parameter_traits/cmake)
[0.652s] -- Found nav_msgs: 4.2.4 (/opt/ros/humble/share/nav_msgs/cmake)
[0.667s] -- Found realtime_tools: 2.11.0 (/opt/ros/humble/share/realtime_tools/cmake)
[0.676s] -- Found tf2: 0.25.12 (/opt/ros/humble/share/tf2/cmake)
[0.679s] -- Found tf2_msgs: 0.25.12 (/opt/ros/humble/share/tf2_msgs/cmake)
[0.785s] -- Configuring done
[0.817s] -- Generating done
[0.823s] -- Build files have been written to: /home/pan/ros2_ws/build/mecanum_drive_controller
[0.834s] Invoked command in '/home/pan/ros2_ws/build/mecanum_drive_controller' returned '0': CMAKE_PREFIX_PATH=${CMAKE_PREFIX_PATH}:/home/pan/ros2_ws/install/rosbot_utils:/home/pan/ros2_ws/install/rosbot_gazebo:/home/pan/ros2_ws/install/rosbot_bringup:/home/pan/ros2_ws/install/rosbot_controller:/opt/ros/humble /usr/bin/cmake /home/pan/ros2_ws/src/husarion_controllers/mecanum_drive_controller -DCMAKE_INSTALL_PREFIX=/home/pan/ros2_ws/install/mecanum_drive_controller
[0.836s] Invoking command in '/home/pan/ros2_ws/build/mecanum_drive_controller': CMAKE_PREFIX_PATH=${CMAKE_PREFIX_PATH}:/home/pan/ros2_ws/install/rosbot_utils:/home/pan/ros2_ws/install/rosbot_gazebo:/home/pan/ros2_ws/install/rosbot_bringup:/home/pan/ros2_ws/install/rosbot_controller:/opt/ros/humble /usr/bin/cmake --build /home/pan/ros2_ws/build/mecanum_drive_controller -- -j12 -l12
[0.896s] [ 33%] Built target mecanum_drive_controller_parameters
[0.910s] [35m[1mConsolidate compiler generated dependencies of target mecanum_drive_controller[0m
[0.932s] [100%] Built target mecanum_drive_controller
[0.947s] Invoked command in '/home/pan/ros2_ws/build/mecanum_drive_controller' returned '0': CMAKE_PREFIX_PATH=${CMAKE_PREFIX_PATH}:/home/pan/ros2_ws/install/rosbot_utils:/home/pan/ros2_ws/install/rosbot_gazebo:/home/pan/ros2_ws/install/rosbot_bringup:/home/pan/ros2_ws/install/rosbot_controller:/opt/ros/humble /usr/bin/cmake --build /home/pan/ros2_ws/build/mecanum_drive_controller -- -j12 -l12
[0.948s] Invoking command in '/home/pan/ros2_ws/build/mecanum_drive_controller': CMAKE_PREFIX_PATH=${CMAKE_PREFIX_PATH}:/home/pan/ros2_ws/install/rosbot_utils:/home/pan/ros2_ws/install/rosbot_gazebo:/home/pan/ros2_ws/install/rosbot_bringup:/home/pan/ros2_ws/install/rosbot_controller:/opt/ros/humble /usr/bin/cmake --install /home/pan/ros2_ws/build/mecanum_drive_controller
[0.956s] -- Install configuration: "Release"
[0.957s] -- Execute custom install script
[0.957s] -- Up-to-date symlink: /home/pan/ros2_ws/install/mecanum_drive_controller/include/mecanum_drive_controller/mecanum_drive_controller_parameters.hpp
[0.957s] -- Up-to-date symlink: /home/pan/ros2_ws/install/mecanum_drive_controller/share/mecanum_drive_controller//mecanum_drive_plugin.xml
[0.958s] -- Up-to-date symlink: /home/pan/ros2_ws/install/mecanum_drive_controller/include/mecanum_drive_controller/mecanum_drive_controller/mecanum_drive_controller.hpp
[0.958s] -- Up-to-date symlink: /home/pan/ros2_ws/install/mecanum_drive_controller/include/mecanum_drive_controller/mecanum_drive_controller/odometry.hpp
[0.958s] -- Up-to-date symlink: /home/pan/ros2_ws/install/mecanum_drive_controller/include/mecanum_drive_controller/mecanum_drive_controller/speed_limiter.hpp
[0.958s] -- Up-to-date symlink: /home/pan/ros2_ws/install/mecanum_drive_controller/include/mecanum_drive_controller/mecanum_drive_controller/visibility_control.h
[0.958s] -- Up-to-date symlink: /home/pan/ros2_ws/install/mecanum_drive_controller/share/mecanum_drive_controller/environment/library_path.sh
[0.958s] -- Up-to-date symlink: /home/pan/ros2_ws/install/mecanum_drive_controller/share/mecanum_drive_controller/environment/library_path.dsv
[0.958s] -- Up-to-date symlink: /home/pan/ros2_ws/install/mecanum_drive_controller/share/ament_index/resource_index/package_run_dependencies/mecanum_drive_controller
[0.958s] -- Up-to-date symlink: /home/pan/ros2_ws/install/mecanum_drive_controller/share/ament_index/resource_index/parent_prefix_path/mecanum_drive_controller
[0.959s] -- Up-to-date symlink: /home/pan/ros2_ws/install/mecanum_drive_controller/share/mecanum_drive_controller/environment/ament_prefix_path.sh
[0.959s] -- Up-to-date symlink: /home/pan/ros2_ws/install/mecanum_drive_controller/share/mecanum_drive_controller/environment/ament_prefix_path.dsv
[0.959s] -- Up-to-date symlink: /home/pan/ros2_ws/install/mecanum_drive_controller/share/mecanum_drive_controller/environment/path.sh
[0.959s] -- Up-to-date symlink: /home/pan/ros2_ws/install/mecanum_drive_controller/share/mecanum_drive_controller/environment/path.dsv
[0.959s] -- Up-to-date symlink: /home/pan/ros2_ws/install/mecanum_drive_controller/share/mecanum_drive_controller/local_setup.bash
[0.959s] -- Up-to-date symlink: /home/pan/ros2_ws/install/mecanum_drive_controller/share/mecanum_drive_controller/local_setup.sh
[0.959s] -- Up-to-date symlink: /home/pan/ros2_ws/install/mecanum_drive_controller/share/mecanum_drive_controller/local_setup.zsh
[0.959s] -- Up-to-date symlink: /home/pan/ros2_ws/install/mecanum_drive_controller/share/mecanum_drive_controller/local_setup.dsv
[0.960s] -- Symlinking: /home/pan/ros2_ws/install/mecanum_drive_controller/share/mecanum_drive_controller/package.dsv
[0.970s] -- Up-to-date symlink: /home/pan/ros2_ws/install/mecanum_drive_controller/share/ament_index/resource_index/packages/mecanum_drive_controller
[0.971s] -- Up-to-date symlink: /home/pan/ros2_ws/install/mecanum_drive_controller/share/ament_index/resource_index/controller_interface__pluginlib__plugin/mecanum_drive_controller
[0.971s] -- Up-to-date symlink: /home/pan/ros2_ws/install/mecanum_drive_controller/share/mecanum_drive_controller/cmake/ament_cmake_export_dependencies-extras.cmake
[0.971s] -- Up-to-date symlink: /home/pan/ros2_ws/install/mecanum_drive_controller/share/mecanum_drive_controller/cmake/ament_cmake_export_targets-extras.cmake
[0.971s] -- Up-to-date symlink: /home/pan/ros2_ws/install/mecanum_drive_controller/share/mecanum_drive_controller/cmake/mecanum_drive_controllerConfig.cmake
[0.971s] -- Up-to-date symlink: /home/pan/ros2_ws/install/mecanum_drive_controller/share/mecanum_drive_controller/cmake/mecanum_drive_controllerConfig-version.cmake
[0.971s] -- Up-to-date symlink: /home/pan/ros2_ws/install/mecanum_drive_controller/share/mecanum_drive_controller/package.xml
[0.971s] -- Up-to-date: /home/pan/ros2_ws/install/mecanum_drive_controller/lib/libmecanum_drive_controller.so
[0.972s] -- Up-to-date: /home/pan/ros2_ws/install/mecanum_drive_controller/share/mecanum_drive_controller/cmake/export_mecanum_drive_controllerExport.cmake
[0.972s] -- Up-to-date: /home/pan/ros2_ws/install/mecanum_drive_controller/share/mecanum_drive_controller/cmake/export_mecanum_drive_controllerExport-release.cmake
[0.975s] Invoked command in '/home/pan/ros2_ws/build/mecanum_drive_controller' returned '0': CMAKE_PREFIX_PATH=${CMAKE_PREFIX_PATH}:/home/pan/ros2_ws/install/rosbot_utils:/home/pan/ros2_ws/install/rosbot_gazebo:/home/pan/ros2_ws/install/rosbot_bringup:/home/pan/ros2_ws/install/rosbot_controller:/opt/ros/humble /usr/bin/cmake --install /home/pan/ros2_ws/build/mecanum_drive_controller
