[0.025s] Invoking command in '/home/pan/ros2_ws/build/husarion_gz_worlds': CMAKE_PREFIX_PATH=/opt/ros/humble /usr/bin/cmake /home/pan/ros2_ws/src/husarion_gz_worlds -DCMAKE_BUILD_TYPE=Release -DAMENT_CMAKE_SYMLINK_INSTALL=1 -DCMAKE_INSTALL_PREFIX=/home/pan/ros2_ws/install/husarion_gz_worlds
[0.086s] -- The C compiler identification is GNU 11.4.0
[0.153s] -- The CXX compiler identification is GNU 11.4.0
[0.160s] -- Detecting C compiler ABI info
[0.237s] -- Detecting C compiler ABI info - done
[0.246s] -- Check for working C compiler: /usr/bin/cc - skipped
[0.247s] -- Detecting C compile features
[0.247s] -- Detecting C compile features - done
[0.252s] -- Detecting CXX compiler ABI info
[0.358s] -- Detecting CXX compiler ABI info - done
[0.366s] -- Check for working CXX compiler: /usr/bin/c++ - skipped
[0.366s] -- Detecting CXX compile features
[0.367s] -- Detecting CXX compile features - done
[0.369s] -- Found ament_cmake: 1.3.11 (/opt/ros/humble/share/ament_cmake/cmake)
[0.544s] -- Found Python3: /usr/bin/python3 (found version "3.10.12") found components: Interpreter 
[0.620s] -- Override CMake install command with custom implementation using symlinks instead of copying resources
[0.718s] -- Configuring done
[0.720s] -- Generating done
[0.722s] -- Build files have been written to: /home/pan/ros2_ws/build/husarion_gz_worlds
[0.727s] Invoked command in '/home/pan/ros2_ws/build/husarion_gz_worlds' returned '0': CMAKE_PREFIX_PATH=/opt/ros/humble /usr/bin/cmake /home/pan/ros2_ws/src/husarion_gz_worlds -DCMAKE_BUILD_TYPE=Release -DAMENT_CMAKE_SYMLINK_INSTALL=1 -DCMAKE_INSTALL_PREFIX=/home/pan/ros2_ws/install/husarion_gz_worlds
[0.729s] Invoking command in '/home/pan/ros2_ws/build/husarion_gz_worlds': CMAKE_PREFIX_PATH=/opt/ros/humble /usr/bin/cmake --build /home/pan/ros2_ws/build/husarion_gz_worlds -- -j12 -l12
[0.772s] Invoked command in '/home/pan/ros2_ws/build/husarion_gz_worlds' returned '0': CMAKE_PREFIX_PATH=/opt/ros/humble /usr/bin/cmake --build /home/pan/ros2_ws/build/husarion_gz_worlds -- -j12 -l12
[0.774s] Invoking command in '/home/pan/ros2_ws/build/husarion_gz_worlds': CMAKE_PREFIX_PATH=/opt/ros/humble /usr/bin/cmake --install /home/pan/ros2_ws/build/husarion_gz_worlds
[0.781s] -- Install configuration: "Release"
[0.781s] -- Execute custom install script
[0.782s] -- Symlinking: /home/pan/ros2_ws/install/husarion_gz_worlds/share/husarion_gz_worlds/config/teleop.config
[0.792s] -- Symlinking: /home/pan/ros2_ws/install/husarion_gz_worlds/share/husarion_gz_worlds/launch/gz_sim.launch.py
[0.803s] -- Symlinking: /home/pan/ros2_ws/install/husarion_gz_worlds/share/husarion_gz_worlds/models/ConferenceTable/meshes/conference_table.stl
[0.815s] -- Symlinking: /home/pan/ros2_ws/install/husarion_gz_worlds/share/husarion_gz_worlds/models/ConferenceTable/model.config
[0.826s] -- Symlinking: /home/pan/ros2_ws/install/husarion_gz_worlds/share/husarion_gz_worlds/models/ConferenceTable/model.sdf
[0.836s] -- Symlinking: /home/pan/ros2_ws/install/husarion_gz_worlds/share/husarion_gz_worlds/models/Door/meshes/door.stl
[0.846s] -- Symlinking: /home/pan/ros2_ws/install/husarion_gz_worlds/share/husarion_gz_worlds/models/Door/model.config
[0.856s] -- Symlinking: /home/pan/ros2_ws/install/husarion_gz_worlds/share/husarion_gz_worlds/models/Door/model.sdf
[0.866s] -- Symlinking: /home/pan/ros2_ws/install/husarion_gz_worlds/share/husarion_gz_worlds/models/HusarionLogo/meshes/husarion_logo.dae
[0.875s] -- Symlinking: /home/pan/ros2_ws/install/husarion_gz_worlds/share/husarion_gz_worlds/models/Kitchen/meshes/kitchen.stl
[0.885s] -- Symlinking: /home/pan/ros2_ws/install/husarion_gz_worlds/share/husarion_gz_worlds/models/Kitchen/model.config
[0.895s] -- Symlinking: /home/pan/ros2_ws/install/husarion_gz_worlds/share/husarion_gz_worlds/models/Kitchen/model.sdf
[0.904s] -- Symlinking: /home/pan/ros2_ws/install/husarion_gz_worlds/share/husarion_gz_worlds/models/Laptop/meshes/laptop.stl
[0.916s] -- Symlinking: /home/pan/ros2_ws/install/husarion_gz_worlds/share/husarion_gz_worlds/models/Laptop/model.config
[0.926s] -- Symlinking: /home/pan/ros2_ws/install/husarion_gz_worlds/share/husarion_gz_worlds/models/Laptop/model.sdf
[0.936s] -- Symlinking: /home/pan/ros2_ws/install/husarion_gz_worlds/share/husarion_gz_worlds/models/Rosbot/meshes/astra.dae
[0.946s] -- Symlinking: /home/pan/ros2_ws/install/husarion_gz_worlds/share/husarion_gz_worlds/models/Rosbot/meshes/box.dae
[0.956s] -- Symlinking: /home/pan/ros2_ws/install/husarion_gz_worlds/share/husarion_gz_worlds/models/Rosbot/meshes/rplidar.dae
[0.966s] -- Symlinking: /home/pan/ros2_ws/install/husarion_gz_worlds/share/husarion_gz_worlds/models/Rosbot/meshes/upper.dae
[0.976s] -- Symlinking: /home/pan/ros2_ws/install/husarion_gz_worlds/share/husarion_gz_worlds/models/Rosbot/meshes/wheel.dae
[0.987s] -- Symlinking: /home/pan/ros2_ws/install/husarion_gz_worlds/share/husarion_gz_worlds/models/Rosbot/model.config
[0.996s] -- Symlinking: /home/pan/ros2_ws/install/husarion_gz_worlds/share/husarion_gz_worlds/models/Rosbot/model.sdf
[1.006s] -- Symlinking: /home/pan/ros2_ws/install/husarion_gz_worlds/share/husarion_gz_worlds/models/Surfaces/meshes/black_concrete.png
[1.018s] -- Symlinking: /home/pan/ros2_ws/install/husarion_gz_worlds/share/husarion_gz_worlds/models/Surfaces/meshes/floor_1.mtl
[1.028s] -- Symlinking: /home/pan/ros2_ws/install/husarion_gz_worlds/share/husarion_gz_worlds/models/Surfaces/meshes/floor_1.obj
[1.039s] -- Symlinking: /home/pan/ros2_ws/install/husarion_gz_worlds/share/husarion_gz_worlds/models/Surfaces/meshes/floor_10.mtl
[1.049s] -- Symlinking: /home/pan/ros2_ws/install/husarion_gz_worlds/share/husarion_gz_worlds/models/Surfaces/meshes/floor_10.obj
[1.059s] -- Symlinking: /home/pan/ros2_ws/install/husarion_gz_worlds/share/husarion_gz_worlds/models/Surfaces/meshes/floor_11.mtl
[1.071s] -- Symlinking: /home/pan/ros2_ws/install/husarion_gz_worlds/share/husarion_gz_worlds/models/Surfaces/meshes/floor_11.obj
[1.081s] -- Symlinking: /home/pan/ros2_ws/install/husarion_gz_worlds/share/husarion_gz_worlds/models/Surfaces/meshes/floor_12.mtl
[1.092s] -- Symlinking: /home/pan/ros2_ws/install/husarion_gz_worlds/share/husarion_gz_worlds/models/Surfaces/meshes/floor_12.obj
[1.102s] -- Symlinking: /home/pan/ros2_ws/install/husarion_gz_worlds/share/husarion_gz_worlds/models/Surfaces/meshes/floor_13.mtl
[1.114s] -- Symlinking: /home/pan/ros2_ws/install/husarion_gz_worlds/share/husarion_gz_worlds/models/Surfaces/meshes/floor_13.obj
[1.125s] -- Symlinking: /home/pan/ros2_ws/install/husarion_gz_worlds/share/husarion_gz_worlds/models/Surfaces/meshes/floor_14.mtl
[1.136s] -- Symlinking: /home/pan/ros2_ws/install/husarion_gz_worlds/share/husarion_gz_worlds/models/Surfaces/meshes/floor_14.obj
[1.148s] -- Symlinking: /home/pan/ros2_ws/install/husarion_gz_worlds/share/husarion_gz_worlds/models/Surfaces/meshes/floor_2.mtl
[1.158s] -- Symlinking: /home/pan/ros2_ws/install/husarion_gz_worlds/share/husarion_gz_worlds/models/Surfaces/meshes/floor_2.obj
[1.168s] -- Symlinking: /home/pan/ros2_ws/install/husarion_gz_worlds/share/husarion_gz_worlds/models/Surfaces/meshes/floor_3.mtl
[1.179s] -- Symlinking: /home/pan/ros2_ws/install/husarion_gz_worlds/share/husarion_gz_worlds/models/Surfaces/meshes/floor_3.obj
[1.190s] -- Symlinking: /home/pan/ros2_ws/install/husarion_gz_worlds/share/husarion_gz_worlds/models/Surfaces/meshes/floor_4.mtl
[1.200s] -- Symlinking: /home/pan/ros2_ws/install/husarion_gz_worlds/share/husarion_gz_worlds/models/Surfaces/meshes/floor_4.obj
[1.211s] -- Symlinking: /home/pan/ros2_ws/install/husarion_gz_worlds/share/husarion_gz_worlds/models/Surfaces/meshes/floor_5.mtl
[1.224s] -- Symlinking: /home/pan/ros2_ws/install/husarion_gz_worlds/share/husarion_gz_worlds/models/Surfaces/meshes/floor_5.obj
[1.235s] -- Symlinking: /home/pan/ros2_ws/install/husarion_gz_worlds/share/husarion_gz_worlds/models/Surfaces/meshes/floor_6.mtl
[1.248s] -- Symlinking: /home/pan/ros2_ws/install/husarion_gz_worlds/share/husarion_gz_worlds/models/Surfaces/meshes/floor_6.obj
[1.258s] -- Symlinking: /home/pan/ros2_ws/install/husarion_gz_worlds/share/husarion_gz_worlds/models/Surfaces/meshes/floor_7.mtl
[1.269s] -- Symlinking: /home/pan/ros2_ws/install/husarion_gz_worlds/share/husarion_gz_worlds/models/Surfaces/meshes/floor_7.obj
[1.280s] -- Symlinking: /home/pan/ros2_ws/install/husarion_gz_worlds/share/husarion_gz_worlds/models/Surfaces/meshes/floor_8.mtl
[1.290s] -- Symlinking: /home/pan/ros2_ws/install/husarion_gz_worlds/share/husarion_gz_worlds/models/Surfaces/meshes/floor_8.obj
[1.301s] -- Symlinking: /home/pan/ros2_ws/install/husarion_gz_worlds/share/husarion_gz_worlds/models/Surfaces/meshes/floor_9.mtl
[1.312s] -- Symlinking: /home/pan/ros2_ws/install/husarion_gz_worlds/share/husarion_gz_worlds/models/Surfaces/meshes/floor_9.obj
[1.323s] -- Symlinking: /home/pan/ros2_ws/install/husarion_gz_worlds/share/husarion_gz_worlds/models/Surfaces/meshes/model.material
[1.333s] -- Symlinking: /home/pan/ros2_ws/install/husarion_gz_worlds/share/husarion_gz_worlds/models/Surfaces/meshes/wall_1.mtl
[1.343s] -- Symlinking: /home/pan/ros2_ws/install/husarion_gz_worlds/share/husarion_gz_worlds/models/Surfaces/meshes/wall_1.obj
[1.353s] -- Symlinking: /home/pan/ros2_ws/install/husarion_gz_worlds/share/husarion_gz_worlds/models/Surfaces/meshes/wall_2.mtl
[1.363s] -- Symlinking: /home/pan/ros2_ws/install/husarion_gz_worlds/share/husarion_gz_worlds/models/Surfaces/meshes/wall_2.obj
[1.372s] -- Symlinking: /home/pan/ros2_ws/install/husarion_gz_worlds/share/husarion_gz_worlds/models/Surfaces/meshes/white_carpet.png
[1.382s] -- Symlinking: /home/pan/ros2_ws/install/husarion_gz_worlds/share/husarion_gz_worlds/models/Surfaces/meshes/white_tiles.png
[1.392s] -- Symlinking: /home/pan/ros2_ws/install/husarion_gz_worlds/share/husarion_gz_worlds/models/Surfaces/meshes/white_wall.png
[1.402s] -- Symlinking: /home/pan/ros2_ws/install/husarion_gz_worlds/share/husarion_gz_worlds/models/Surfaces/meshes/wood1.png
[1.414s] -- Symlinking: /home/pan/ros2_ws/install/husarion_gz_worlds/share/husarion_gz_worlds/models/Surfaces/meshes/wood2.png
[1.424s] -- Symlinking: /home/pan/ros2_ws/install/husarion_gz_worlds/share/husarion_gz_worlds/models/Surfaces/model.config
[1.434s] -- Symlinking: /home/pan/ros2_ws/install/husarion_gz_worlds/share/husarion_gz_worlds/models/Surfaces/model.sdf
[1.445s] -- Symlinking: /home/pan/ros2_ws/install/husarion_gz_worlds/share/husarion_gz_worlds/models/Tv/meshes/tv.stl
[1.455s] -- Symlinking: /home/pan/ros2_ws/install/husarion_gz_worlds/share/husarion_gz_worlds/models/Tv/model.config
[1.465s] -- Symlinking: /home/pan/ros2_ws/install/husarion_gz_worlds/share/husarion_gz_worlds/models/Tv/model.sdf
[1.475s] -- Symlinking: /home/pan/ros2_ws/install/husarion_gz_worlds/share/husarion_gz_worlds/models/WaterDispenser/meshes/water_dispenser.dae
[1.485s] -- Symlinking: /home/pan/ros2_ws/install/husarion_gz_worlds/share/husarion_gz_worlds/models/WaterDispenser/model.config
[1.496s] -- Symlinking: /home/pan/ros2_ws/install/husarion_gz_worlds/share/husarion_gz_worlds/models/WaterDispenser/model.sdf
[1.506s] -- Symlinking: /home/pan/ros2_ws/install/husarion_gz_worlds/share/husarion_gz_worlds/worlds/empty_with_plugins.sdf
[1.518s] -- Symlinking: /home/pan/ros2_ws/install/husarion_gz_worlds/share/husarion_gz_worlds/worlds/husarion_office.sdf
[1.528s] -- Symlinking: /home/pan/ros2_ws/install/husarion_gz_worlds/share/husarion_gz_worlds/worlds/husarion_world.sdf
[1.538s] -- Symlinking: /home/pan/ros2_ws/install/husarion_gz_worlds/share/husarion_gz_worlds/worlds/sonoma_raceway.sdf
[1.549s] -- Symlinking: /home/pan/ros2_ws/install/husarion_gz_worlds/share/husarion_gz_worlds/maps/husarion_world.pgm
[1.559s] -- Symlinking: /home/pan/ros2_ws/install/husarion_gz_worlds/share/husarion_gz_worlds/maps/husarion_world.yaml
[1.570s] -- Symlinking: /home/pan/ros2_ws/install/husarion_gz_worlds/share/husarion_gz_worlds/environment/husarion_gz_worlds.sh
[1.580s] -- Symlinking: /home/pan/ros2_ws/install/husarion_gz_worlds/share/ament_index/resource_index/package_run_dependencies/husarion_gz_worlds
[1.591s] -- Symlinking: /home/pan/ros2_ws/install/husarion_gz_worlds/share/ament_index/resource_index/parent_prefix_path/husarion_gz_worlds
[1.601s] -- Symlinking: /home/pan/ros2_ws/install/husarion_gz_worlds/share/husarion_gz_worlds/environment/ament_prefix_path.sh
[1.613s] -- Symlinking: /home/pan/ros2_ws/install/husarion_gz_worlds/share/husarion_gz_worlds/environment/ament_prefix_path.dsv
[1.624s] -- Symlinking: /home/pan/ros2_ws/install/husarion_gz_worlds/share/husarion_gz_worlds/environment/path.sh
[1.634s] -- Symlinking: /home/pan/ros2_ws/install/husarion_gz_worlds/share/husarion_gz_worlds/environment/path.dsv
[1.643s] -- Symlinking: /home/pan/ros2_ws/install/husarion_gz_worlds/share/husarion_gz_worlds/local_setup.bash
[1.653s] -- Symlinking: /home/pan/ros2_ws/install/husarion_gz_worlds/share/husarion_gz_worlds/local_setup.sh
[1.662s] -- Symlinking: /home/pan/ros2_ws/install/husarion_gz_worlds/share/husarion_gz_worlds/local_setup.zsh
[1.672s] -- Symlinking: /home/pan/ros2_ws/install/husarion_gz_worlds/share/husarion_gz_worlds/local_setup.dsv
[1.683s] -- Symlinking: /home/pan/ros2_ws/install/husarion_gz_worlds/share/husarion_gz_worlds/package.dsv
[1.693s] -- Symlinking: /home/pan/ros2_ws/install/husarion_gz_worlds/share/ament_index/resource_index/packages/husarion_gz_worlds
[1.707s] -- Symlinking: /home/pan/ros2_ws/install/husarion_gz_worlds/share/husarion_gz_worlds/cmake/husarion_gz_worldsConfig.cmake
[1.719s] -- Symlinking: /home/pan/ros2_ws/install/husarion_gz_worlds/share/husarion_gz_worlds/cmake/husarion_gz_worldsConfig-version.cmake
[1.730s] -- Symlinking: /home/pan/ros2_ws/install/husarion_gz_worlds/share/husarion_gz_worlds/package.xml
[1.743s] Invoked command in '/home/pan/ros2_ws/build/husarion_gz_worlds' returned '0': CMAKE_PREFIX_PATH=/opt/ros/humble /usr/bin/cmake --install /home/pan/ros2_ws/build/husarion_gz_worlds
