[0.048s] Invoking command in '/home/pan/ros2_ws/build/turtlebot3_gazebo': CMAKE_PREFIX_PATH=${CMAKE_PREFIX_PATH}:/opt/ros/humble /usr/bin/cmake /home/pan/ros2_ws/src/turtlebot3_simulations/turtlebot3_gazebo -DAMENT_CMAKE_SYMLINK_INSTALL=1 -DCMAKE_INSTALL_PREFIX=/home/pan/ros2_ws/install/turtlebot3_gazebo
[0.074s] -- Found ament_cmake: 1.3.11 (/opt/ros/humble/share/ament_cmake/cmake)
[0.247s] -- Override CMake install command with custom implementation using symlinks instead of copying resources
[0.268s] [33mCMake Warning (dev) at /usr/share/cmake-3.22/Modules/FindPackageHandleStandardArgs.cmake:438 (message):
[0.269s]   The package name passed to `find_package_handle_standard_args` (PkgConfig)
[0.269s]   does not match the name of the calling package (gazebo).  This can lead to
[0.269s]   problems in calling code that expects `find_package` result variables
[0.269s]   (e.g., `_FOUND`) to follow a certain pattern.
[0.269s] Call Stack (most recent call first):
[0.269s]   /usr/share/cmake-3.22/Modules/FindPkgConfig.cmake:99 (find_package_handle_standard_args)
[0.269s]   /usr/lib/x86_64-linux-gnu/cmake/gazebo/gazebo-config.cmake:72 (include)
[0.269s]   CMakeLists.txt:23 (find_package)
[0.269s] This warning is for project developers.  Use -Wno-dev to suppress it.
[0.269s] [0m
[0.310s] -- Found DART: /usr/include (Required is at least version "6.6") found components: dart 
[0.369s] -- Found Protobuf: /usr/lib/x86_64-linux-gnu/libprotobuf.so (found version "3.12.4") 
[0.371s] -- Looking for ignition-math6 -- found version 6.15.1
[0.379s] -- Searching for dependencies of ignition-math6
[0.381s] -- Looking for OGRE...
[0.390s] -- Found Ogre Ghadamon (1.9.0)
[0.390s] -- Found OGRE: optimized;/usr/lib/x86_64-linux-gnu/libOgreMain.so;debug;/usr/lib/x86_64-linux-gnu/libOgreMain.so
[0.401s] -- Looking for OGRE_Paging...
[0.402s] -- Found OGRE_Paging: optimized;/usr/lib/x86_64-linux-gnu/libOgrePaging.so;debug;/usr/lib/x86_64-linux-gnu/libOgrePaging.so
[0.402s] -- Looking for OGRE_Terrain...
[0.402s] -- Found OGRE_Terrain: optimized;/usr/lib/x86_64-linux-gnu/libOgreTerrain.so;debug;/usr/lib/x86_64-linux-gnu/libOgreTerrain.so
[0.402s] -- Looking for OGRE_Property...
[0.402s] -- Found OGRE_Property: optimized;/usr/lib/x86_64-linux-gnu/libOgreProperty.so;debug;/usr/lib/x86_64-linux-gnu/libOgreProperty.so
[0.402s] -- Looking for OGRE_RTShaderSystem...
[0.402s] -- Found OGRE_RTShaderSystem: optimized;/usr/lib/x86_64-linux-gnu/libOgreRTShaderSystem.so;debug;/usr/lib/x86_64-linux-gnu/libOgreRTShaderSystem.so
[0.402s] -- Looking for OGRE_Volume...
[0.403s] -- Found OGRE_Volume: optimized;/usr/lib/x86_64-linux-gnu/libOgreVolume.so;debug;/usr/lib/x86_64-linux-gnu/libOgreVolume.so
[0.403s] -- Looking for OGRE_Overlay...
[0.403s] -- Found OGRE_Overlay: optimized;/usr/lib/x86_64-linux-gnu/libOgreOverlay.so;debug;/usr/lib/x86_64-linux-gnu/libOgreOverlay.so
[0.587s] -- Looking for ignition-math6 -- found version 6.15.1
[0.588s] -- Looking for ignition-transport8 -- found version 8.2.1
[0.588s] -- Searching for dependencies of ignition-transport8
[0.610s] -- Found Protobuf: /usr/lib/x86_64-linux-gnu/libprotobuf.so (found suitable version "3.12.4", minimum required is "3") 
[0.623s] -- Config-file not installed for ZeroMQ -- checking for pkg-config
[0.630s] -- Checking for module 'libzmq >= 4'
[0.650s] --   Found libzmq , version 4.3.4
[0.710s] -- Checking for module 'uuid'
[0.728s] --   Found uuid, version 2.37.2
[0.776s] -- Looking for ignition-msgs5 -- found version 5.8.1
[0.777s] -- Searching for dependencies of ignition-msgs5
[0.800s] -- Looking for ignition-math6 -- found version 6.15.1
[0.807s] -- Checking for module 'tinyxml2'
[0.825s] --   Found tinyxml2, version 9.0.0
[0.874s] -- Looking for ignition-msgs5 -- found version 5.8.1
[0.875s] -- Looking for ignition-common3 -- found version 3.14.0
[0.875s] -- Searching for dependencies of ignition-common3
[0.875s] -- Looking for dlfcn.h - found
[0.875s] -- Looking for libdl - found
[0.889s] -- Searching for <ignition-common3> component [graphics]
[0.890s] -- Looking for ignition-common3-graphics -- found version 3.14.0
[0.890s] -- Searching for dependencies of ignition-common3-graphics
[0.891s] -- Looking for ignition-math6 -- found version 6.15.1
[0.892s] -- Looking for ignition-fuel_tools4 -- found version 4.4.0
[0.892s] -- Searching for dependencies of ignition-fuel_tools4
[0.941s] -- Checking for module 'jsoncpp'
[0.961s] --   Found jsoncpp, version 1.9.5
[1.020s] -- Checking for module 'libzip'
[1.039s] --   Found libzip, version 1.7.3
[1.089s] -- Looking for ignition-common3 -- found version 3.14.0
[1.090s] -- Looking for ignition-math6 -- found version 6.15.1
[1.090s] -- Looking for ignition-msgs5 -- found version 5.8.1
[1.094s] -- Found gazebo_ros_pkgs: 3.9.0 (/opt/ros/humble/share/gazebo_ros_pkgs/cmake)
[1.094s] -- Found geometry_msgs: 4.2.4 (/opt/ros/humble/share/geometry_msgs/cmake)
[1.118s] -- Found rosidl_generator_c: 3.1.6 (/opt/ros/humble/share/rosidl_generator_c/cmake)
[1.120s] -- Found rosidl_adapter: 3.1.6 (/opt/ros/humble/share/rosidl_adapter/cmake)
[1.126s] -- Found rosidl_generator_cpp: 3.1.6 (/opt/ros/humble/share/rosidl_generator_cpp/cmake)
[1.135s] -- Using all available rosidl_typesupport_c: rosidl_typesupport_fastrtps_c;rosidl_typesupport_introspection_c
[1.146s] -- Using all available rosidl_typesupport_cpp: rosidl_typesupport_fastrtps_cpp;rosidl_typesupport_introspection_cpp
[1.177s] -- Found nav_msgs: 4.2.4 (/opt/ros/humble/share/nav_msgs/cmake)
[1.192s] -- Found rclcpp: 16.0.11 (/opt/ros/humble/share/rclcpp/cmake)
[1.214s] -- Found rmw_implementation_cmake: 6.1.2 (/opt/ros/humble/share/rmw_implementation_cmake/cmake)
[1.215s] -- Found rmw_fastrtps_cpp: 6.2.7 (/opt/ros/humble/share/rmw_fastrtps_cpp/cmake)
[1.338s] -- Using RMW implementation 'rmw_fastrtps_cpp' as default
[1.372s] -- Found sensor_msgs: 4.2.4 (/opt/ros/humble/share/sensor_msgs/cmake)
[1.388s] -- Found tf2: 0.25.12 (/opt/ros/humble/share/tf2/cmake)
[1.456s] -- Configuring done
[1.527s] -- Generating done
[1.536s] -- Build files have been written to: /home/pan/ros2_ws/build/turtlebot3_gazebo
