[0.021s] Invoking command in '/home/pan/ros2_ws/build/ros_components_description': CMAKE_PREFIX_PATH=/opt/ros/humble /usr/bin/cmake /home/pan/ros2_ws/src/ros_components_description -DCMAKE_BUILD_TYPE=Release -DAMENT_CMAKE_SYMLINK_INSTALL=1 -DCMAKE_INSTALL_PREFIX=/home/pan/ros2_ws/install/ros_components_description
[0.087s] -- The C compiler identification is GNU 11.4.0
[0.154s] -- The CXX compiler identification is GNU 11.4.0
[0.162s] -- Detecting C compiler ABI info
[0.246s] -- Detecting C compiler ABI info - done
[0.256s] -- Check for working C compiler: /usr/bin/cc - skipped
[0.256s] -- Detecting C compile features
[0.257s] -- Detecting C compile features - done
[0.261s] -- Detecting CXX compiler ABI info
[0.353s] -- Detecting CXX compiler ABI info - done
[0.360s] -- Check for working CXX compiler: /usr/bin/c++ - skipped
[0.361s] -- Detecting CXX compile features
[0.361s] -- Detecting CXX compile features - done
[0.363s] -- Found ament_cmake: 1.3.11 (/opt/ros/humble/share/ament_cmake/cmake)
[0.533s] -- Found Python3: /usr/bin/python3 (found version "3.10.12") found components: Interpreter 
[0.598s] -- Override CMake install command with custom implementation using symlinks instead of copying resources
[0.711s] -- Configuring done
[0.712s] -- Generating done
[0.715s] -- Build files have been written to: /home/pan/ros2_ws/build/ros_components_description
[0.723s] Invoked command in '/home/pan/ros2_ws/build/ros_components_description' returned '0': CMAKE_PREFIX_PATH=/opt/ros/humble /usr/bin/cmake /home/pan/ros2_ws/src/ros_components_description -DCMAKE_BUILD_TYPE=Release -DAMENT_CMAKE_SYMLINK_INSTALL=1 -DCMAKE_INSTALL_PREFIX=/home/pan/ros2_ws/install/ros_components_description
[0.725s] Invoking command in '/home/pan/ros2_ws/build/ros_components_description': CMAKE_PREFIX_PATH=/opt/ros/humble /usr/bin/cmake --build /home/pan/ros2_ws/build/ros_components_description -- -j12 -l12
[0.773s] Invoked command in '/home/pan/ros2_ws/build/ros_components_description' returned '0': CMAKE_PREFIX_PATH=/opt/ros/humble /usr/bin/cmake --build /home/pan/ros2_ws/build/ros_components_description -- -j12 -l12
[0.775s] Invoking command in '/home/pan/ros2_ws/build/ros_components_description': CMAKE_PREFIX_PATH=/opt/ros/humble /usr/bin/cmake --install /home/pan/ros2_ws/build/ros_components_description
[0.783s] -- Install configuration: "Release"
[0.784s] -- Execute custom install script
[0.784s] -- Symlinking: /home/pan/ros2_ws/install/ros_components_description/share/ros_components_description/meshes/intel_realsense_d435.dae
[0.794s] -- Symlinking: /home/pan/ros2_ws/install/ros_components_description/share/ros_components_description/meshes/orbbec_astra.dae
[0.804s] -- Symlinking: /home/pan/ros2_ws/install/ros_components_description/share/ros_components_description/meshes/ouster_os1_32.dae
[0.816s] -- Symlinking: /home/pan/ros2_ws/install/ros_components_description/share/ros_components_description/meshes/slamtec_rplidar_a2m8.dae
[0.829s] -- Symlinking: /home/pan/ros2_ws/install/ros_components_description/share/ros_components_description/meshes/slamtec_rplidar_ax.dae
[0.840s] -- Symlinking: /home/pan/ros2_ws/install/ros_components_description/share/ros_components_description/meshes/slamtec_rplidar_s1.dae
[0.851s] -- Symlinking: /home/pan/ros2_ws/install/ros_components_description/share/ros_components_description/meshes/slamtec_rplidar_s2.dae
[0.861s] -- Symlinking: /home/pan/ros2_ws/install/ros_components_description/share/ros_components_description/meshes/slamtec_rplidar_s3.dae
[0.871s] -- Symlinking: /home/pan/ros2_ws/install/ros_components_description/share/ros_components_description/meshes/velodyne_puck.dae
[0.881s] -- Symlinking: /home/pan/ros2_ws/install/ros_components_description/share/ros_components_description/meshes/zed.stl
[0.891s] -- Symlinking: /home/pan/ros2_ws/install/ros_components_description/share/ros_components_description/meshes/zed2.stl
[0.901s] -- Symlinking: /home/pan/ros2_ws/install/ros_components_description/share/ros_components_description/meshes/zed2i.stl
[0.910s] -- Symlinking: /home/pan/ros2_ws/install/ros_components_description/share/ros_components_description/meshes/zedm.stl
[0.922s] -- Symlinking: /home/pan/ros2_ws/install/ros_components_description/share/ros_components_description/meshes/zedx.stl
[0.932s] -- Symlinking: /home/pan/ros2_ws/install/ros_components_description/share/ros_components_description/meshes/zedxm.stl
[0.942s] -- Symlinking: /home/pan/ros2_ws/install/ros_components_description/share/ros_components_description/urdf/intel_realsense_d435.urdf.xacro
[0.952s] -- Symlinking: /home/pan/ros2_ws/install/ros_components_description/share/ros_components_description/urdf/orbbec_astra.urdf.xacro
[0.962s] -- Symlinking: /home/pan/ros2_ws/install/ros_components_description/share/ros_components_description/urdf/ouster_os1_32.urdf.xacro
[0.972s] -- Symlinking: /home/pan/ros2_ws/install/ros_components_description/share/ros_components_description/urdf/slamtec_rplidar_a2.urdf.xacro
[0.982s] -- Symlinking: /home/pan/ros2_ws/install/ros_components_description/share/ros_components_description/urdf/slamtec_rplidar_a3.urdf.xacro
[0.993s] -- Symlinking: /home/pan/ros2_ws/install/ros_components_description/share/ros_components_description/urdf/slamtec_rplidar_s1.urdf.xacro
[1.003s] -- Symlinking: /home/pan/ros2_ws/install/ros_components_description/share/ros_components_description/urdf/slamtec_rplidar_s2.urdf.xacro
[1.013s] -- Symlinking: /home/pan/ros2_ws/install/ros_components_description/share/ros_components_description/urdf/slamtec_rplidar_s3.urdf.xacro
[1.025s] -- Symlinking: /home/pan/ros2_ws/install/ros_components_description/share/ros_components_description/urdf/stereolabs_zed.urdf.xacro
[1.035s] -- Symlinking: /home/pan/ros2_ws/install/ros_components_description/share/ros_components_description/urdf/velodyne_puck.urdf.xacro
[1.046s] -- Symlinking: /home/pan/ros2_ws/install/ros_components_description/share/ros_components_description/environment/ros_components_description.sh
[1.057s] -- Symlinking: /home/pan/ros2_ws/install/ros_components_description/share/ament_index/resource_index/package_run_dependencies/ros_components_description
[1.070s] -- Symlinking: /home/pan/ros2_ws/install/ros_components_description/share/ament_index/resource_index/parent_prefix_path/ros_components_description
[1.080s] -- Symlinking: /home/pan/ros2_ws/install/ros_components_description/share/ros_components_description/environment/ament_prefix_path.sh
[1.089s] -- Symlinking: /home/pan/ros2_ws/install/ros_components_description/share/ros_components_description/environment/ament_prefix_path.dsv
[1.100s] -- Symlinking: /home/pan/ros2_ws/install/ros_components_description/share/ros_components_description/environment/path.sh
[1.111s] -- Symlinking: /home/pan/ros2_ws/install/ros_components_description/share/ros_components_description/environment/path.dsv
[1.123s] -- Symlinking: /home/pan/ros2_ws/install/ros_components_description/share/ros_components_description/local_setup.bash
[1.136s] -- Symlinking: /home/pan/ros2_ws/install/ros_components_description/share/ros_components_description/local_setup.sh
[1.147s] -- Symlinking: /home/pan/ros2_ws/install/ros_components_description/share/ros_components_description/local_setup.zsh
[1.157s] -- Symlinking: /home/pan/ros2_ws/install/ros_components_description/share/ros_components_description/local_setup.dsv
[1.168s] -- Symlinking: /home/pan/ros2_ws/install/ros_components_description/share/ros_components_description/package.dsv
[1.178s] -- Symlinking: /home/pan/ros2_ws/install/ros_components_description/share/ament_index/resource_index/packages/ros_components_description
[1.188s] -- Symlinking: /home/pan/ros2_ws/install/ros_components_description/share/ros_components_description/cmake/ros_components_descriptionConfig.cmake
[1.199s] -- Symlinking: /home/pan/ros2_ws/install/ros_components_description/share/ros_components_description/cmake/ros_components_descriptionConfig-version.cmake
[1.208s] -- Symlinking: /home/pan/ros2_ws/install/ros_components_description/share/ros_components_description/package.xml
[1.221s] Invoked command in '/home/pan/ros2_ws/build/ros_components_description' returned '0': CMAKE_PREFIX_PATH=/opt/ros/humble /usr/bin/cmake --install /home/pan/ros2_ws/build/ros_components_description
