[0.020s] Invoking command in '/home/pan/ros2_ws/build/rosbot_hardware_interfaces': AMENT_PREFIX_PATH=/home/pan/ros2_ws/install/imu_sensor_broadcaster:${AMENT_PREFIX_PATH} CMAKE_PREFIX_PATH=/home/pan/ros2_ws/install/imu_sensor_broadcaster:/opt/ros/humble LD_LIBRARY_PATH=/home/pan/ros2_ws/install/imu_sensor_broadcaster/lib:${LD_LIBRARY_PATH} /usr/bin/cmake /home/pan/ros2_ws/src/rosbot_hardware_interfaces -DAMENT_CMAKE_SYMLINK_INSTALL=1 -DCMAKE_INSTALL_PREFIX=/home/pan/ros2_ws/install/rosbot_hardware_interfaces
[0.033s] -- Found ament_cmake: 1.3.11 (/opt/ros/humble/share/ament_cmake/cmake)
[0.151s] -- Override CMake install command with custom implementation using symlinks instead of copying resources
[0.158s] -- Found controller_interface: 2.48.0 (/opt/ros/humble/share/controller_interface/cmake)
[0.185s] -- Found rosidl_generator_c: 3.1.6 (/opt/ros/humble/share/rosidl_generator_c/cmake)
[0.187s] -- Found rosidl_adapter: 3.1.6 (/opt/ros/humble/share/rosidl_adapter/cmake)
[0.193s] -- Found rosidl_generator_cpp: 3.1.6 (/opt/ros/humble/share/rosidl_generator_cpp/cmake)
[0.201s] -- Using all available rosidl_typesupport_c: rosidl_typesupport_fastrtps_c;rosidl_typesupport_introspection_c
[0.213s] -- Using all available rosidl_typesupport_cpp: rosidl_typesupport_fastrtps_cpp;rosidl_typesupport_introspection_cpp
[0.371s] -- Found rmw_implementation_cmake: 6.1.2 (/opt/ros/humble/share/rmw_implementation_cmake/cmake)
[0.372s] -- Found rmw_fastrtps_cpp: 6.2.7 (/opt/ros/humble/share/rmw_fastrtps_cpp/cmake)
[0.389s] -- Found TinyXML2 via Config file: TinyXML2_DIR-NOTFOUND
[0.399s] -- Found TinyXML2 via Config file: TinyXML2_DIR-NOTFOUND
[0.417s] -- Found TinyXML2 via Config file: TinyXML2_DIR-NOTFOUND
[0.426s] -- Found TinyXML2 via Config file: TinyXML2_DIR-NOTFOUND
[0.437s] -- Using RMW implementation 'rmw_fastrtps_cpp' as default
[0.482s] -- Found realtime_tools: 2.11.0 (/opt/ros/humble/share/realtime_tools/cmake)
[0.565s] -- Configuring done
[0.594s] -- Generating done
[0.599s] -- Build files have been written to: /home/pan/ros2_ws/build/rosbot_hardware_interfaces
