[0.038s] Invoking command in '/home/pan/ros2_ws/build/mecanum_drive_controller': CMAKE_PREFIX_PATH=/opt/ros/humble /usr/bin/cmake /home/pan/ros2_ws/src/husarion_controllers/mecanum_drive_controller -DAMENT_CMAKE_SYMLINK_INSTALL=1 -DCMAKE_INSTALL_PREFIX=/home/pan/ros2_ws/install/mecanum_drive_controller
[0.078s] -- Found ament_cmake: 1.3.11 (/opt/ros/humble/share/ament_cmake/cmake)
[0.242s] -- Override CMake install command with custom implementation using symlinks instead of copying resources
[0.259s] -- Found controller_interface: 2.48.0 (/opt/ros/humble/share/controller_interface/cmake)
[0.298s] -- Found rosidl_generator_c: 3.1.6 (/opt/ros/humble/share/rosidl_generator_c/cmake)
[0.300s] -- Found rosidl_adapter: 3.1.6 (/opt/ros/humble/share/rosidl_adapter/cmake)
[0.306s] -- Found rosidl_generator_cpp: 3.1.6 (/opt/ros/humble/share/rosidl_generator_cpp/cmake)
[0.323s] -- Using all available rosidl_typesupport_c: rosidl_typesupport_fastrtps_c;rosidl_typesupport_introspection_c
[0.340s] -- Using all available rosidl_typesupport_cpp: rosidl_typesupport_fastrtps_cpp;rosidl_typesupport_introspection_cpp
[0.587s] -- Found rmw_implementation_cmake: 6.1.2 (/opt/ros/humble/share/rmw_implementation_cmake/cmake)
[0.589s] -- Found rmw_fastrtps_cpp: 6.2.7 (/opt/ros/humble/share/rmw_fastrtps_cpp/cmake)
[0.613s] -- Found TinyXML2 via Config file: TinyXML2_DIR-NOTFOUND
[0.626s] -- Found TinyXML2 via Config file: TinyXML2_DIR-NOTFOUND
[0.647s] -- Found TinyXML2 via Config file: TinyXML2_DIR-NOTFOUND
[0.655s] -- Found TinyXML2 via Config file: TinyXML2_DIR-NOTFOUND
[0.670s] -- Using RMW implementation 'rmw_fastrtps_cpp' as default
[0.728s] -- Found generate_parameter_library: 0.4.0 (/opt/ros/humble/share/generate_parameter_library/cmake)
[0.729s] -- Found parameter_traits: 0.4.0 (/opt/ros/humble/share/parameter_traits/cmake)
[0.740s] -- Found nav_msgs: 4.2.4 (/opt/ros/humble/share/nav_msgs/cmake)
[0.763s] -- Found realtime_tools: 2.11.0 (/opt/ros/humble/share/realtime_tools/cmake)
[0.776s] -- Found tf2: 0.25.12 (/opt/ros/humble/share/tf2/cmake)
[0.781s] -- Found tf2_msgs: 0.25.12 (/opt/ros/humble/share/tf2_msgs/cmake)
[0.894s] -- Configuring done
[0.978s] -- Generating done
[0.984s] -- Build files have been written to: /home/pan/ros2_ws/build/mecanum_drive_controller
[0.996s] Invoked command in '/home/pan/ros2_ws/build/mecanum_drive_controller' returned '0': CMAKE_PREFIX_PATH=/opt/ros/humble /usr/bin/cmake /home/pan/ros2_ws/src/husarion_controllers/mecanum_drive_controller -DAMENT_CMAKE_SYMLINK_INSTALL=1 -DCMAKE_INSTALL_PREFIX=/home/pan/ros2_ws/install/mecanum_drive_controller
[0.999s] Invoking command in '/home/pan/ros2_ws/build/mecanum_drive_controller': CMAKE_PREFIX_PATH=/opt/ros/humble /usr/bin/cmake --build /home/pan/ros2_ws/build/mecanum_drive_controller -- -j12 -l12
[1.054s] [ 33%] Built target mecanum_drive_controller_parameters
[1.068s] [35m[1mConsolidate compiler generated dependencies of target mecanum_drive_controller[0m
[1.113s] [100%] Built target mecanum_drive_controller
[1.127s] Invoked command in '/home/pan/ros2_ws/build/mecanum_drive_controller' returned '0': CMAKE_PREFIX_PATH=/opt/ros/humble /usr/bin/cmake --build /home/pan/ros2_ws/build/mecanum_drive_controller -- -j12 -l12
[1.130s] Invoking command in '/home/pan/ros2_ws/build/mecanum_drive_controller': CMAKE_PREFIX_PATH=/opt/ros/humble /usr/bin/cmake --install /home/pan/ros2_ws/build/mecanum_drive_controller
[1.137s] -- Install configuration: "Release"
[1.137s] -- Execute custom install script
[1.138s] -- Up-to-date symlink: /home/pan/ros2_ws/install/mecanum_drive_controller/include/mecanum_drive_controller/mecanum_drive_controller_parameters.hpp
[1.138s] -- Up-to-date symlink: /home/pan/ros2_ws/install/mecanum_drive_controller/share/mecanum_drive_controller//mecanum_drive_plugin.xml
[1.138s] -- Up-to-date symlink: /home/pan/ros2_ws/install/mecanum_drive_controller/include/mecanum_drive_controller/mecanum_drive_controller/mecanum_drive_controller.hpp
[1.138s] -- Up-to-date symlink: /home/pan/ros2_ws/install/mecanum_drive_controller/include/mecanum_drive_controller/mecanum_drive_controller/odometry.hpp
[1.138s] -- Up-to-date symlink: /home/pan/ros2_ws/install/mecanum_drive_controller/include/mecanum_drive_controller/mecanum_drive_controller/speed_limiter.hpp
[1.139s] -- Up-to-date symlink: /home/pan/ros2_ws/install/mecanum_drive_controller/include/mecanum_drive_controller/mecanum_drive_controller/visibility_control.h
[1.139s] -- Up-to-date symlink: /home/pan/ros2_ws/install/mecanum_drive_controller/share/mecanum_drive_controller/environment/library_path.sh
[1.139s] -- Up-to-date symlink: /home/pan/ros2_ws/install/mecanum_drive_controller/share/mecanum_drive_controller/environment/library_path.dsv
[1.139s] -- Up-to-date symlink: /home/pan/ros2_ws/install/mecanum_drive_controller/share/ament_index/resource_index/package_run_dependencies/mecanum_drive_controller
[1.139s] -- Up-to-date symlink: /home/pan/ros2_ws/install/mecanum_drive_controller/share/ament_index/resource_index/parent_prefix_path/mecanum_drive_controller
[1.139s] -- Up-to-date symlink: /home/pan/ros2_ws/install/mecanum_drive_controller/share/mecanum_drive_controller/environment/ament_prefix_path.sh
[1.139s] -- Up-to-date symlink: /home/pan/ros2_ws/install/mecanum_drive_controller/share/mecanum_drive_controller/environment/ament_prefix_path.dsv
[1.140s] -- Up-to-date symlink: /home/pan/ros2_ws/install/mecanum_drive_controller/share/mecanum_drive_controller/environment/path.sh
[1.140s] -- Up-to-date symlink: /home/pan/ros2_ws/install/mecanum_drive_controller/share/mecanum_drive_controller/environment/path.dsv
[1.140s] -- Up-to-date symlink: /home/pan/ros2_ws/install/mecanum_drive_controller/share/mecanum_drive_controller/local_setup.bash
[1.140s] -- Up-to-date symlink: /home/pan/ros2_ws/install/mecanum_drive_controller/share/mecanum_drive_controller/local_setup.sh
[1.140s] -- Up-to-date symlink: /home/pan/ros2_ws/install/mecanum_drive_controller/share/mecanum_drive_controller/local_setup.zsh
[1.140s] -- Up-to-date symlink: /home/pan/ros2_ws/install/mecanum_drive_controller/share/mecanum_drive_controller/local_setup.dsv
[1.141s] -- Symlinking: /home/pan/ros2_ws/install/mecanum_drive_controller/share/mecanum_drive_controller/package.dsv
[1.151s] -- Up-to-date symlink: /home/pan/ros2_ws/install/mecanum_drive_controller/share/ament_index/resource_index/packages/mecanum_drive_controller
[1.151s] -- Up-to-date symlink: /home/pan/ros2_ws/install/mecanum_drive_controller/share/ament_index/resource_index/controller_interface__pluginlib__plugin/mecanum_drive_controller
[1.151s] -- Up-to-date symlink: /home/pan/ros2_ws/install/mecanum_drive_controller/share/mecanum_drive_controller/cmake/ament_cmake_export_dependencies-extras.cmake
[1.151s] -- Up-to-date symlink: /home/pan/ros2_ws/install/mecanum_drive_controller/share/mecanum_drive_controller/cmake/ament_cmake_export_targets-extras.cmake
[1.151s] -- Up-to-date symlink: /home/pan/ros2_ws/install/mecanum_drive_controller/share/mecanum_drive_controller/cmake/mecanum_drive_controllerConfig.cmake
[1.152s] -- Up-to-date symlink: /home/pan/ros2_ws/install/mecanum_drive_controller/share/mecanum_drive_controller/cmake/mecanum_drive_controllerConfig-version.cmake
[1.152s] -- Up-to-date symlink: /home/pan/ros2_ws/install/mecanum_drive_controller/share/mecanum_drive_controller/package.xml
[1.153s] -- Up-to-date: /home/pan/ros2_ws/install/mecanum_drive_controller/lib/libmecanum_drive_controller.so
[1.154s] -- Up-to-date: /home/pan/ros2_ws/install/mecanum_drive_controller/share/mecanum_drive_controller/cmake/export_mecanum_drive_controllerExport.cmake
[1.154s] -- Up-to-date: /home/pan/ros2_ws/install/mecanum_drive_controller/share/mecanum_drive_controller/cmake/export_mecanum_drive_controllerExport-release.cmake
[1.157s] Invoked command in '/home/pan/ros2_ws/build/mecanum_drive_controller' returned '0': CMAKE_PREFIX_PATH=/opt/ros/humble /usr/bin/cmake --install /home/pan/ros2_ws/build/mecanum_drive_controller
