[0.044s] Invoking command in '/home/pan/ros2_ws/build/micro_ros_msgs': CMAKE_PREFIX_PATH=${CMAKE_PREFIX_PATH}:/opt/ros/humble /usr/bin/cmake --build /home/pan/ros2_ws/build/micro_ros_msgs -- -j12 -l12
[0.149s] [  2%] Built target micro_ros_msgs__cpp
[0.157s] [ 12%] Built target micro_ros_msgs__rosidl_generator_c
[0.164s] [ 12%] Built target ament_cmake_python_symlink_micro_ros_msgs
[0.192s] [ 48%] Built target micro_ros_msgs__rosidl_typesupport_fastrtps_cpp
[0.192s] [ 48%] Built target micro_ros_msgs__rosidl_typesupport_cpp
[0.192s] [ 61%] Built target micro_ros_msgs__rosidl_typesupport_introspection_c
[0.192s] [ 61%] Built target micro_ros_msgs__rosidl_typesupport_c
[0.192s] [ 65%] Built target micro_ros_msgs__rosidl_typesupport_introspection_cpp
[0.196s] [ 76%] Built target micro_ros_msgs__rosidl_typesupport_fastrtps_c
[0.222s] [ 76%] Built target micro_ros_msgs
[0.247s] [ 78%] Built target micro_ros_msgs__py
[0.277s] [ 87%] Built target micro_ros_msgs__rosidl_generator_py
[0.302s] [ 95%] Built target micro_ros_msgs__rosidl_typesupport_c__pyext
[0.302s] [ 95%] Built target micro_ros_msgs__rosidl_typesupport_fastrtps_c__pyext
[0.303s] [100%] Built target micro_ros_msgs__rosidl_typesupport_introspection_c__pyext
[0.482s] running egg_info
[0.484s] writing micro_ros_msgs.egg-info/PKG-INFO
[0.484s] writing dependency_links to micro_ros_msgs.egg-info/dependency_links.txt
[0.484s] writing top-level names to micro_ros_msgs.egg-info/top_level.txt
[0.487s] reading manifest file 'micro_ros_msgs.egg-info/SOURCES.txt'
[0.489s] writing manifest file 'micro_ros_msgs.egg-info/SOURCES.txt'
[0.530s] [100%] Built target ament_cmake_python_build_micro_ros_msgs_egg
[0.566s] Invoked command in '/home/pan/ros2_ws/build/micro_ros_msgs' returned '0': CMAKE_PREFIX_PATH=${CMAKE_PREFIX_PATH}:/opt/ros/humble /usr/bin/cmake --build /home/pan/ros2_ws/build/micro_ros_msgs -- -j12 -l12
[0.568s] Invoking command in '/home/pan/ros2_ws/build/micro_ros_msgs': CMAKE_PREFIX_PATH=${CMAKE_PREFIX_PATH}:/opt/ros/humble /usr/bin/cmake --install /home/pan/ros2_ws/build/micro_ros_msgs
[0.577s] -- Install configuration: "Release"
[0.577s] -- Execute custom install script
[0.578s] -- Up-to-date symlink: /home/pan/ros2_ws/install/micro_ros_msgs/share/ament_index/resource_index/rosidl_interfaces/micro_ros_msgs
[0.579s] -- Up-to-date symlink: /home/pan/ros2_ws/install/micro_ros_msgs/include/micro_ros_msgs/micro_ros_msgs/msg/detail/entity__functions.h
[0.579s] -- Up-to-date symlink: /home/pan/ros2_ws/install/micro_ros_msgs/include/micro_ros_msgs/micro_ros_msgs/msg/detail/entity__struct.h
[0.579s] -- Up-to-date symlink: /home/pan/ros2_ws/install/micro_ros_msgs/include/micro_ros_msgs/micro_ros_msgs/msg/detail/entity__type_support.h
[0.580s] -- Up-to-date symlink: /home/pan/ros2_ws/install/micro_ros_msgs/include/micro_ros_msgs/micro_ros_msgs/msg/detail/graph__functions.h
[0.580s] -- Up-to-date symlink: /home/pan/ros2_ws/install/micro_ros_msgs/include/micro_ros_msgs/micro_ros_msgs/msg/detail/graph__struct.h
[0.580s] -- Up-to-date symlink: /home/pan/ros2_ws/install/micro_ros_msgs/include/micro_ros_msgs/micro_ros_msgs/msg/detail/graph__type_support.h
[0.580s] -- Up-to-date symlink: /home/pan/ros2_ws/install/micro_ros_msgs/include/micro_ros_msgs/micro_ros_msgs/msg/detail/node__functions.h
[0.581s] -- Up-to-date symlink: /home/pan/ros2_ws/install/micro_ros_msgs/include/micro_ros_msgs/micro_ros_msgs/msg/detail/node__struct.h
[0.581s] -- Up-to-date symlink: /home/pan/ros2_ws/install/micro_ros_msgs/include/micro_ros_msgs/micro_ros_msgs/msg/detail/node__type_support.h
[0.581s] -- Up-to-date symlink: /home/pan/ros2_ws/install/micro_ros_msgs/include/micro_ros_msgs/micro_ros_msgs/msg/entity.h
[0.581s] -- Up-to-date symlink: /home/pan/ros2_ws/install/micro_ros_msgs/include/micro_ros_msgs/micro_ros_msgs/msg/graph.h
[0.581s] -- Up-to-date symlink: /home/pan/ros2_ws/install/micro_ros_msgs/include/micro_ros_msgs/micro_ros_msgs/msg/node.h
[0.582s] -- Up-to-date symlink: /home/pan/ros2_ws/install/micro_ros_msgs/include/micro_ros_msgs/micro_ros_msgs/msg/rosidl_generator_c__visibility_control.h
[0.582s] -- Up-to-date symlink: /home/pan/ros2_ws/install/micro_ros_msgs/share/micro_ros_msgs/environment/library_path.sh
[0.582s] -- Up-to-date symlink: /home/pan/ros2_ws/install/micro_ros_msgs/share/micro_ros_msgs/environment/library_path.dsv
[0.583s] -- Up-to-date symlink: /home/pan/ros2_ws/install/micro_ros_msgs/include/micro_ros_msgs/micro_ros_msgs/msg/detail/entity__rosidl_typesupport_fastrtps_c.h
[0.583s] -- Up-to-date symlink: /home/pan/ros2_ws/install/micro_ros_msgs/include/micro_ros_msgs/micro_ros_msgs/msg/detail/graph__rosidl_typesupport_fastrtps_c.h
[0.583s] -- Up-to-date symlink: /home/pan/ros2_ws/install/micro_ros_msgs/include/micro_ros_msgs/micro_ros_msgs/msg/detail/node__rosidl_typesupport_fastrtps_c.h
[0.584s] -- Up-to-date symlink: /home/pan/ros2_ws/install/micro_ros_msgs/include/micro_ros_msgs/micro_ros_msgs/msg/rosidl_typesupport_fastrtps_c__visibility_control.h
[0.584s] -- Up-to-date symlink: /home/pan/ros2_ws/install/micro_ros_msgs/include/micro_ros_msgs/micro_ros_msgs/msg/detail/entity__rosidl_typesupport_introspection_c.h
[0.584s] -- Up-to-date symlink: /home/pan/ros2_ws/install/micro_ros_msgs/include/micro_ros_msgs/micro_ros_msgs/msg/detail/graph__rosidl_typesupport_introspection_c.h
[0.585s] -- Up-to-date symlink: /home/pan/ros2_ws/install/micro_ros_msgs/include/micro_ros_msgs/micro_ros_msgs/msg/detail/node__rosidl_typesupport_introspection_c.h
[0.585s] -- Up-to-date symlink: /home/pan/ros2_ws/install/micro_ros_msgs/include/micro_ros_msgs/micro_ros_msgs/msg/rosidl_typesupport_introspection_c__visibility_control.h
[0.586s] -- Up-to-date symlink: /home/pan/ros2_ws/install/micro_ros_msgs/include/micro_ros_msgs/micro_ros_msgs/msg/detail/entity__builder.hpp
[0.586s] -- Up-to-date symlink: /home/pan/ros2_ws/install/micro_ros_msgs/include/micro_ros_msgs/micro_ros_msgs/msg/detail/entity__struct.hpp
[0.586s] -- Up-to-date symlink: /home/pan/ros2_ws/install/micro_ros_msgs/include/micro_ros_msgs/micro_ros_msgs/msg/detail/entity__traits.hpp
[0.588s] -- Up-to-date symlink: /home/pan/ros2_ws/install/micro_ros_msgs/include/micro_ros_msgs/micro_ros_msgs/msg/detail/entity__type_support.hpp
[0.588s] -- Up-to-date symlink: /home/pan/ros2_ws/install/micro_ros_msgs/include/micro_ros_msgs/micro_ros_msgs/msg/detail/graph__builder.hpp
[0.588s] -- Up-to-date symlink: /home/pan/ros2_ws/install/micro_ros_msgs/include/micro_ros_msgs/micro_ros_msgs/msg/detail/graph__struct.hpp
[0.588s] -- Up-to-date symlink: /home/pan/ros2_ws/install/micro_ros_msgs/include/micro_ros_msgs/micro_ros_msgs/msg/detail/graph__traits.hpp
[0.588s] -- Up-to-date symlink: /home/pan/ros2_ws/install/micro_ros_msgs/include/micro_ros_msgs/micro_ros_msgs/msg/detail/graph__type_support.hpp
[0.589s] -- Up-to-date symlink: /home/pan/ros2_ws/install/micro_ros_msgs/include/micro_ros_msgs/micro_ros_msgs/msg/detail/node__builder.hpp
[0.589s] -- Up-to-date symlink: /home/pan/ros2_ws/install/micro_ros_msgs/include/micro_ros_msgs/micro_ros_msgs/msg/detail/node__struct.hpp
[0.589s] -- Up-to-date symlink: /home/pan/ros2_ws/install/micro_ros_msgs/include/micro_ros_msgs/micro_ros_msgs/msg/detail/node__traits.hpp
[0.589s] -- Up-to-date symlink: /home/pan/ros2_ws/install/micro_ros_msgs/include/micro_ros_msgs/micro_ros_msgs/msg/detail/node__type_support.hpp
[0.590s] -- Up-to-date symlink: /home/pan/ros2_ws/install/micro_ros_msgs/include/micro_ros_msgs/micro_ros_msgs/msg/entity.hpp
[0.590s] -- Up-to-date symlink: /home/pan/ros2_ws/install/micro_ros_msgs/include/micro_ros_msgs/micro_ros_msgs/msg/graph.hpp
[0.590s] -- Up-to-date symlink: /home/pan/ros2_ws/install/micro_ros_msgs/include/micro_ros_msgs/micro_ros_msgs/msg/node.hpp
[0.590s] -- Up-to-date symlink: /home/pan/ros2_ws/install/micro_ros_msgs/include/micro_ros_msgs/micro_ros_msgs/msg/rosidl_generator_cpp__visibility_control.hpp
[0.591s] -- Up-to-date symlink: /home/pan/ros2_ws/install/micro_ros_msgs/include/micro_ros_msgs/micro_ros_msgs/msg/detail/entity__rosidl_typesupport_fastrtps_cpp.hpp
[0.591s] -- Up-to-date symlink: /home/pan/ros2_ws/install/micro_ros_msgs/include/micro_ros_msgs/micro_ros_msgs/msg/detail/graph__rosidl_typesupport_fastrtps_cpp.hpp
[0.592s] -- Up-to-date symlink: /home/pan/ros2_ws/install/micro_ros_msgs/include/micro_ros_msgs/micro_ros_msgs/msg/detail/node__rosidl_typesupport_fastrtps_cpp.hpp
[0.592s] -- Up-to-date symlink: /home/pan/ros2_ws/install/micro_ros_msgs/include/micro_ros_msgs/micro_ros_msgs/msg/rosidl_typesupport_fastrtps_cpp__visibility_control.h
[0.592s] -- Up-to-date symlink: /home/pan/ros2_ws/install/micro_ros_msgs/include/micro_ros_msgs/micro_ros_msgs/msg/detail/entity__rosidl_typesupport_introspection_cpp.hpp
[0.592s] -- Up-to-date symlink: /home/pan/ros2_ws/install/micro_ros_msgs/include/micro_ros_msgs/micro_ros_msgs/msg/detail/graph__rosidl_typesupport_introspection_cpp.hpp
[0.593s] -- Up-to-date symlink: /home/pan/ros2_ws/install/micro_ros_msgs/include/micro_ros_msgs/micro_ros_msgs/msg/detail/node__rosidl_typesupport_introspection_cpp.hpp
[0.593s] -- Up-to-date symlink: /home/pan/ros2_ws/install/micro_ros_msgs/share/micro_ros_msgs/environment/pythonpath.sh
[0.593s] -- Up-to-date symlink: /home/pan/ros2_ws/install/micro_ros_msgs/share/micro_ros_msgs/environment/pythonpath.dsv
[0.594s] -- Up-to-date symlink: /home/pan/ros2_ws/install/micro_ros_msgs/local/lib/python3.10/dist-packages/micro_ros_msgs-3.0.1-py3.10.egg-info/PKG-INFO
[0.595s] -- Up-to-date symlink: /home/pan/ros2_ws/install/micro_ros_msgs/local/lib/python3.10/dist-packages/micro_ros_msgs-3.0.1-py3.10.egg-info/SOURCES.txt
[0.595s] -- Up-to-date symlink: /home/pan/ros2_ws/install/micro_ros_msgs/local/lib/python3.10/dist-packages/micro_ros_msgs-3.0.1-py3.10.egg-info/dependency_links.txt
[0.595s] -- Up-to-date symlink: /home/pan/ros2_ws/install/micro_ros_msgs/local/lib/python3.10/dist-packages/micro_ros_msgs-3.0.1-py3.10.egg-info/top_level.txt
[0.596s] -- Up-to-date symlink: /home/pan/ros2_ws/install/micro_ros_msgs/local/lib/python3.10/dist-packages/micro_ros_msgs/__init__.py
[0.596s] -- Up-to-date symlink: /home/pan/ros2_ws/install/micro_ros_msgs/local/lib/python3.10/dist-packages/micro_ros_msgs/_micro_ros_msgs_s.ep.rosidl_typesupport_c.c
[0.596s] -- Up-to-date symlink: /home/pan/ros2_ws/install/micro_ros_msgs/local/lib/python3.10/dist-packages/micro_ros_msgs/_micro_ros_msgs_s.ep.rosidl_typesupport_fastrtps_c.c
[0.597s] -- Up-to-date symlink: /home/pan/ros2_ws/install/micro_ros_msgs/local/lib/python3.10/dist-packages/micro_ros_msgs/_micro_ros_msgs_s.ep.rosidl_typesupport_introspection_c.c
[0.597s] -- Up-to-date symlink: /home/pan/ros2_ws/install/micro_ros_msgs/local/lib/python3.10/dist-packages/micro_ros_msgs/libmicro_ros_msgs__rosidl_generator_py.so
[0.597s] -- Up-to-date symlink: /home/pan/ros2_ws/install/micro_ros_msgs/local/lib/python3.10/dist-packages/micro_ros_msgs/micro_ros_msgs_s__rosidl_typesupport_c.cpython-310-x86_64-linux-gnu.so
[0.597s] -- Up-to-date symlink: /home/pan/ros2_ws/install/micro_ros_msgs/local/lib/python3.10/dist-packages/micro_ros_msgs/micro_ros_msgs_s__rosidl_typesupport_fastrtps_c.cpython-310-x86_64-linux-gnu.so
[0.597s] -- Up-to-date symlink: /home/pan/ros2_ws/install/micro_ros_msgs/local/lib/python3.10/dist-packages/micro_ros_msgs/micro_ros_msgs_s__rosidl_typesupport_introspection_c.cpython-310-x86_64-linux-gnu.so
[0.598s] -- Up-to-date symlink: /home/pan/ros2_ws/install/micro_ros_msgs/local/lib/python3.10/dist-packages/micro_ros_msgs/msg/__init__.py
[0.598s] -- Up-to-date symlink: /home/pan/ros2_ws/install/micro_ros_msgs/local/lib/python3.10/dist-packages/micro_ros_msgs/msg/_entity.py
[0.598s] -- Up-to-date symlink: /home/pan/ros2_ws/install/micro_ros_msgs/local/lib/python3.10/dist-packages/micro_ros_msgs/msg/_entity_s.c
[0.598s] -- Up-to-date symlink: /home/pan/ros2_ws/install/micro_ros_msgs/local/lib/python3.10/dist-packages/micro_ros_msgs/msg/_graph.py
[0.598s] -- Up-to-date symlink: /home/pan/ros2_ws/install/micro_ros_msgs/local/lib/python3.10/dist-packages/micro_ros_msgs/msg/_graph_s.c
[0.598s] -- Up-to-date symlink: /home/pan/ros2_ws/install/micro_ros_msgs/local/lib/python3.10/dist-packages/micro_ros_msgs/msg/_node.py
[0.598s] -- Up-to-date symlink: /home/pan/ros2_ws/install/micro_ros_msgs/local/lib/python3.10/dist-packages/micro_ros_msgs/msg/_node_s.c
[0.599s] -- Up-to-date symlink: /home/pan/ros2_ws/install/micro_ros_msgs/local/lib/python3.10/dist-packages/micro_ros_msgs/micro_ros_msgs_s__rosidl_typesupport_fastrtps_c.cpython-310-x86_64-linux-gnu.so
[0.599s] -- Up-to-date symlink: /home/pan/ros2_ws/install/micro_ros_msgs/local/lib/python3.10/dist-packages/micro_ros_msgs/micro_ros_msgs_s__rosidl_typesupport_introspection_c.cpython-310-x86_64-linux-gnu.so
[0.600s] -- Up-to-date symlink: /home/pan/ros2_ws/install/micro_ros_msgs/local/lib/python3.10/dist-packages/micro_ros_msgs/micro_ros_msgs_s__rosidl_typesupport_c.cpython-310-x86_64-linux-gnu.so
[0.600s] -- Up-to-date symlink: /home/pan/ros2_ws/install/micro_ros_msgs/share/micro_ros_msgs/msg/Graph.idl
[0.600s] -- Up-to-date symlink: /home/pan/ros2_ws/install/micro_ros_msgs/share/micro_ros_msgs/msg/Node.idl
[0.600s] -- Up-to-date symlink: /home/pan/ros2_ws/install/micro_ros_msgs/share/micro_ros_msgs/msg/Entity.idl
[0.601s] -- Up-to-date symlink: /home/pan/ros2_ws/install/micro_ros_msgs/share/micro_ros_msgs/msg/Graph.msg
[0.601s] -- Up-to-date symlink: /home/pan/ros2_ws/install/micro_ros_msgs/share/micro_ros_msgs/msg/Node.msg
[0.601s] -- Up-to-date symlink: /home/pan/ros2_ws/install/micro_ros_msgs/share/micro_ros_msgs/msg/Entity.msg
[0.601s] -- Up-to-date symlink: /home/pan/ros2_ws/install/micro_ros_msgs/share/ament_index/resource_index/package_run_dependencies/micro_ros_msgs
[0.602s] -- Up-to-date symlink: /home/pan/ros2_ws/install/micro_ros_msgs/share/ament_index/resource_index/parent_prefix_path/micro_ros_msgs
[0.603s] -- Up-to-date symlink: /home/pan/ros2_ws/install/micro_ros_msgs/share/micro_ros_msgs/environment/ament_prefix_path.sh
[0.603s] -- Up-to-date symlink: /home/pan/ros2_ws/install/micro_ros_msgs/share/micro_ros_msgs/environment/ament_prefix_path.dsv
[0.604s] -- Up-to-date symlink: /home/pan/ros2_ws/install/micro_ros_msgs/share/micro_ros_msgs/environment/path.sh
[0.604s] -- Up-to-date symlink: /home/pan/ros2_ws/install/micro_ros_msgs/share/micro_ros_msgs/environment/path.dsv
[0.604s] -- Up-to-date symlink: /home/pan/ros2_ws/install/micro_ros_msgs/share/micro_ros_msgs/local_setup.bash
[0.605s] -- Up-to-date symlink: /home/pan/ros2_ws/install/micro_ros_msgs/share/micro_ros_msgs/local_setup.sh
[0.605s] -- Up-to-date symlink: /home/pan/ros2_ws/install/micro_ros_msgs/share/micro_ros_msgs/local_setup.zsh
[0.605s] -- Up-to-date symlink: /home/pan/ros2_ws/install/micro_ros_msgs/share/micro_ros_msgs/local_setup.dsv
[0.605s] -- Up-to-date symlink: /home/pan/ros2_ws/install/micro_ros_msgs/share/micro_ros_msgs/package.dsv
[0.606s] -- Up-to-date symlink: /home/pan/ros2_ws/install/micro_ros_msgs/share/ament_index/resource_index/packages/micro_ros_msgs
[0.606s] -- Up-to-date symlink: /home/pan/ros2_ws/install/micro_ros_msgs/share/micro_ros_msgs/cmake/rosidl_cmake-extras.cmake
[0.606s] -- Up-to-date symlink: /home/pan/ros2_ws/install/micro_ros_msgs/share/micro_ros_msgs/cmake/ament_cmake_export_include_directories-extras.cmake
[0.607s] -- Up-to-date symlink: /home/pan/ros2_ws/install/micro_ros_msgs/share/micro_ros_msgs/cmake/ament_cmake_export_libraries-extras.cmake
[0.607s] -- Up-to-date symlink: /home/pan/ros2_ws/install/micro_ros_msgs/share/micro_ros_msgs/cmake/ament_cmake_export_targets-extras.cmake
[0.608s] -- Up-to-date symlink: /home/pan/ros2_ws/install/micro_ros_msgs/share/micro_ros_msgs/cmake/rosidl_cmake_export_typesupport_targets-extras.cmake
[0.608s] -- Up-to-date symlink: /home/pan/ros2_ws/install/micro_ros_msgs/share/micro_ros_msgs/cmake/ament_cmake_export_dependencies-extras.cmake
[0.608s] -- Up-to-date symlink: /home/pan/ros2_ws/install/micro_ros_msgs/share/micro_ros_msgs/cmake/rosidl_cmake_export_typesupport_libraries-extras.cmake
[0.609s] -- Up-to-date symlink: /home/pan/ros2_ws/install/micro_ros_msgs/share/micro_ros_msgs/cmake/micro_ros_msgsConfig.cmake
[0.609s] -- Up-to-date symlink: /home/pan/ros2_ws/install/micro_ros_msgs/share/micro_ros_msgs/cmake/micro_ros_msgsConfig-version.cmake
[0.609s] -- Up-to-date symlink: /home/pan/ros2_ws/install/micro_ros_msgs/share/micro_ros_msgs/package.xml
[0.610s] -- Up-to-date: /home/pan/ros2_ws/install/micro_ros_msgs/lib/libmicro_ros_msgs__rosidl_generator_c.so
[0.611s] -- Up-to-date: /home/pan/ros2_ws/install/micro_ros_msgs/lib/libmicro_ros_msgs__rosidl_typesupport_fastrtps_c.so
[0.611s] -- Up-to-date: /home/pan/ros2_ws/install/micro_ros_msgs/lib/libmicro_ros_msgs__rosidl_typesupport_introspection_c.so
[0.612s] -- Up-to-date: /home/pan/ros2_ws/install/micro_ros_msgs/lib/libmicro_ros_msgs__rosidl_typesupport_c.so
[0.613s] -- Up-to-date: /home/pan/ros2_ws/install/micro_ros_msgs/lib/libmicro_ros_msgs__rosidl_typesupport_fastrtps_cpp.so
[0.614s] -- Up-to-date: /home/pan/ros2_ws/install/micro_ros_msgs/lib/libmicro_ros_msgs__rosidl_typesupport_introspection_cpp.so
[0.615s] -- Up-to-date: /home/pan/ros2_ws/install/micro_ros_msgs/lib/libmicro_ros_msgs__rosidl_typesupport_cpp.so
[0.647s] Listing '/home/pan/ros2_ws/install/micro_ros_msgs/local/lib/python3.10/dist-packages/micro_ros_msgs'...
[0.647s] Listing '/home/pan/ros2_ws/install/micro_ros_msgs/local/lib/python3.10/dist-packages/micro_ros_msgs/msg'...
[0.653s] -- Up-to-date: /home/pan/ros2_ws/install/micro_ros_msgs/lib/libmicro_ros_msgs__rosidl_generator_py.so
[0.654s] -- Up-to-date: /home/pan/ros2_ws/install/micro_ros_msgs/share/micro_ros_msgs/cmake/export_micro_ros_msgs__rosidl_generator_cExport.cmake
[0.654s] -- Up-to-date: /home/pan/ros2_ws/install/micro_ros_msgs/share/micro_ros_msgs/cmake/export_micro_ros_msgs__rosidl_generator_cExport-release.cmake
[0.655s] -- Up-to-date: /home/pan/ros2_ws/install/micro_ros_msgs/share/micro_ros_msgs/cmake/export_micro_ros_msgs__rosidl_typesupport_fastrtps_cExport.cmake
[0.655s] -- Up-to-date: /home/pan/ros2_ws/install/micro_ros_msgs/share/micro_ros_msgs/cmake/export_micro_ros_msgs__rosidl_typesupport_fastrtps_cExport-release.cmake
[0.655s] -- Up-to-date: /home/pan/ros2_ws/install/micro_ros_msgs/share/micro_ros_msgs/cmake/micro_ros_msgs__rosidl_typesupport_introspection_cExport.cmake
[0.655s] -- Up-to-date: /home/pan/ros2_ws/install/micro_ros_msgs/share/micro_ros_msgs/cmake/micro_ros_msgs__rosidl_typesupport_introspection_cExport-release.cmake
[0.656s] -- Up-to-date: /home/pan/ros2_ws/install/micro_ros_msgs/share/micro_ros_msgs/cmake/micro_ros_msgs__rosidl_typesupport_cExport.cmake
[0.656s] -- Up-to-date: /home/pan/ros2_ws/install/micro_ros_msgs/share/micro_ros_msgs/cmake/micro_ros_msgs__rosidl_typesupport_cExport-release.cmake
[0.657s] -- Up-to-date: /home/pan/ros2_ws/install/micro_ros_msgs/share/micro_ros_msgs/cmake/export_micro_ros_msgs__rosidl_generator_cppExport.cmake
[0.657s] -- Up-to-date: /home/pan/ros2_ws/install/micro_ros_msgs/share/micro_ros_msgs/cmake/export_micro_ros_msgs__rosidl_typesupport_fastrtps_cppExport.cmake
[0.658s] -- Up-to-date: /home/pan/ros2_ws/install/micro_ros_msgs/share/micro_ros_msgs/cmake/export_micro_ros_msgs__rosidl_typesupport_fastrtps_cppExport-release.cmake
[0.658s] -- Up-to-date: /home/pan/ros2_ws/install/micro_ros_msgs/share/micro_ros_msgs/cmake/micro_ros_msgs__rosidl_typesupport_introspection_cppExport.cmake
[0.658s] -- Up-to-date: /home/pan/ros2_ws/install/micro_ros_msgs/share/micro_ros_msgs/cmake/micro_ros_msgs__rosidl_typesupport_introspection_cppExport-release.cmake
[0.658s] -- Up-to-date: /home/pan/ros2_ws/install/micro_ros_msgs/share/micro_ros_msgs/cmake/micro_ros_msgs__rosidl_typesupport_cppExport.cmake
[0.658s] -- Up-to-date: /home/pan/ros2_ws/install/micro_ros_msgs/share/micro_ros_msgs/cmake/micro_ros_msgs__rosidl_typesupport_cppExport-release.cmake
[0.659s] -- Up-to-date: /home/pan/ros2_ws/install/micro_ros_msgs/share/micro_ros_msgs/cmake/export_micro_ros_msgs__rosidl_generator_pyExport.cmake
[0.659s] -- Up-to-date: /home/pan/ros2_ws/install/micro_ros_msgs/share/micro_ros_msgs/cmake/export_micro_ros_msgs__rosidl_generator_pyExport-release.cmake
[0.663s] Invoked command in '/home/pan/ros2_ws/build/micro_ros_msgs' returned '0': CMAKE_PREFIX_PATH=${CMAKE_PREFIX_PATH}:/opt/ros/humble /usr/bin/cmake --install /home/pan/ros2_ws/build/micro_ros_msgs
