[0.036s] Invoking command in '/home/pan/ros2_ws/build/micro_ros_msgs': CMAKE_PREFIX_PATH=/opt/ros/humble /usr/bin/cmake --build /home/pan/ros2_ws/build/micro_ros_msgs -- -j12 -l12
[0.094s] [35m[1mConsolidate compiler generated dependencies of target micro_ros_msgs__rosidl_generator_c[0m
[0.109s] [  2%] Built target micro_ros_msgs__cpp
[0.111s] [ 12%] Built target micro_ros_msgs__rosidl_generator_c
[0.123s] [ 12%] Built target ament_cmake_python_symlink_micro_ros_msgs
[0.129s] [35m[1mConsolidate compiler generated dependencies of target micro_ros_msgs__rosidl_typesupport_cpp[0m
[0.129s] [35m[1mConsolidate compiler generated dependencies of target micro_ros_msgs__rosidl_typesupport_fastrtps_cpp[0m
[0.131s] [35m[1mConsolidate compiler generated dependencies of target micro_ros_msgs__rosidl_typesupport_c[0m
[0.132s] [35m[1mConsolidate compiler generated dependencies of target micro_ros_msgs__rosidl_typesupport_introspection_cpp[0m
[0.132s] [35m[1mConsolidate compiler generated dependencies of target micro_ros_msgs__rosidl_typesupport_fastrtps_c[0m
[0.136s] [35m[1mConsolidate compiler generated dependencies of target micro_ros_msgs__rosidl_typesupport_introspection_c[0m
[0.149s] [ 23%] Built target micro_ros_msgs__rosidl_typesupport_cpp
[0.153s] [ 34%] Built target micro_ros_msgs__rosidl_typesupport_c
[0.153s] [ 44%] Built target micro_ros_msgs__rosidl_typesupport_fastrtps_cpp
[0.153s] [ 65%] Built target micro_ros_msgs__rosidl_typesupport_introspection_cpp
[0.153s] [ 65%] Built target micro_ros_msgs__rosidl_typesupport_fastrtps_c
[0.154s] [ 76%] Built target micro_ros_msgs__rosidl_typesupport_introspection_c
[0.179s] [ 76%] Built target micro_ros_msgs
[0.203s] [ 78%] Built target micro_ros_msgs__py
[0.215s] [35m[1mConsolidate compiler generated dependencies of target micro_ros_msgs__rosidl_generator_py[0m
[0.232s] [ 87%] Built target micro_ros_msgs__rosidl_generator_py
[0.245s] [35m[1mConsolidate compiler generated dependencies of target micro_ros_msgs__rosidl_typesupport_introspection_c__pyext[0m
[0.245s] [35m[1mConsolidate compiler generated dependencies of target micro_ros_msgs__rosidl_typesupport_fastrtps_c__pyext[0m
[0.246s] [35m[1mConsolidate compiler generated dependencies of target micro_ros_msgs__rosidl_typesupport_c__pyext[0m
[0.261s] [ 91%] Built target micro_ros_msgs__rosidl_typesupport_c__pyext
[0.262s] [100%] Built target micro_ros_msgs__rosidl_typesupport_fastrtps_c__pyext
[0.262s] [100%] Built target micro_ros_msgs__rosidl_typesupport_introspection_c__pyext
[0.394s] running egg_info
[0.394s] writing micro_ros_msgs.egg-info/PKG-INFO
[0.394s] writing dependency_links to micro_ros_msgs.egg-info/dependency_links.txt
[0.394s] writing top-level names to micro_ros_msgs.egg-info/top_level.txt
[0.397s] reading manifest file 'micro_ros_msgs.egg-info/SOURCES.txt'
[0.398s] writing manifest file 'micro_ros_msgs.egg-info/SOURCES.txt'
[0.455s] [100%] Built target ament_cmake_python_build_micro_ros_msgs_egg
