[0.036s] Invoking command in '/home/pan/ros2_ws/build/imu_sensor_broadcaster': CMAKE_PREFIX_PATH=/opt/ros/humble /usr/bin/cmake --build /home/pan/ros2_ws/build/imu_sensor_broadcaster -- -j12 -l12
[0.145s] [ 18%] Built target imu_sensor_broadcaster_parameters
[0.171s] [ 45%] Built target gmock
[0.202s] [ 63%] Built target imu_sensor_broadcaster
[0.237s] [ 81%] Built target test_imu_sensor_broadcaster
[0.239s] [100%] Built target test_load_imu_sensor_broadcaster
[0.371s] Invoked command in '/home/pan/ros2_ws/build/imu_sensor_broadcaster' returned '0': CMAKE_PREFIX_PATH=/opt/ros/humble /usr/bin/cmake --build /home/pan/ros2_ws/build/imu_sensor_broadcaster -- -j12 -l12
[0.374s] Invoking command in '/home/pan/ros2_ws/build/imu_sensor_broadcaster': CMAKE_PREFIX_PATH=/opt/ros/humble /usr/bin/cmake --install /home/pan/ros2_ws/build/imu_sensor_broadcaster
[0.385s] -- Install configuration: "Release"
[0.385s] -- Execute custom install script
[0.386s] -- Up-to-date symlink: /home/pan/ros2_ws/install/imu_sensor_broadcaster/include/imu_sensor_broadcaster/imu_sensor_broadcaster_parameters.hpp
[0.387s] -- Up-to-date symlink: /home/pan/ros2_ws/install/imu_sensor_broadcaster/share/imu_sensor_broadcaster//imu_sensor_broadcaster.xml
[0.388s] -- Up-to-date symlink: /home/pan/ros2_ws/install/imu_sensor_broadcaster/include/imu_sensor_broadcaster/imu_sensor_broadcaster/imu_sensor_broadcaster.hpp
[0.388s] -- Up-to-date symlink: /home/pan/ros2_ws/install/imu_sensor_broadcaster/include/imu_sensor_broadcaster/imu_sensor_broadcaster/visibility_control.h
[0.389s] -- Up-to-date symlink: /home/pan/ros2_ws/install/imu_sensor_broadcaster/share/imu_sensor_broadcaster/environment/library_path.sh
[0.389s] -- Up-to-date symlink: /home/pan/ros2_ws/install/imu_sensor_broadcaster/share/imu_sensor_broadcaster/environment/library_path.dsv
[0.390s] -- Up-to-date symlink: /home/pan/ros2_ws/install/imu_sensor_broadcaster/share/ament_index/resource_index/package_run_dependencies/imu_sensor_broadcaster
[0.391s] -- Up-to-date symlink: /home/pan/ros2_ws/install/imu_sensor_broadcaster/share/ament_index/resource_index/parent_prefix_path/imu_sensor_broadcaster
[0.391s] -- Up-to-date symlink: /home/pan/ros2_ws/install/imu_sensor_broadcaster/share/imu_sensor_broadcaster/environment/ament_prefix_path.sh
[0.391s] -- Up-to-date symlink: /home/pan/ros2_ws/install/imu_sensor_broadcaster/share/imu_sensor_broadcaster/environment/ament_prefix_path.dsv
[0.392s] -- Up-to-date symlink: /home/pan/ros2_ws/install/imu_sensor_broadcaster/share/imu_sensor_broadcaster/environment/path.sh
[0.392s] -- Up-to-date symlink: /home/pan/ros2_ws/install/imu_sensor_broadcaster/share/imu_sensor_broadcaster/environment/path.dsv
[0.392s] -- Up-to-date symlink: /home/pan/ros2_ws/install/imu_sensor_broadcaster/share/imu_sensor_broadcaster/local_setup.bash
[0.393s] -- Up-to-date symlink: /home/pan/ros2_ws/install/imu_sensor_broadcaster/share/imu_sensor_broadcaster/local_setup.sh
[0.393s] -- Up-to-date symlink: /home/pan/ros2_ws/install/imu_sensor_broadcaster/share/imu_sensor_broadcaster/local_setup.zsh
[0.394s] -- Up-to-date symlink: /home/pan/ros2_ws/install/imu_sensor_broadcaster/share/imu_sensor_broadcaster/local_setup.dsv
[0.394s] -- Symlinking: /home/pan/ros2_ws/install/imu_sensor_broadcaster/share/imu_sensor_broadcaster/package.dsv
[0.405s] -- Up-to-date symlink: /home/pan/ros2_ws/install/imu_sensor_broadcaster/share/ament_index/resource_index/packages/imu_sensor_broadcaster
[0.405s] -- Up-to-date symlink: /home/pan/ros2_ws/install/imu_sensor_broadcaster/share/ament_index/resource_index/controller_interface__pluginlib__plugin/imu_sensor_broadcaster
[0.405s] -- Up-to-date symlink: /home/pan/ros2_ws/install/imu_sensor_broadcaster/share/imu_sensor_broadcaster/cmake/ament_cmake_export_dependencies-extras.cmake
[0.406s] -- Up-to-date symlink: /home/pan/ros2_ws/install/imu_sensor_broadcaster/share/imu_sensor_broadcaster/cmake/ament_cmake_export_targets-extras.cmake
[0.406s] -- Up-to-date symlink: /home/pan/ros2_ws/install/imu_sensor_broadcaster/share/imu_sensor_broadcaster/cmake/imu_sensor_broadcasterConfig.cmake
[0.406s] -- Up-to-date symlink: /home/pan/ros2_ws/install/imu_sensor_broadcaster/share/imu_sensor_broadcaster/cmake/imu_sensor_broadcasterConfig-version.cmake
[0.406s] -- Up-to-date symlink: /home/pan/ros2_ws/install/imu_sensor_broadcaster/share/imu_sensor_broadcaster/package.xml
[0.408s] -- Up-to-date: /home/pan/ros2_ws/install/imu_sensor_broadcaster/lib/libimu_sensor_broadcaster.so
[0.409s] -- Up-to-date: /home/pan/ros2_ws/install/imu_sensor_broadcaster/share/imu_sensor_broadcaster/cmake/export_imu_sensor_broadcasterExport.cmake
[0.409s] -- Up-to-date: /home/pan/ros2_ws/install/imu_sensor_broadcaster/share/imu_sensor_broadcaster/cmake/export_imu_sensor_broadcasterExport-release.cmake
[0.463s] Invoked command in '/home/pan/ros2_ws/build/imu_sensor_broadcaster' returned '0': CMAKE_PREFIX_PATH=/opt/ros/humble /usr/bin/cmake --install /home/pan/ros2_ws/build/imu_sensor_broadcaster
