[0.644s] Invoking command in '/home/pan/ros2_ws/build/rosbot_controller': CMAKE_PREFIX_PATH=/home/pan/ros2_ws/install/rosbot_hardware_interfaces:/home/pan/ros2_ws/install/rosbot_description:/home/pan/ros2_ws/install/ros_components_description:/home/pan/ros2_ws/install/mecanum_drive_controller:/home/pan/ros2_ws/install/imu_sensor_broadcaster:/home/pan/ros2_ws/install/rosbot:/home/pan/ros2_ws/install/micro_ros_agent:/home/pan/ros2_ws/install/micro_ros_msgs:/home/pan/ros2_ws/install/husarion_gz_worlds:/home/pan/ros2_ws/install/articubot_one LD_LIBRARY_PATH=/home/pan/ros2_ws/install/rosbot_hardware_interfaces/lib:/home/pan/ros2_ws/install/mecanum_drive_controller/lib:/home/pan/ros2_ws/install/imu_sensor_broadcaster/lib:/home/pan/ros2_ws/install/micro_ros_agent/lib:/home/pan/ros2_ws/install/micro_ros_msgs/lib:/opt/ros/humble/opt/rviz_ogre_vendor/lib:/opt/ros/humble/lib/x86_64-linux-gnu:/opt/ros/humble/lib PYTHONPATH=/home/pan/ros2_ws/build/rosbot_controller/prefix_override:/usr/lib/python3/dist-packages/colcon_core/task/python/colcon_distutils_commands:/home/pan/ros2_ws/install/rosbot_controller/lib/python3.10/site-packages:${PYTHONPATH} /usr/bin/python3 -W ignore:setup.py install is deprecated -W ignore:easy_install command is deprecated setup.py develop --uninstall --editable --build-directory /home/pan/ros2_ws/build/rosbot_controller/build
[0.881s] running develop
[1.031s] Removing /home/pan/ros2_ws/install/rosbot_controller/lib/python3.10/site-packages/rosbot-controller.egg-link (link to .)
[1.071s] Invoked command in '/home/pan/ros2_ws/build/rosbot_controller' returned '0': CMAKE_PREFIX_PATH=/home/pan/ros2_ws/install/rosbot_hardware_interfaces:/home/pan/ros2_ws/install/rosbot_description:/home/pan/ros2_ws/install/ros_components_description:/home/pan/ros2_ws/install/mecanum_drive_controller:/home/pan/ros2_ws/install/imu_sensor_broadcaster:/home/pan/ros2_ws/install/rosbot:/home/pan/ros2_ws/install/micro_ros_agent:/home/pan/ros2_ws/install/micro_ros_msgs:/home/pan/ros2_ws/install/husarion_gz_worlds:/home/pan/ros2_ws/install/articubot_one LD_LIBRARY_PATH=/home/pan/ros2_ws/install/rosbot_hardware_interfaces/lib:/home/pan/ros2_ws/install/mecanum_drive_controller/lib:/home/pan/ros2_ws/install/imu_sensor_broadcaster/lib:/home/pan/ros2_ws/install/micro_ros_agent/lib:/home/pan/ros2_ws/install/micro_ros_msgs/lib:/opt/ros/humble/opt/rviz_ogre_vendor/lib:/opt/ros/humble/lib/x86_64-linux-gnu:/opt/ros/humble/lib PYTHONPATH=/home/pan/ros2_ws/build/rosbot_controller/prefix_override:/usr/lib/python3/dist-packages/colcon_core/task/python/colcon_distutils_commands:/home/pan/ros2_ws/install/rosbot_controller/lib/python3.10/site-packages:${PYTHONPATH} /usr/bin/python3 -W ignore:setup.py install is deprecated -W ignore:easy_install command is deprecated setup.py develop --uninstall --editable --build-directory /home/pan/ros2_ws/build/rosbot_controller/build
[1.072s] Invoking command in '/home/pan/ros2_ws/src/rosbot_ros/rosbot_controller': CMAKE_PREFIX_PATH=/home/pan/ros2_ws/install/rosbot_hardware_interfaces:/home/pan/ros2_ws/install/rosbot_description:/home/pan/ros2_ws/install/ros_components_description:/home/pan/ros2_ws/install/mecanum_drive_controller:/home/pan/ros2_ws/install/imu_sensor_broadcaster:/home/pan/ros2_ws/install/rosbot:/home/pan/ros2_ws/install/micro_ros_agent:/home/pan/ros2_ws/install/micro_ros_msgs:/home/pan/ros2_ws/install/husarion_gz_worlds:/home/pan/ros2_ws/install/articubot_one LD_LIBRARY_PATH=/home/pan/ros2_ws/install/rosbot_hardware_interfaces/lib:/home/pan/ros2_ws/install/mecanum_drive_controller/lib:/home/pan/ros2_ws/install/imu_sensor_broadcaster/lib:/home/pan/ros2_ws/install/micro_ros_agent/lib:/home/pan/ros2_ws/install/micro_ros_msgs/lib:/opt/ros/humble/opt/rviz_ogre_vendor/lib:/opt/ros/humble/lib/x86_64-linux-gnu:/opt/ros/humble/lib PYTHONPATH=/home/pan/ros2_ws/build/rosbot_controller/prefix_override:/usr/lib/python3/dist-packages/colcon_core/task/python/colcon_distutils_commands:/home/pan/ros2_ws/install/rosbot_controller/lib/python3.10/site-packages:${PYTHONPATH} /usr/bin/python3 -W ignore:setup.py install is deprecated -W ignore:easy_install command is deprecated setup.py egg_info --egg-base ../../../build/rosbot_controller build --build-base /home/pan/ros2_ws/build/rosbot_controller/build install --record /home/pan/ros2_ws/build/rosbot_controller/install.log --single-version-externally-managed install_data --force
[1.296s] running egg_info
[1.297s] writing ../../../build/rosbot_controller/rosbot_controller.egg-info/PKG-INFO
[1.297s] writing dependency_links to ../../../build/rosbot_controller/rosbot_controller.egg-info/dependency_links.txt
[1.297s] writing entry points to ../../../build/rosbot_controller/rosbot_controller.egg-info/entry_points.txt
[1.297s] writing requirements to ../../../build/rosbot_controller/rosbot_controller.egg-info/requires.txt
[1.297s] writing top-level names to ../../../build/rosbot_controller/rosbot_controller.egg-info/top_level.txt
[1.298s] reading manifest file '../../../build/rosbot_controller/rosbot_controller.egg-info/SOURCES.txt'
[1.299s] writing manifest file '../../../build/rosbot_controller/rosbot_controller.egg-info/SOURCES.txt'
[1.299s] running build
[1.299s] running install
[1.299s] running install_data
[1.299s] copying resource/rosbot_controller -> /home/pan/ros2_ws/install/rosbot_controller/share/ament_index/resource_index/packages
[1.299s] copying package.xml -> /home/pan/ros2_ws/install/rosbot_controller/share/rosbot_controller
[1.299s] copying launch/controller.launch.py -> /home/pan/ros2_ws/install/rosbot_controller/share/rosbot_controller/launch
[1.302s] copying config/diff_drive_controller.yaml -> /home/pan/ros2_ws/install/rosbot_controller/share/rosbot_controller/config
[1.302s] copying config/mecanum_drive_controller.yaml -> /home/pan/ros2_ws/install/rosbot_controller/share/rosbot_controller/config
[1.302s] running install_egg_info
[1.304s] Copying ../../../build/rosbot_controller/rosbot_controller.egg-info to /home/pan/ros2_ws/install/rosbot_controller/lib/python3.10/site-packages/rosbot_controller-0.8.0-py3.10.egg-info
[1.306s] running install_scripts
[1.323s] writing list of installed files to '/home/pan/ros2_ws/build/rosbot_controller/install.log'
[1.356s] Invoked command in '/home/pan/ros2_ws/src/rosbot_ros/rosbot_controller' returned '0': CMAKE_PREFIX_PATH=/home/pan/ros2_ws/install/rosbot_hardware_interfaces:/home/pan/ros2_ws/install/rosbot_description:/home/pan/ros2_ws/install/ros_components_description:/home/pan/ros2_ws/install/mecanum_drive_controller:/home/pan/ros2_ws/install/imu_sensor_broadcaster:/home/pan/ros2_ws/install/rosbot:/home/pan/ros2_ws/install/micro_ros_agent:/home/pan/ros2_ws/install/micro_ros_msgs:/home/pan/ros2_ws/install/husarion_gz_worlds:/home/pan/ros2_ws/install/articubot_one LD_LIBRARY_PATH=/home/pan/ros2_ws/install/rosbot_hardware_interfaces/lib:/home/pan/ros2_ws/install/mecanum_drive_controller/lib:/home/pan/ros2_ws/install/imu_sensor_broadcaster/lib:/home/pan/ros2_ws/install/micro_ros_agent/lib:/home/pan/ros2_ws/install/micro_ros_msgs/lib:/opt/ros/humble/opt/rviz_ogre_vendor/lib:/opt/ros/humble/lib/x86_64-linux-gnu:/opt/ros/humble/lib PYTHONPATH=/home/pan/ros2_ws/build/rosbot_controller/prefix_override:/usr/lib/python3/dist-packages/colcon_core/task/python/colcon_distutils_commands:/home/pan/ros2_ws/install/rosbot_controller/lib/python3.10/site-packages:${PYTHONPATH} /usr/bin/python3 -W ignore:setup.py install is deprecated -W ignore:easy_install command is deprecated setup.py egg_info --egg-base ../../../build/rosbot_controller build --build-base /home/pan/ros2_ws/build/rosbot_controller/build install --record /home/pan/ros2_ws/build/rosbot_controller/install.log --single-version-externally-managed install_data --force
