[0.048s] Invoking command in '/home/pan/ros2_ws/build/micro_ros_msgs': CMAKE_PREFIX_PATH=${CMAKE_PREFIX_PATH}:/opt/ros/humble /usr/bin/cmake /home/pan/ros2_ws/src/micro_ros_msgs -DCMAKE_INSTALL_PREFIX=/home/pan/ros2_ws/install/micro_ros_msgs
[0.089s] -- Found ament_cmake: 1.3.11 (/opt/ros/humble/share/ament_cmake/cmake)
[0.275s] -- Override CMake install command with custom implementation using symlinks instead of copying resources
[0.296s] -- Found rosidl_default_generators: 1.2.0 (/opt/ros/humble/share/rosidl_default_generators/cmake)
[0.302s] -- Using all available rosidl_typesupport_c: rosidl_typesupport_fastrtps_c;rosidl_typesupport_introspection_c
[0.308s] -- Found rosidl_adapter: 3.1.6 (/opt/ros/humble/share/rosidl_adapter/cmake)
[0.370s] -- Using all available rosidl_typesupport_cpp: rosidl_typesupport_fastrtps_cpp;rosidl_typesupport_introspection_cpp
[0.405s] -- Found ament_lint_auto: 0.12.11 (/opt/ros/humble/share/ament_lint_auto/cmake)
[0.727s] -- Found ament_cmake_ros: 0.10.0 (/opt/ros/humble/share/ament_cmake_ros/cmake)
[0.919s] -- Using all available rosidl_typesupport_c: rosidl_typesupport_fastrtps_c;rosidl_typesupport_introspection_c
[1.176s] -- Using all available rosidl_typesupport_cpp: rosidl_typesupport_fastrtps_cpp;rosidl_typesupport_introspection_cpp
[1.202s] -- Found python_cmake_module: 0.10.0 (/opt/ros/humble/share/python_cmake_module/cmake)
[1.227s] -- Using PYTHON_EXECUTABLE: /usr/bin/python3
[1.227s] -- Using PYTHON_INCLUDE_DIRS: /usr/include/python3.10
[1.227s] -- Using PYTHON_LIBRARIES: /usr/lib/x86_64-linux-gnu/libpython3.10.so
[1.246s] -- Added test 'copyright' to check source files copyright and LICENSE
[1.258s] -- Added test 'lint_cmake' to check CMake code style
[1.263s] -- Added test 'xmllint' to check XML markup files
[1.272s] -- Configuring done
[1.333s] -- Generating done
[1.344s] -- Build files have been written to: /home/pan/ros2_ws/build/micro_ros_msgs
[1.353s] Invoked command in '/home/pan/ros2_ws/build/micro_ros_msgs' returned '0': CMAKE_PREFIX_PATH=${CMAKE_PREFIX_PATH}:/opt/ros/humble /usr/bin/cmake /home/pan/ros2_ws/src/micro_ros_msgs -DCMAKE_INSTALL_PREFIX=/home/pan/ros2_ws/install/micro_ros_msgs
[1.355s] Invoking command in '/home/pan/ros2_ws/build/micro_ros_msgs': CMAKE_PREFIX_PATH=${CMAKE_PREFIX_PATH}:/opt/ros/humble /usr/bin/cmake --build /home/pan/ros2_ws/build/micro_ros_msgs -- -j12 -l12
[1.400s] [35m[1mConsolidate compiler generated dependencies of target micro_ros_msgs__rosidl_generator_c[0m
[1.412s] [  2%] Built target micro_ros_msgs__cpp
[1.412s] [ 12%] Built target micro_ros_msgs__rosidl_generator_c
[1.421s] [ 12%] Built target ament_cmake_python_symlink_micro_ros_msgs
[1.426s] [35m[1mConsolidate compiler generated dependencies of target micro_ros_msgs__rosidl_typesupport_cpp[0m
[1.427s] [35m[1mConsolidate compiler generated dependencies of target micro_ros_msgs__rosidl_typesupport_fastrtps_cpp[0m
[1.431s] [35m[1mConsolidate compiler generated dependencies of target micro_ros_msgs__rosidl_typesupport_introspection_cpp[0m
[1.431s] [35m[1mConsolidate compiler generated dependencies of target micro_ros_msgs__rosidl_typesupport_fastrtps_c[0m
[1.437s] [35m[1mConsolidate compiler generated dependencies of target micro_ros_msgs__rosidl_typesupport_c[0m
[1.437s] [35m[1mConsolidate compiler generated dependencies of target micro_ros_msgs__rosidl_typesupport_introspection_c[0m
[1.448s] [ 23%] Built target micro_ros_msgs__rosidl_typesupport_cpp
[1.448s] [ 53%] Built target micro_ros_msgs__rosidl_typesupport_introspection_cpp
[1.448s] [ 55%] Built target micro_ros_msgs__rosidl_typesupport_fastrtps_c
[1.448s] [ 55%] Built target micro_ros_msgs__rosidl_typesupport_fastrtps_cpp
[1.453s] [ 76%] Built target micro_ros_msgs__rosidl_typesupport_introspection_c
[1.453s] [ 76%] Built target micro_ros_msgs__rosidl_typesupport_c
[1.477s] [ 76%] Built target micro_ros_msgs
[1.502s] [ 78%] Built target micro_ros_msgs__py
[1.516s] [35m[1mConsolidate compiler generated dependencies of target micro_ros_msgs__rosidl_generator_py[0m
[1.534s] [ 87%] Built target micro_ros_msgs__rosidl_generator_py
[1.546s] [35m[1mConsolidate compiler generated dependencies of target micro_ros_msgs__rosidl_typesupport_c__pyext[0m
[1.548s] [35m[1mConsolidate compiler generated dependencies of target micro_ros_msgs__rosidl_typesupport_introspection_c__pyext[0m
[1.548s] [35m[1mConsolidate compiler generated dependencies of target micro_ros_msgs__rosidl_typesupport_fastrtps_c__pyext[0m
[1.562s] [ 91%] Built target micro_ros_msgs__rosidl_typesupport_c__pyext
[1.563s] [ 95%] Built target micro_ros_msgs__rosidl_typesupport_fastrtps_c__pyext
[1.566s] [100%] Built target micro_ros_msgs__rosidl_typesupport_introspection_c__pyext
[1.676s] running egg_info
[1.676s] writing micro_ros_msgs.egg-info/PKG-INFO
[1.676s] writing dependency_links to micro_ros_msgs.egg-info/dependency_links.txt
[1.676s] writing top-level names to micro_ros_msgs.egg-info/top_level.txt
[1.679s] reading manifest file 'micro_ros_msgs.egg-info/SOURCES.txt'
[1.680s] writing manifest file 'micro_ros_msgs.egg-info/SOURCES.txt'
[1.715s] [100%] Built target ament_cmake_python_build_micro_ros_msgs_egg
[1.729s] Invoked command in '/home/pan/ros2_ws/build/micro_ros_msgs' returned '0': CMAKE_PREFIX_PATH=${CMAKE_PREFIX_PATH}:/opt/ros/humble /usr/bin/cmake --build /home/pan/ros2_ws/build/micro_ros_msgs -- -j12 -l12
[1.731s] Invoking command in '/home/pan/ros2_ws/build/micro_ros_msgs': CMAKE_PREFIX_PATH=${CMAKE_PREFIX_PATH}:/opt/ros/humble /usr/bin/cmake --install /home/pan/ros2_ws/build/micro_ros_msgs
[1.738s] -- Install configuration: "Release"
[1.738s] -- Execute custom install script
[1.739s] -- Up-to-date symlink: /home/pan/ros2_ws/install/micro_ros_msgs/share/ament_index/resource_index/rosidl_interfaces/micro_ros_msgs
[1.739s] -- Up-to-date symlink: /home/pan/ros2_ws/install/micro_ros_msgs/include/micro_ros_msgs/micro_ros_msgs/msg/detail/entity__functions.h
[1.740s] -- Up-to-date symlink: /home/pan/ros2_ws/install/micro_ros_msgs/include/micro_ros_msgs/micro_ros_msgs/msg/detail/entity__struct.h
[1.740s] -- Up-to-date symlink: /home/pan/ros2_ws/install/micro_ros_msgs/include/micro_ros_msgs/micro_ros_msgs/msg/detail/entity__type_support.h
[1.740s] -- Up-to-date symlink: /home/pan/ros2_ws/install/micro_ros_msgs/include/micro_ros_msgs/micro_ros_msgs/msg/detail/graph__functions.h
[1.740s] -- Up-to-date symlink: /home/pan/ros2_ws/install/micro_ros_msgs/include/micro_ros_msgs/micro_ros_msgs/msg/detail/graph__struct.h
[1.740s] -- Up-to-date symlink: /home/pan/ros2_ws/install/micro_ros_msgs/include/micro_ros_msgs/micro_ros_msgs/msg/detail/graph__type_support.h
[1.741s] -- Up-to-date symlink: /home/pan/ros2_ws/install/micro_ros_msgs/include/micro_ros_msgs/micro_ros_msgs/msg/detail/node__functions.h
[1.741s] -- Up-to-date symlink: /home/pan/ros2_ws/install/micro_ros_msgs/include/micro_ros_msgs/micro_ros_msgs/msg/detail/node__struct.h
[1.741s] -- Up-to-date symlink: /home/pan/ros2_ws/install/micro_ros_msgs/include/micro_ros_msgs/micro_ros_msgs/msg/detail/node__type_support.h
[1.741s] -- Up-to-date symlink: /home/pan/ros2_ws/install/micro_ros_msgs/include/micro_ros_msgs/micro_ros_msgs/msg/entity.h
[1.742s] -- Up-to-date symlink: /home/pan/ros2_ws/install/micro_ros_msgs/include/micro_ros_msgs/micro_ros_msgs/msg/graph.h
[1.742s] -- Up-to-date symlink: /home/pan/ros2_ws/install/micro_ros_msgs/include/micro_ros_msgs/micro_ros_msgs/msg/node.h
[1.742s] -- Up-to-date symlink: /home/pan/ros2_ws/install/micro_ros_msgs/include/micro_ros_msgs/micro_ros_msgs/msg/rosidl_generator_c__visibility_control.h
[1.743s] -- Up-to-date symlink: /home/pan/ros2_ws/install/micro_ros_msgs/share/micro_ros_msgs/environment/library_path.sh
[1.743s] -- Up-to-date symlink: /home/pan/ros2_ws/install/micro_ros_msgs/share/micro_ros_msgs/environment/library_path.dsv
[1.744s] -- Up-to-date symlink: /home/pan/ros2_ws/install/micro_ros_msgs/include/micro_ros_msgs/micro_ros_msgs/msg/detail/entity__rosidl_typesupport_fastrtps_c.h
[1.744s] -- Up-to-date symlink: /home/pan/ros2_ws/install/micro_ros_msgs/include/micro_ros_msgs/micro_ros_msgs/msg/detail/graph__rosidl_typesupport_fastrtps_c.h
[1.744s] -- Up-to-date symlink: /home/pan/ros2_ws/install/micro_ros_msgs/include/micro_ros_msgs/micro_ros_msgs/msg/detail/node__rosidl_typesupport_fastrtps_c.h
[1.745s] -- Up-to-date symlink: /home/pan/ros2_ws/install/micro_ros_msgs/include/micro_ros_msgs/micro_ros_msgs/msg/rosidl_typesupport_fastrtps_c__visibility_control.h
[1.745s] -- Up-to-date symlink: /home/pan/ros2_ws/install/micro_ros_msgs/include/micro_ros_msgs/micro_ros_msgs/msg/detail/entity__rosidl_typesupport_introspection_c.h
[1.745s] -- Up-to-date symlink: /home/pan/ros2_ws/install/micro_ros_msgs/include/micro_ros_msgs/micro_ros_msgs/msg/detail/graph__rosidl_typesupport_introspection_c.h
[1.746s] -- Up-to-date symlink: /home/pan/ros2_ws/install/micro_ros_msgs/include/micro_ros_msgs/micro_ros_msgs/msg/detail/node__rosidl_typesupport_introspection_c.h
[1.746s] -- Up-to-date symlink: /home/pan/ros2_ws/install/micro_ros_msgs/include/micro_ros_msgs/micro_ros_msgs/msg/rosidl_typesupport_introspection_c__visibility_control.h
[1.747s] -- Up-to-date symlink: /home/pan/ros2_ws/install/micro_ros_msgs/include/micro_ros_msgs/micro_ros_msgs/msg/detail/entity__builder.hpp
[1.747s] -- Up-to-date symlink: /home/pan/ros2_ws/install/micro_ros_msgs/include/micro_ros_msgs/micro_ros_msgs/msg/detail/entity__struct.hpp
[1.747s] -- Up-to-date symlink: /home/pan/ros2_ws/install/micro_ros_msgs/include/micro_ros_msgs/micro_ros_msgs/msg/detail/entity__traits.hpp
[1.748s] -- Up-to-date symlink: /home/pan/ros2_ws/install/micro_ros_msgs/include/micro_ros_msgs/micro_ros_msgs/msg/detail/entity__type_support.hpp
[1.748s] -- Up-to-date symlink: /home/pan/ros2_ws/install/micro_ros_msgs/include/micro_ros_msgs/micro_ros_msgs/msg/detail/graph__builder.hpp
[1.749s] -- Up-to-date symlink: /home/pan/ros2_ws/install/micro_ros_msgs/include/micro_ros_msgs/micro_ros_msgs/msg/detail/graph__struct.hpp
[1.749s] -- Up-to-date symlink: /home/pan/ros2_ws/install/micro_ros_msgs/include/micro_ros_msgs/micro_ros_msgs/msg/detail/graph__traits.hpp
[1.750s] -- Up-to-date symlink: /home/pan/ros2_ws/install/micro_ros_msgs/include/micro_ros_msgs/micro_ros_msgs/msg/detail/graph__type_support.hpp
[1.750s] -- Up-to-date symlink: /home/pan/ros2_ws/install/micro_ros_msgs/include/micro_ros_msgs/micro_ros_msgs/msg/detail/node__builder.hpp
[1.750s] -- Up-to-date symlink: /home/pan/ros2_ws/install/micro_ros_msgs/include/micro_ros_msgs/micro_ros_msgs/msg/detail/node__struct.hpp
[1.750s] -- Up-to-date symlink: /home/pan/ros2_ws/install/micro_ros_msgs/include/micro_ros_msgs/micro_ros_msgs/msg/detail/node__traits.hpp
[1.751s] -- Up-to-date symlink: /home/pan/ros2_ws/install/micro_ros_msgs/include/micro_ros_msgs/micro_ros_msgs/msg/detail/node__type_support.hpp
[1.751s] -- Up-to-date symlink: /home/pan/ros2_ws/install/micro_ros_msgs/include/micro_ros_msgs/micro_ros_msgs/msg/entity.hpp
[1.751s] -- Up-to-date symlink: /home/pan/ros2_ws/install/micro_ros_msgs/include/micro_ros_msgs/micro_ros_msgs/msg/graph.hpp
[1.752s] -- Up-to-date symlink: /home/pan/ros2_ws/install/micro_ros_msgs/include/micro_ros_msgs/micro_ros_msgs/msg/node.hpp
[1.752s] -- Up-to-date symlink: /home/pan/ros2_ws/install/micro_ros_msgs/include/micro_ros_msgs/micro_ros_msgs/msg/rosidl_generator_cpp__visibility_control.hpp
[1.753s] -- Up-to-date symlink: /home/pan/ros2_ws/install/micro_ros_msgs/include/micro_ros_msgs/micro_ros_msgs/msg/detail/entity__rosidl_typesupport_fastrtps_cpp.hpp
[1.753s] -- Up-to-date symlink: /home/pan/ros2_ws/install/micro_ros_msgs/include/micro_ros_msgs/micro_ros_msgs/msg/detail/graph__rosidl_typesupport_fastrtps_cpp.hpp
[1.753s] -- Up-to-date symlink: /home/pan/ros2_ws/install/micro_ros_msgs/include/micro_ros_msgs/micro_ros_msgs/msg/detail/node__rosidl_typesupport_fastrtps_cpp.hpp
[1.754s] -- Up-to-date symlink: /home/pan/ros2_ws/install/micro_ros_msgs/include/micro_ros_msgs/micro_ros_msgs/msg/rosidl_typesupport_fastrtps_cpp__visibility_control.h
[1.755s] -- Up-to-date symlink: /home/pan/ros2_ws/install/micro_ros_msgs/include/micro_ros_msgs/micro_ros_msgs/msg/detail/entity__rosidl_typesupport_introspection_cpp.hpp
[1.755s] -- Up-to-date symlink: /home/pan/ros2_ws/install/micro_ros_msgs/include/micro_ros_msgs/micro_ros_msgs/msg/detail/graph__rosidl_typesupport_introspection_cpp.hpp
[1.755s] -- Up-to-date symlink: /home/pan/ros2_ws/install/micro_ros_msgs/include/micro_ros_msgs/micro_ros_msgs/msg/detail/node__rosidl_typesupport_introspection_cpp.hpp
[1.756s] -- Up-to-date symlink: /home/pan/ros2_ws/install/micro_ros_msgs/share/micro_ros_msgs/environment/pythonpath.sh
[1.756s] -- Up-to-date symlink: /home/pan/ros2_ws/install/micro_ros_msgs/share/micro_ros_msgs/environment/pythonpath.dsv
[1.757s] -- Up-to-date symlink: /home/pan/ros2_ws/install/micro_ros_msgs/local/lib/python3.10/dist-packages/micro_ros_msgs-3.0.1-py3.10.egg-info/PKG-INFO
[1.757s] -- Up-to-date symlink: /home/pan/ros2_ws/install/micro_ros_msgs/local/lib/python3.10/dist-packages/micro_ros_msgs-3.0.1-py3.10.egg-info/SOURCES.txt
[1.758s] -- Up-to-date symlink: /home/pan/ros2_ws/install/micro_ros_msgs/local/lib/python3.10/dist-packages/micro_ros_msgs-3.0.1-py3.10.egg-info/dependency_links.txt
[1.758s] -- Up-to-date symlink: /home/pan/ros2_ws/install/micro_ros_msgs/local/lib/python3.10/dist-packages/micro_ros_msgs-3.0.1-py3.10.egg-info/top_level.txt
[1.759s] -- Up-to-date symlink: /home/pan/ros2_ws/install/micro_ros_msgs/local/lib/python3.10/dist-packages/micro_ros_msgs/__init__.py
[1.760s] -- Up-to-date symlink: /home/pan/ros2_ws/install/micro_ros_msgs/local/lib/python3.10/dist-packages/micro_ros_msgs/_micro_ros_msgs_s.ep.rosidl_typesupport_c.c
[1.761s] -- Up-to-date symlink: /home/pan/ros2_ws/install/micro_ros_msgs/local/lib/python3.10/dist-packages/micro_ros_msgs/_micro_ros_msgs_s.ep.rosidl_typesupport_fastrtps_c.c
[1.761s] -- Up-to-date symlink: /home/pan/ros2_ws/install/micro_ros_msgs/local/lib/python3.10/dist-packages/micro_ros_msgs/_micro_ros_msgs_s.ep.rosidl_typesupport_introspection_c.c
[1.761s] -- Up-to-date symlink: /home/pan/ros2_ws/install/micro_ros_msgs/local/lib/python3.10/dist-packages/micro_ros_msgs/libmicro_ros_msgs__rosidl_generator_py.so
[1.761s] -- Up-to-date symlink: /home/pan/ros2_ws/install/micro_ros_msgs/local/lib/python3.10/dist-packages/micro_ros_msgs/micro_ros_msgs_s__rosidl_typesupport_c.cpython-310-x86_64-linux-gnu.so
[1.761s] -- Up-to-date symlink: /home/pan/ros2_ws/install/micro_ros_msgs/local/lib/python3.10/dist-packages/micro_ros_msgs/micro_ros_msgs_s__rosidl_typesupport_fastrtps_c.cpython-310-x86_64-linux-gnu.so
[1.762s] -- Up-to-date symlink: /home/pan/ros2_ws/install/micro_ros_msgs/local/lib/python3.10/dist-packages/micro_ros_msgs/micro_ros_msgs_s__rosidl_typesupport_introspection_c.cpython-310-x86_64-linux-gnu.so
[1.762s] -- Up-to-date symlink: /home/pan/ros2_ws/install/micro_ros_msgs/local/lib/python3.10/dist-packages/micro_ros_msgs/msg/__init__.py
[1.762s] -- Up-to-date symlink: /home/pan/ros2_ws/install/micro_ros_msgs/local/lib/python3.10/dist-packages/micro_ros_msgs/msg/_entity.py
[1.762s] -- Up-to-date symlink: /home/pan/ros2_ws/install/micro_ros_msgs/local/lib/python3.10/dist-packages/micro_ros_msgs/msg/_entity_s.c
[1.762s] -- Up-to-date symlink: /home/pan/ros2_ws/install/micro_ros_msgs/local/lib/python3.10/dist-packages/micro_ros_msgs/msg/_graph.py
[1.763s] -- Up-to-date symlink: /home/pan/ros2_ws/install/micro_ros_msgs/local/lib/python3.10/dist-packages/micro_ros_msgs/msg/_graph_s.c
[1.763s] -- Up-to-date symlink: /home/pan/ros2_ws/install/micro_ros_msgs/local/lib/python3.10/dist-packages/micro_ros_msgs/msg/_node.py
[1.763s] -- Up-to-date symlink: /home/pan/ros2_ws/install/micro_ros_msgs/local/lib/python3.10/dist-packages/micro_ros_msgs/msg/_node_s.c
[1.763s] -- Up-to-date symlink: /home/pan/ros2_ws/install/micro_ros_msgs/local/lib/python3.10/dist-packages/micro_ros_msgs/micro_ros_msgs_s__rosidl_typesupport_fastrtps_c.cpython-310-x86_64-linux-gnu.so
[1.764s] -- Up-to-date symlink: /home/pan/ros2_ws/install/micro_ros_msgs/local/lib/python3.10/dist-packages/micro_ros_msgs/micro_ros_msgs_s__rosidl_typesupport_introspection_c.cpython-310-x86_64-linux-gnu.so
[1.764s] -- Up-to-date symlink: /home/pan/ros2_ws/install/micro_ros_msgs/local/lib/python3.10/dist-packages/micro_ros_msgs/micro_ros_msgs_s__rosidl_typesupport_c.cpython-310-x86_64-linux-gnu.so
[1.764s] -- Up-to-date symlink: /home/pan/ros2_ws/install/micro_ros_msgs/share/micro_ros_msgs/msg/Graph.idl
[1.765s] -- Up-to-date symlink: /home/pan/ros2_ws/install/micro_ros_msgs/share/micro_ros_msgs/msg/Node.idl
[1.765s] -- Up-to-date symlink: /home/pan/ros2_ws/install/micro_ros_msgs/share/micro_ros_msgs/msg/Entity.idl
[1.765s] -- Up-to-date symlink: /home/pan/ros2_ws/install/micro_ros_msgs/share/micro_ros_msgs/msg/Graph.msg
[1.765s] -- Up-to-date symlink: /home/pan/ros2_ws/install/micro_ros_msgs/share/micro_ros_msgs/msg/Node.msg
[1.765s] -- Up-to-date symlink: /home/pan/ros2_ws/install/micro_ros_msgs/share/micro_ros_msgs/msg/Entity.msg
[1.766s] -- Up-to-date symlink: /home/pan/ros2_ws/install/micro_ros_msgs/share/ament_index/resource_index/package_run_dependencies/micro_ros_msgs
[1.767s] -- Up-to-date symlink: /home/pan/ros2_ws/install/micro_ros_msgs/share/ament_index/resource_index/parent_prefix_path/micro_ros_msgs
[1.767s] -- Up-to-date symlink: /home/pan/ros2_ws/install/micro_ros_msgs/share/micro_ros_msgs/environment/ament_prefix_path.sh
[1.768s] -- Up-to-date symlink: /home/pan/ros2_ws/install/micro_ros_msgs/share/micro_ros_msgs/environment/ament_prefix_path.dsv
[1.768s] -- Up-to-date symlink: /home/pan/ros2_ws/install/micro_ros_msgs/share/micro_ros_msgs/environment/path.sh
[1.768s] -- Up-to-date symlink: /home/pan/ros2_ws/install/micro_ros_msgs/share/micro_ros_msgs/environment/path.dsv
[1.769s] -- Up-to-date symlink: /home/pan/ros2_ws/install/micro_ros_msgs/share/micro_ros_msgs/local_setup.bash
[1.770s] -- Up-to-date symlink: /home/pan/ros2_ws/install/micro_ros_msgs/share/micro_ros_msgs/local_setup.sh
[1.770s] -- Up-to-date symlink: /home/pan/ros2_ws/install/micro_ros_msgs/share/micro_ros_msgs/local_setup.zsh
[1.770s] -- Up-to-date symlink: /home/pan/ros2_ws/install/micro_ros_msgs/share/micro_ros_msgs/local_setup.dsv
[1.770s] -- Symlinking: /home/pan/ros2_ws/install/micro_ros_msgs/share/micro_ros_msgs/package.dsv
[1.782s] -- Up-to-date symlink: /home/pan/ros2_ws/install/micro_ros_msgs/share/ament_index/resource_index/packages/micro_ros_msgs
[1.782s] -- Up-to-date symlink: /home/pan/ros2_ws/install/micro_ros_msgs/share/micro_ros_msgs/cmake/rosidl_cmake-extras.cmake
[1.783s] -- Up-to-date symlink: /home/pan/ros2_ws/install/micro_ros_msgs/share/micro_ros_msgs/cmake/ament_cmake_export_include_directories-extras.cmake
[1.783s] -- Up-to-date symlink: /home/pan/ros2_ws/install/micro_ros_msgs/share/micro_ros_msgs/cmake/ament_cmake_export_libraries-extras.cmake
[1.784s] -- Up-to-date symlink: /home/pan/ros2_ws/install/micro_ros_msgs/share/micro_ros_msgs/cmake/ament_cmake_export_targets-extras.cmake
[1.784s] -- Up-to-date symlink: /home/pan/ros2_ws/install/micro_ros_msgs/share/micro_ros_msgs/cmake/rosidl_cmake_export_typesupport_targets-extras.cmake
[1.784s] -- Up-to-date symlink: /home/pan/ros2_ws/install/micro_ros_msgs/share/micro_ros_msgs/cmake/ament_cmake_export_dependencies-extras.cmake
[1.785s] -- Up-to-date symlink: /home/pan/ros2_ws/install/micro_ros_msgs/share/micro_ros_msgs/cmake/rosidl_cmake_export_typesupport_libraries-extras.cmake
[1.785s] -- Up-to-date symlink: /home/pan/ros2_ws/install/micro_ros_msgs/share/micro_ros_msgs/cmake/micro_ros_msgsConfig.cmake
[1.786s] -- Up-to-date symlink: /home/pan/ros2_ws/install/micro_ros_msgs/share/micro_ros_msgs/cmake/micro_ros_msgsConfig-version.cmake
[1.786s] -- Up-to-date symlink: /home/pan/ros2_ws/install/micro_ros_msgs/share/micro_ros_msgs/package.xml
[1.787s] -- Up-to-date: /home/pan/ros2_ws/install/micro_ros_msgs/lib/libmicro_ros_msgs__rosidl_generator_c.so
[1.788s] -- Up-to-date: /home/pan/ros2_ws/install/micro_ros_msgs/lib/libmicro_ros_msgs__rosidl_typesupport_fastrtps_c.so
[1.789s] -- Up-to-date: /home/pan/ros2_ws/install/micro_ros_msgs/lib/libmicro_ros_msgs__rosidl_typesupport_introspection_c.so
[1.790s] -- Up-to-date: /home/pan/ros2_ws/install/micro_ros_msgs/lib/libmicro_ros_msgs__rosidl_typesupport_c.so
[1.791s] -- Up-to-date: /home/pan/ros2_ws/install/micro_ros_msgs/lib/libmicro_ros_msgs__rosidl_typesupport_fastrtps_cpp.so
[1.793s] -- Up-to-date: /home/pan/ros2_ws/install/micro_ros_msgs/lib/libmicro_ros_msgs__rosidl_typesupport_introspection_cpp.so
[1.793s] -- Up-to-date: /home/pan/ros2_ws/install/micro_ros_msgs/lib/libmicro_ros_msgs__rosidl_typesupport_cpp.so
[1.826s] Listing '/home/pan/ros2_ws/install/micro_ros_msgs/local/lib/python3.10/dist-packages/micro_ros_msgs'...
[1.826s] Compiling '/home/pan/ros2_ws/install/micro_ros_msgs/local/lib/python3.10/dist-packages/micro_ros_msgs/__init__.py'...
[1.826s] Listing '/home/pan/ros2_ws/install/micro_ros_msgs/local/lib/python3.10/dist-packages/micro_ros_msgs/msg'...
[1.832s] -- Up-to-date: /home/pan/ros2_ws/install/micro_ros_msgs/lib/libmicro_ros_msgs__rosidl_generator_py.so
[1.832s] -- Up-to-date: /home/pan/ros2_ws/install/micro_ros_msgs/share/micro_ros_msgs/cmake/export_micro_ros_msgs__rosidl_generator_cExport.cmake
[1.832s] -- Up-to-date: /home/pan/ros2_ws/install/micro_ros_msgs/share/micro_ros_msgs/cmake/export_micro_ros_msgs__rosidl_generator_cExport-release.cmake
[1.833s] -- Up-to-date: /home/pan/ros2_ws/install/micro_ros_msgs/share/micro_ros_msgs/cmake/export_micro_ros_msgs__rosidl_typesupport_fastrtps_cExport.cmake
[1.833s] -- Up-to-date: /home/pan/ros2_ws/install/micro_ros_msgs/share/micro_ros_msgs/cmake/export_micro_ros_msgs__rosidl_typesupport_fastrtps_cExport-release.cmake
[1.834s] -- Up-to-date: /home/pan/ros2_ws/install/micro_ros_msgs/share/micro_ros_msgs/cmake/micro_ros_msgs__rosidl_typesupport_introspection_cExport.cmake
[1.834s] -- Up-to-date: /home/pan/ros2_ws/install/micro_ros_msgs/share/micro_ros_msgs/cmake/micro_ros_msgs__rosidl_typesupport_introspection_cExport-release.cmake
[1.835s] -- Up-to-date: /home/pan/ros2_ws/install/micro_ros_msgs/share/micro_ros_msgs/cmake/micro_ros_msgs__rosidl_typesupport_cExport.cmake
[1.835s] -- Up-to-date: /home/pan/ros2_ws/install/micro_ros_msgs/share/micro_ros_msgs/cmake/micro_ros_msgs__rosidl_typesupport_cExport-release.cmake
[1.835s] -- Up-to-date: /home/pan/ros2_ws/install/micro_ros_msgs/share/micro_ros_msgs/cmake/export_micro_ros_msgs__rosidl_generator_cppExport.cmake
[1.836s] -- Up-to-date: /home/pan/ros2_ws/install/micro_ros_msgs/share/micro_ros_msgs/cmake/export_micro_ros_msgs__rosidl_typesupport_fastrtps_cppExport.cmake
[1.836s] -- Up-to-date: /home/pan/ros2_ws/install/micro_ros_msgs/share/micro_ros_msgs/cmake/export_micro_ros_msgs__rosidl_typesupport_fastrtps_cppExport-release.cmake
[1.836s] -- Up-to-date: /home/pan/ros2_ws/install/micro_ros_msgs/share/micro_ros_msgs/cmake/micro_ros_msgs__rosidl_typesupport_introspection_cppExport.cmake
[1.836s] -- Up-to-date: /home/pan/ros2_ws/install/micro_ros_msgs/share/micro_ros_msgs/cmake/micro_ros_msgs__rosidl_typesupport_introspection_cppExport-release.cmake
[1.836s] -- Up-to-date: /home/pan/ros2_ws/install/micro_ros_msgs/share/micro_ros_msgs/cmake/micro_ros_msgs__rosidl_typesupport_cppExport.cmake
[1.836s] -- Up-to-date: /home/pan/ros2_ws/install/micro_ros_msgs/share/micro_ros_msgs/cmake/micro_ros_msgs__rosidl_typesupport_cppExport-release.cmake
[1.837s] -- Up-to-date: /home/pan/ros2_ws/install/micro_ros_msgs/share/micro_ros_msgs/cmake/export_micro_ros_msgs__rosidl_generator_pyExport.cmake
[1.837s] -- Up-to-date: /home/pan/ros2_ws/install/micro_ros_msgs/share/micro_ros_msgs/cmake/export_micro_ros_msgs__rosidl_generator_pyExport-release.cmake
[1.840s] Invoked command in '/home/pan/ros2_ws/build/micro_ros_msgs' returned '0': CMAKE_PREFIX_PATH=${CMAKE_PREFIX_PATH}:/opt/ros/humble /usr/bin/cmake --install /home/pan/ros2_ws/build/micro_ros_msgs
