[0.030s] Invoking command in '/home/pan/ros2_ws/build/ros_components_description': CMAKE_PREFIX_PATH=/opt/ros/humble /usr/bin/cmake --build /home/pan/ros2_ws/build/ros_components_description -- -j12 -l12
[0.323s] Invoked command in '/home/pan/ros2_ws/build/ros_components_description' returned '0': CMAKE_PREFIX_PATH=/opt/ros/humble /usr/bin/cmake --build /home/pan/ros2_ws/build/ros_components_description -- -j12 -l12
[0.334s] Invoking command in '/home/pan/ros2_ws/build/ros_components_description': CMAKE_PREFIX_PATH=/opt/ros/humble /usr/bin/cmake --install /home/pan/ros2_ws/build/ros_components_description
[0.350s] -- Install configuration: "Release"
[0.351s] -- Execute custom install script
[0.352s] -- Up-to-date symlink: /home/pan/ros2_ws/install/ros_components_description/share/ros_components_description/meshes/intel_realsense_d435.dae
[0.353s] -- Up-to-date symlink: /home/pan/ros2_ws/install/ros_components_description/share/ros_components_description/meshes/orbbec_astra.dae
[0.355s] -- Up-to-date symlink: /home/pan/ros2_ws/install/ros_components_description/share/ros_components_description/meshes/ouster_os1_32.dae
[0.356s] -- Up-to-date symlink: /home/pan/ros2_ws/install/ros_components_description/share/ros_components_description/meshes/slamtec_rplidar_a2m8.dae
[0.356s] -- Up-to-date symlink: /home/pan/ros2_ws/install/ros_components_description/share/ros_components_description/meshes/slamtec_rplidar_ax.dae
[0.356s] -- Up-to-date symlink: /home/pan/ros2_ws/install/ros_components_description/share/ros_components_description/meshes/slamtec_rplidar_s1.dae
[0.356s] -- Up-to-date symlink: /home/pan/ros2_ws/install/ros_components_description/share/ros_components_description/meshes/slamtec_rplidar_s2.dae
[0.356s] -- Up-to-date symlink: /home/pan/ros2_ws/install/ros_components_description/share/ros_components_description/meshes/slamtec_rplidar_s3.dae
[0.357s] -- Up-to-date symlink: /home/pan/ros2_ws/install/ros_components_description/share/ros_components_description/meshes/velodyne_puck.dae
[0.357s] -- Up-to-date symlink: /home/pan/ros2_ws/install/ros_components_description/share/ros_components_description/meshes/zed.stl
[0.357s] -- Up-to-date symlink: /home/pan/ros2_ws/install/ros_components_description/share/ros_components_description/meshes/zed2.stl
[0.357s] -- Up-to-date symlink: /home/pan/ros2_ws/install/ros_components_description/share/ros_components_description/meshes/zed2i.stl
[0.357s] -- Up-to-date symlink: /home/pan/ros2_ws/install/ros_components_description/share/ros_components_description/meshes/zedm.stl
[0.357s] -- Up-to-date symlink: /home/pan/ros2_ws/install/ros_components_description/share/ros_components_description/meshes/zedx.stl
[0.357s] -- Up-to-date symlink: /home/pan/ros2_ws/install/ros_components_description/share/ros_components_description/meshes/zedxm.stl
[0.357s] -- Up-to-date symlink: /home/pan/ros2_ws/install/ros_components_description/share/ros_components_description/urdf/intel_realsense_d435.urdf.xacro
[0.357s] -- Up-to-date symlink: /home/pan/ros2_ws/install/ros_components_description/share/ros_components_description/urdf/orbbec_astra.urdf.xacro
[0.358s] -- Up-to-date symlink: /home/pan/ros2_ws/install/ros_components_description/share/ros_components_description/urdf/ouster_os1_32.urdf.xacro
[0.358s] -- Up-to-date symlink: /home/pan/ros2_ws/install/ros_components_description/share/ros_components_description/urdf/slamtec_rplidar_a2.urdf.xacro
[0.358s] -- Up-to-date symlink: /home/pan/ros2_ws/install/ros_components_description/share/ros_components_description/urdf/slamtec_rplidar_a3.urdf.xacro
[0.358s] -- Up-to-date symlink: /home/pan/ros2_ws/install/ros_components_description/share/ros_components_description/urdf/slamtec_rplidar_s1.urdf.xacro
[0.358s] -- Up-to-date symlink: /home/pan/ros2_ws/install/ros_components_description/share/ros_components_description/urdf/slamtec_rplidar_s2.urdf.xacro
[0.358s] -- Up-to-date symlink: /home/pan/ros2_ws/install/ros_components_description/share/ros_components_description/urdf/slamtec_rplidar_s3.urdf.xacro
[0.358s] -- Up-to-date symlink: /home/pan/ros2_ws/install/ros_components_description/share/ros_components_description/urdf/stereolabs_zed.urdf.xacro
[0.358s] -- Up-to-date symlink: /home/pan/ros2_ws/install/ros_components_description/share/ros_components_description/urdf/velodyne_puck.urdf.xacro
[0.358s] -- Up-to-date symlink: /home/pan/ros2_ws/install/ros_components_description/share/ros_components_description/environment/ros_components_description.sh
[0.358s] -- Up-to-date symlink: /home/pan/ros2_ws/install/ros_components_description/share/ament_index/resource_index/package_run_dependencies/ros_components_description
[0.358s] -- Up-to-date symlink: /home/pan/ros2_ws/install/ros_components_description/share/ament_index/resource_index/parent_prefix_path/ros_components_description
[0.358s] -- Up-to-date symlink: /home/pan/ros2_ws/install/ros_components_description/share/ros_components_description/environment/ament_prefix_path.sh
[0.359s] -- Up-to-date symlink: /home/pan/ros2_ws/install/ros_components_description/share/ros_components_description/environment/ament_prefix_path.dsv
[0.359s] -- Up-to-date symlink: /home/pan/ros2_ws/install/ros_components_description/share/ros_components_description/environment/path.sh
[0.359s] -- Up-to-date symlink: /home/pan/ros2_ws/install/ros_components_description/share/ros_components_description/environment/path.dsv
[0.359s] -- Up-to-date symlink: /home/pan/ros2_ws/install/ros_components_description/share/ros_components_description/local_setup.bash
[0.359s] -- Up-to-date symlink: /home/pan/ros2_ws/install/ros_components_description/share/ros_components_description/local_setup.sh
[0.359s] -- Up-to-date symlink: /home/pan/ros2_ws/install/ros_components_description/share/ros_components_description/local_setup.zsh
[0.359s] -- Up-to-date symlink: /home/pan/ros2_ws/install/ros_components_description/share/ros_components_description/local_setup.dsv
[0.359s] -- Symlinking: /home/pan/ros2_ws/install/ros_components_description/share/ros_components_description/package.dsv
[0.382s] -- Up-to-date symlink: /home/pan/ros2_ws/install/ros_components_description/share/ament_index/resource_index/packages/ros_components_description
[0.382s] -- Up-to-date symlink: /home/pan/ros2_ws/install/ros_components_description/share/ros_components_description/cmake/ros_components_descriptionConfig.cmake
[0.382s] -- Up-to-date symlink: /home/pan/ros2_ws/install/ros_components_description/share/ros_components_description/cmake/ros_components_descriptionConfig-version.cmake
[0.382s] -- Up-to-date symlink: /home/pan/ros2_ws/install/ros_components_description/share/ros_components_description/package.xml
[0.383s] Invoked command in '/home/pan/ros2_ws/build/ros_components_description' returned '0': CMAKE_PREFIX_PATH=/opt/ros/humble /usr/bin/cmake --install /home/pan/ros2_ws/build/ros_components_description
