[0.039s] Invoking command in '/home/pan/ros2_ws/build/turtlebot3_gazebo': CMAKE_PREFIX_PATH=/opt/ros/humble /usr/bin/cmake /home/pan/ros2_ws/src/turtlebot3_simulations/turtlebot3_gazebo -DAMENT_CMAKE_SYMLINK_INSTALL=1 -DCMAKE_INSTALL_PREFIX=/home/pan/ros2_ws/install/turtlebot3_gazebo
[0.186s] -- The C compiler identification is GNU 11.4.0
[0.342s] -- The CXX compiler identification is GNU 11.4.0
[0.352s] -- Detecting C compiler ABI info
[0.454s] -- Detecting C compiler ABI info - done
[0.464s] -- Check for working C compiler: /usr/bin/cc - skipped
[0.464s] -- Detecting C compile features
[0.465s] -- Detecting C compile features - done
[0.469s] -- Detecting CXX compiler ABI info
[0.595s] -- Detecting CXX compiler ABI info - done
[0.606s] -- Check for working CXX compiler: /usr/bin/c++ - skipped
[0.606s] -- Detecting CXX compile features
[0.606s] -- Detecting CXX compile features - done
[0.609s] -- Found ament_cmake: 1.3.11 (/opt/ros/humble/share/ament_cmake/cmake)
[0.767s] -- Found Python3: /usr/bin/python3 (found version "3.10.12") found components: Interpreter 
[0.837s] -- Override CMake install command with custom implementation using symlinks instead of copying resources
[0.888s] [31mCMake Error at CMakeLists.txt:23 (find_package):
[0.888s]   By not providing "Findgazebo.cmake" in CMAKE_MODULE_PATH this project has
[0.888s]   asked CMake to find a package configuration file provided by "gazebo", but
[0.888s]   CMake did not find one.
[0.888s] 
[0.888s]   Could not find a package configuration file provided by "gazebo" with any
[0.889s]   of the following names:
[0.889s] 
[0.889s]     gazeboConfig.cmake
[0.889s]     gazebo-config.cmake
[0.889s] 
[0.889s]   Add the installation prefix of "gazebo" to CMAKE_PREFIX_PATH or set
[0.889s]   "gazebo_DIR" to a directory containing one of the above files.  If "gazebo"
[0.889s]   provides a separate development package or SDK, be sure it has been
[0.889s]   installed.
[0.889s] 
[0.890s] [0m
[0.890s] -- Configuring incomplete, errors occurred!
[0.890s] See also "/home/pan/ros2_ws/build/turtlebot3_gazebo/CMakeFiles/CMakeOutput.log".
[0.896s] Invoked command in '/home/pan/ros2_ws/build/turtlebot3_gazebo' returned '1': CMAKE_PREFIX_PATH=/opt/ros/humble /usr/bin/cmake /home/pan/ros2_ws/src/turtlebot3_simulations/turtlebot3_gazebo -DAMENT_CMAKE_SYMLINK_INSTALL=1 -DCMAKE_INSTALL_PREFIX=/home/pan/ros2_ws/install/turtlebot3_gazebo
